[2021-11-17 21:23:09,644] {processor.py:163} INFO - Started process (PID=143) to work on /home/airflow/.local/lib/python3.7/site-packages/airflow/example_dags/example_latest_only.py
[2021-11-17 21:23:09,647] {processor.py:625} INFO - Processing file /home/airflow/.local/lib/python3.7/site-packages/airflow/example_dags/example_latest_only.py for tasks to queue
[2021-11-17 21:23:09,649] {logging_mixin.py:109} INFO - [2021-11-17 21:23:09,649] {dagbag.py:500} INFO - Filling up the DagBag from /home/airflow/.local/lib/python3.7/site-packages/airflow/example_dags/example_latest_only.py
[2021-11-17 21:23:09,686] {processor.py:637} INFO - DAG(s) dict_keys(['latest_only']) retrieved from /home/airflow/.local/lib/python3.7/site-packages/airflow/example_dags/example_latest_only.py
[2021-11-17 21:23:11,107] {logging_mixin.py:109} INFO - [2021-11-17 21:23:11,107] {providers_manager.py:156} WARNING - Exception when importing 'airflow.providers.google.leveldb.hooks.leveldb.LevelDBHook' from 'apache-airflow-providers-google' package: No module named 'plyvel'
[2021-11-17 21:23:11,492] {logging_mixin.py:109} INFO - [2021-11-17 21:23:11,492] {providers_manager.py:156} WARNING - Exception when importing 'airflow.providers.google.leveldb.hooks.leveldb.LevelDBHook' from 'apache-airflow-providers-google' package: No module named 'plyvel'
[2021-11-17 21:23:11,520] {logging_mixin.py:109} INFO - [2021-11-17 21:23:11,520] {manager.py:496} INFO - Created Permission View: can edit on DAG:latest_only
[2021-11-17 21:23:11,531] {logging_mixin.py:109} INFO - [2021-11-17 21:23:11,531] {manager.py:496} INFO - Created Permission View: can read on DAG:latest_only
[2021-11-17 21:23:11,532] {logging_mixin.py:109} INFO - [2021-11-17 21:23:11,532] {dag.py:2396} INFO - Sync 1 DAGs
[2021-11-17 21:23:11,539] {logging_mixin.py:109} INFO - [2021-11-17 21:23:11,539] {dag.py:2415} INFO - Creating ORM DAG for latest_only
[2021-11-17 21:23:11,551] {logging_mixin.py:109} INFO - [2021-11-17 21:23:11,551] {dag.py:2928} INFO - Setting next_dagrun for latest_only to 2021-11-17T17:23:11.550935+00:00
[2021-11-17 21:23:11,564] {processor.py:171} INFO - Processing /home/airflow/.local/lib/python3.7/site-packages/airflow/example_dags/example_latest_only.py took 1.924 seconds
[2021-11-17 21:23:42,317] {processor.py:163} INFO - Started process (PID=293) to work on /home/airflow/.local/lib/python3.7/site-packages/airflow/example_dags/example_latest_only.py
[2021-11-17 21:23:42,321] {processor.py:625} INFO - Processing file /home/airflow/.local/lib/python3.7/site-packages/airflow/example_dags/example_latest_only.py for tasks to queue
[2021-11-17 21:23:42,323] {logging_mixin.py:109} INFO - [2021-11-17 21:23:42,323] {dagbag.py:500} INFO - Filling up the DagBag from /home/airflow/.local/lib/python3.7/site-packages/airflow/example_dags/example_latest_only.py
[2021-11-17 21:23:42,413] {processor.py:637} INFO - DAG(s) dict_keys(['latest_only']) retrieved from /home/airflow/.local/lib/python3.7/site-packages/airflow/example_dags/example_latest_only.py
[2021-11-17 21:23:42,445] {logging_mixin.py:109} INFO - [2021-11-17 21:23:42,445] {dag.py:2396} INFO - Sync 1 DAGs
[2021-11-17 21:23:42,486] {logging_mixin.py:109} INFO - [2021-11-17 21:23:42,486] {dag.py:2928} INFO - Setting next_dagrun for latest_only to 2021-11-17T17:23:42.486009+00:00
[2021-11-17 21:23:42,512] {processor.py:171} INFO - Processing /home/airflow/.local/lib/python3.7/site-packages/airflow/example_dags/example_latest_only.py took 0.205 seconds
[2021-11-17 21:24:13,439] {processor.py:163} INFO - Started process (PID=347) to work on /home/airflow/.local/lib/python3.7/site-packages/airflow/example_dags/example_latest_only.py
[2021-11-17 21:24:13,442] {processor.py:625} INFO - Processing file /home/airflow/.local/lib/python3.7/site-packages/airflow/example_dags/example_latest_only.py for tasks to queue
[2021-11-17 21:24:13,445] {logging_mixin.py:109} INFO - [2021-11-17 21:24:13,445] {dagbag.py:500} INFO - Filling up the DagBag from /home/airflow/.local/lib/python3.7/site-packages/airflow/example_dags/example_latest_only.py
[2021-11-17 21:24:13,492] {processor.py:637} INFO - DAG(s) dict_keys(['latest_only']) retrieved from /home/airflow/.local/lib/python3.7/site-packages/airflow/example_dags/example_latest_only.py
[2021-11-17 21:24:13,510] {logging_mixin.py:109} INFO - [2021-11-17 21:24:13,510] {dag.py:2396} INFO - Sync 1 DAGs
[2021-11-17 21:24:13,536] {logging_mixin.py:109} INFO - [2021-11-17 21:24:13,536] {dag.py:2928} INFO - Setting next_dagrun for latest_only to 2021-11-17T17:24:13.536288+00:00
[2021-11-17 21:24:13,559] {processor.py:171} INFO - Processing /home/airflow/.local/lib/python3.7/site-packages/airflow/example_dags/example_latest_only.py took 0.126 seconds
[2021-11-17 21:24:43,967] {processor.py:163} INFO - Started process (PID=400) to work on /home/airflow/.local/lib/python3.7/site-packages/airflow/example_dags/example_latest_only.py
[2021-11-17 21:24:43,975] {processor.py:625} INFO - Processing file /home/airflow/.local/lib/python3.7/site-packages/airflow/example_dags/example_latest_only.py for tasks to queue
[2021-11-17 21:24:43,977] {logging_mixin.py:109} INFO - [2021-11-17 21:24:43,976] {dagbag.py:500} INFO - Filling up the DagBag from /home/airflow/.local/lib/python3.7/site-packages/airflow/example_dags/example_latest_only.py
[2021-11-17 21:24:44,014] {processor.py:637} INFO - DAG(s) dict_keys(['latest_only']) retrieved from /home/airflow/.local/lib/python3.7/site-packages/airflow/example_dags/example_latest_only.py
[2021-11-17 21:24:44,028] {logging_mixin.py:109} INFO - [2021-11-17 21:24:44,028] {dag.py:2396} INFO - Sync 1 DAGs
[2021-11-17 21:24:44,049] {logging_mixin.py:109} INFO - [2021-11-17 21:24:44,049] {dag.py:2928} INFO - Setting next_dagrun for latest_only to 2021-11-17T17:24:44.048757+00:00
[2021-11-17 21:24:44,063] {processor.py:171} INFO - Processing /home/airflow/.local/lib/python3.7/site-packages/airflow/example_dags/example_latest_only.py took 0.101 seconds
