[2021-11-17 21:23:04,268] {processor.py:163} INFO - Started process (PID=119) to work on /home/airflow/.local/lib/python3.7/site-packages/airflow/example_dags/example_skip_dag.py
[2021-11-17 21:23:04,271] {processor.py:625} INFO - Processing file /home/airflow/.local/lib/python3.7/site-packages/airflow/example_dags/example_skip_dag.py for tasks to queue
[2021-11-17 21:23:04,273] {logging_mixin.py:109} INFO - [2021-11-17 21:23:04,272] {dagbag.py:500} INFO - Filling up the DagBag from /home/airflow/.local/lib/python3.7/site-packages/airflow/example_dags/example_skip_dag.py
[2021-11-17 21:23:04,334] {processor.py:637} INFO - DAG(s) dict_keys(['example_skip_dag']) retrieved from /home/airflow/.local/lib/python3.7/site-packages/airflow/example_dags/example_skip_dag.py
[2021-11-17 21:23:06,868] {logging_mixin.py:109} INFO - [2021-11-17 21:23:06,868] {providers_manager.py:156} WARNING - Exception when importing 'airflow.providers.google.leveldb.hooks.leveldb.LevelDBHook' from 'apache-airflow-providers-google' package: No module named 'plyvel'
[2021-11-17 21:23:07,251] {logging_mixin.py:109} INFO - [2021-11-17 21:23:07,250] {providers_manager.py:156} WARNING - Exception when importing 'airflow.providers.google.leveldb.hooks.leveldb.LevelDBHook' from 'apache-airflow-providers-google' package: No module named 'plyvel'
[2021-11-17 21:23:07,274] {logging_mixin.py:109} INFO - [2021-11-17 21:23:07,274] {manager.py:496} INFO - Created Permission View: can edit on DAG:example_skip_dag
[2021-11-17 21:23:07,295] {logging_mixin.py:109} INFO - [2021-11-17 21:23:07,294] {manager.py:496} INFO - Created Permission View: can read on DAG:example_skip_dag
[2021-11-17 21:23:07,297] {logging_mixin.py:109} INFO - [2021-11-17 21:23:07,296] {dag.py:2396} INFO - Sync 1 DAGs
[2021-11-17 21:23:07,308] {logging_mixin.py:109} INFO - [2021-11-17 21:23:07,308] {dag.py:2415} INFO - Creating ORM DAG for example_skip_dag
[2021-11-17 21:23:07,321] {logging_mixin.py:109} INFO - [2021-11-17 21:23:07,321] {dag.py:2928} INFO - Setting next_dagrun for example_skip_dag to 2021-11-16T21:23:07.320969+00:00
[2021-11-17 21:23:07,342] {processor.py:171} INFO - Processing /home/airflow/.local/lib/python3.7/site-packages/airflow/example_dags/example_skip_dag.py took 3.078 seconds
[2021-11-17 21:23:37,989] {processor.py:163} INFO - Started process (PID=278) to work on /home/airflow/.local/lib/python3.7/site-packages/airflow/example_dags/example_skip_dag.py
[2021-11-17 21:23:37,992] {processor.py:625} INFO - Processing file /home/airflow/.local/lib/python3.7/site-packages/airflow/example_dags/example_skip_dag.py for tasks to queue
[2021-11-17 21:23:37,994] {logging_mixin.py:109} INFO - [2021-11-17 21:23:37,993] {dagbag.py:500} INFO - Filling up the DagBag from /home/airflow/.local/lib/python3.7/site-packages/airflow/example_dags/example_skip_dag.py
[2021-11-17 21:23:38,032] {processor.py:637} INFO - DAG(s) dict_keys(['example_skip_dag']) retrieved from /home/airflow/.local/lib/python3.7/site-packages/airflow/example_dags/example_skip_dag.py
[2021-11-17 21:23:38,047] {logging_mixin.py:109} INFO - [2021-11-17 21:23:38,046] {dag.py:2396} INFO - Sync 1 DAGs
[2021-11-17 21:23:38,068] {logging_mixin.py:109} INFO - [2021-11-17 21:23:38,067] {dag.py:2928} INFO - Setting next_dagrun for example_skip_dag to 2021-11-16T21:23:38.067464+00:00
[2021-11-17 21:23:38,081] {processor.py:171} INFO - Processing /home/airflow/.local/lib/python3.7/site-packages/airflow/example_dags/example_skip_dag.py took 0.097 seconds
[2021-11-17 21:24:08,248] {processor.py:163} INFO - Started process (PID=333) to work on /home/airflow/.local/lib/python3.7/site-packages/airflow/example_dags/example_skip_dag.py
[2021-11-17 21:24:08,249] {processor.py:625} INFO - Processing file /home/airflow/.local/lib/python3.7/site-packages/airflow/example_dags/example_skip_dag.py for tasks to queue
[2021-11-17 21:24:08,251] {logging_mixin.py:109} INFO - [2021-11-17 21:24:08,251] {dagbag.py:500} INFO - Filling up the DagBag from /home/airflow/.local/lib/python3.7/site-packages/airflow/example_dags/example_skip_dag.py
[2021-11-17 21:24:08,295] {processor.py:637} INFO - DAG(s) dict_keys(['example_skip_dag']) retrieved from /home/airflow/.local/lib/python3.7/site-packages/airflow/example_dags/example_skip_dag.py
[2021-11-17 21:24:08,312] {logging_mixin.py:109} INFO - [2021-11-17 21:24:08,311] {dag.py:2396} INFO - Sync 1 DAGs
[2021-11-17 21:24:08,335] {logging_mixin.py:109} INFO - [2021-11-17 21:24:08,335] {dag.py:2928} INFO - Setting next_dagrun for example_skip_dag to 2021-11-16T21:24:08.335355+00:00
[2021-11-17 21:24:08,350] {processor.py:171} INFO - Processing /home/airflow/.local/lib/python3.7/site-packages/airflow/example_dags/example_skip_dag.py took 0.106 seconds
[2021-11-17 21:24:38,655] {processor.py:163} INFO - Started process (PID=397) to work on /home/airflow/.local/lib/python3.7/site-packages/airflow/example_dags/example_skip_dag.py
[2021-11-17 21:24:38,658] {processor.py:625} INFO - Processing file /home/airflow/.local/lib/python3.7/site-packages/airflow/example_dags/example_skip_dag.py for tasks to queue
[2021-11-17 21:24:38,660] {logging_mixin.py:109} INFO - [2021-11-17 21:24:38,660] {dagbag.py:500} INFO - Filling up the DagBag from /home/airflow/.local/lib/python3.7/site-packages/airflow/example_dags/example_skip_dag.py
[2021-11-17 21:24:38,700] {processor.py:637} INFO - DAG(s) dict_keys(['example_skip_dag']) retrieved from /home/airflow/.local/lib/python3.7/site-packages/airflow/example_dags/example_skip_dag.py
[2021-11-17 21:24:38,719] {logging_mixin.py:109} INFO - [2021-11-17 21:24:38,719] {dag.py:2396} INFO - Sync 1 DAGs
[2021-11-17 21:24:38,745] {logging_mixin.py:109} INFO - [2021-11-17 21:24:38,745] {dag.py:2928} INFO - Setting next_dagrun for example_skip_dag to 2021-11-16T21:24:38.744772+00:00
[2021-11-17 21:24:38,766] {processor.py:171} INFO - Processing /home/airflow/.local/lib/python3.7/site-packages/airflow/example_dags/example_skip_dag.py took 0.117 seconds
[2021-11-17 21:25:09,119] {processor.py:163} INFO - Started process (PID=449) to work on /home/airflow/.local/lib/python3.7/site-packages/airflow/example_dags/example_skip_dag.py
[2021-11-17 21:25:09,126] {processor.py:625} INFO - Processing file /home/airflow/.local/lib/python3.7/site-packages/airflow/example_dags/example_skip_dag.py for tasks to queue
[2021-11-17 21:25:09,128] {logging_mixin.py:109} INFO - [2021-11-17 21:25:09,128] {dagbag.py:500} INFO - Filling up the DagBag from /home/airflow/.local/lib/python3.7/site-packages/airflow/example_dags/example_skip_dag.py
[2021-11-17 21:25:09,178] {processor.py:637} INFO - DAG(s) dict_keys(['example_skip_dag']) retrieved from /home/airflow/.local/lib/python3.7/site-packages/airflow/example_dags/example_skip_dag.py
[2021-11-17 21:25:09,194] {logging_mixin.py:109} INFO - [2021-11-17 21:25:09,194] {dag.py:2396} INFO - Sync 1 DAGs
[2021-11-17 21:25:09,217] {logging_mixin.py:109} INFO - [2021-11-17 21:25:09,217] {dag.py:2928} INFO - Setting next_dagrun for example_skip_dag to 2021-11-16T21:25:09.216705+00:00
[2021-11-17 21:25:09,236] {processor.py:171} INFO - Processing /home/airflow/.local/lib/python3.7/site-packages/airflow/example_dags/example_skip_dag.py took 0.121 seconds
