[2021-11-17 21:23:18,209] {processor.py:163} INFO - Started process (PID=202) to work on /home/airflow/.local/lib/python3.7/site-packages/airflow/example_dags/example_xcomargs.py
[2021-11-17 21:23:18,212] {processor.py:625} INFO - Processing file /home/airflow/.local/lib/python3.7/site-packages/airflow/example_dags/example_xcomargs.py for tasks to queue
[2021-11-17 21:23:18,214] {logging_mixin.py:109} INFO - [2021-11-17 21:23:18,214] {dagbag.py:500} INFO - Filling up the DagBag from /home/airflow/.local/lib/python3.7/site-packages/airflow/example_dags/example_xcomargs.py
[2021-11-17 21:23:18,261] {processor.py:637} INFO - DAG(s) dict_keys(['example_xcom_args', 'example_xcom_args_with_operators']) retrieved from /home/airflow/.local/lib/python3.7/site-packages/airflow/example_dags/example_xcomargs.py
[2021-11-17 21:23:19,839] {logging_mixin.py:109} INFO - [2021-11-17 21:23:19,839] {providers_manager.py:156} WARNING - Exception when importing 'airflow.providers.google.leveldb.hooks.leveldb.LevelDBHook' from 'apache-airflow-providers-google' package: No module named 'plyvel'
[2021-11-17 21:23:20,263] {logging_mixin.py:109} INFO - [2021-11-17 21:23:20,262] {providers_manager.py:156} WARNING - Exception when importing 'airflow.providers.google.leveldb.hooks.leveldb.LevelDBHook' from 'apache-airflow-providers-google' package: No module named 'plyvel'
[2021-11-17 21:23:20,293] {logging_mixin.py:109} INFO - [2021-11-17 21:23:20,293] {manager.py:496} INFO - Created Permission View: can edit on DAG:example_xcom_args
[2021-11-17 21:23:20,304] {logging_mixin.py:109} INFO - [2021-11-17 21:23:20,304] {manager.py:496} INFO - Created Permission View: can read on DAG:example_xcom_args
[2021-11-17 21:23:20,333] {logging_mixin.py:109} INFO - [2021-11-17 21:23:20,332] {manager.py:496} INFO - Created Permission View: can edit on DAG:example_xcom_args_with_operators
[2021-11-17 21:23:20,346] {logging_mixin.py:109} INFO - [2021-11-17 21:23:20,346] {manager.py:496} INFO - Created Permission View: can read on DAG:example_xcom_args_with_operators
[2021-11-17 21:23:20,347] {logging_mixin.py:109} INFO - [2021-11-17 21:23:20,347] {dag.py:2396} INFO - Sync 2 DAGs
[2021-11-17 21:23:20,360] {logging_mixin.py:109} INFO - [2021-11-17 21:23:20,359] {dag.py:2415} INFO - Creating ORM DAG for example_xcom_args_with_operators
[2021-11-17 21:23:20,361] {logging_mixin.py:109} INFO - [2021-11-17 21:23:20,361] {dag.py:2415} INFO - Creating ORM DAG for example_xcom_args
[2021-11-17 21:23:20,371] {logging_mixin.py:109} INFO - [2021-11-17 21:23:20,371] {dag.py:2928} INFO - Setting next_dagrun for example_xcom_args to None
[2021-11-17 21:23:20,372] {logging_mixin.py:109} INFO - [2021-11-17 21:23:20,372] {dag.py:2928} INFO - Setting next_dagrun for example_xcom_args_with_operators to None
[2021-11-17 21:23:20,389] {processor.py:171} INFO - Processing /home/airflow/.local/lib/python3.7/site-packages/airflow/example_dags/example_xcomargs.py took 2.183 seconds
[2021-11-17 21:23:51,144] {processor.py:163} INFO - Started process (PID=300) to work on /home/airflow/.local/lib/python3.7/site-packages/airflow/example_dags/example_xcomargs.py
[2021-11-17 21:23:51,150] {processor.py:625} INFO - Processing file /home/airflow/.local/lib/python3.7/site-packages/airflow/example_dags/example_xcomargs.py for tasks to queue
[2021-11-17 21:23:51,152] {logging_mixin.py:109} INFO - [2021-11-17 21:23:51,152] {dagbag.py:500} INFO - Filling up the DagBag from /home/airflow/.local/lib/python3.7/site-packages/airflow/example_dags/example_xcomargs.py
[2021-11-17 21:23:51,213] {processor.py:637} INFO - DAG(s) dict_keys(['example_xcom_args', 'example_xcom_args_with_operators']) retrieved from /home/airflow/.local/lib/python3.7/site-packages/airflow/example_dags/example_xcomargs.py
[2021-11-17 21:23:51,617] {logging_mixin.py:109} INFO - [2021-11-17 21:23:51,617] {dag.py:2396} INFO - Sync 2 DAGs
[2021-11-17 21:23:51,636] {logging_mixin.py:109} INFO - [2021-11-17 21:23:51,636] {dag.py:2928} INFO - Setting next_dagrun for example_xcom_args to None
[2021-11-17 21:23:51,637] {logging_mixin.py:109} INFO - [2021-11-17 21:23:51,637] {dag.py:2928} INFO - Setting next_dagrun for example_xcom_args_with_operators to None
[2021-11-17 21:23:51,658] {processor.py:171} INFO - Processing /home/airflow/.local/lib/python3.7/site-packages/airflow/example_dags/example_xcomargs.py took 0.522 seconds
[2021-11-17 21:24:22,657] {processor.py:163} INFO - Started process (PID=355) to work on /home/airflow/.local/lib/python3.7/site-packages/airflow/example_dags/example_xcomargs.py
[2021-11-17 21:24:22,659] {processor.py:625} INFO - Processing file /home/airflow/.local/lib/python3.7/site-packages/airflow/example_dags/example_xcomargs.py for tasks to queue
[2021-11-17 21:24:22,661] {logging_mixin.py:109} INFO - [2021-11-17 21:24:22,661] {dagbag.py:500} INFO - Filling up the DagBag from /home/airflow/.local/lib/python3.7/site-packages/airflow/example_dags/example_xcomargs.py
[2021-11-17 21:24:22,710] {processor.py:637} INFO - DAG(s) dict_keys(['example_xcom_args', 'example_xcom_args_with_operators']) retrieved from /home/airflow/.local/lib/python3.7/site-packages/airflow/example_dags/example_xcomargs.py
[2021-11-17 21:24:23,074] {logging_mixin.py:109} INFO - [2021-11-17 21:24:23,073] {dag.py:2396} INFO - Sync 2 DAGs
[2021-11-17 21:24:23,089] {logging_mixin.py:109} INFO - [2021-11-17 21:24:23,089] {dag.py:2928} INFO - Setting next_dagrun for example_xcom_args to None
[2021-11-17 21:24:23,090] {logging_mixin.py:109} INFO - [2021-11-17 21:24:23,090] {dag.py:2928} INFO - Setting next_dagrun for example_xcom_args_with_operators to None
[2021-11-17 21:24:23,108] {processor.py:171} INFO - Processing /home/airflow/.local/lib/python3.7/site-packages/airflow/example_dags/example_xcomargs.py took 0.455 seconds
[2021-11-17 21:24:53,156] {processor.py:163} INFO - Started process (PID=418) to work on /home/airflow/.local/lib/python3.7/site-packages/airflow/example_dags/example_xcomargs.py
[2021-11-17 21:24:53,164] {processor.py:625} INFO - Processing file /home/airflow/.local/lib/python3.7/site-packages/airflow/example_dags/example_xcomargs.py for tasks to queue
[2021-11-17 21:24:53,165] {logging_mixin.py:109} INFO - [2021-11-17 21:24:53,165] {dagbag.py:500} INFO - Filling up the DagBag from /home/airflow/.local/lib/python3.7/site-packages/airflow/example_dags/example_xcomargs.py
[2021-11-17 21:24:53,208] {processor.py:637} INFO - DAG(s) dict_keys(['example_xcom_args', 'example_xcom_args_with_operators']) retrieved from /home/airflow/.local/lib/python3.7/site-packages/airflow/example_dags/example_xcomargs.py
[2021-11-17 21:24:53,541] {logging_mixin.py:109} INFO - [2021-11-17 21:24:53,540] {dag.py:2396} INFO - Sync 2 DAGs
[2021-11-17 21:24:53,559] {logging_mixin.py:109} INFO - [2021-11-17 21:24:53,559] {dag.py:2928} INFO - Setting next_dagrun for example_xcom_args to None
[2021-11-17 21:24:53,560] {logging_mixin.py:109} INFO - [2021-11-17 21:24:53,560] {dag.py:2928} INFO - Setting next_dagrun for example_xcom_args_with_operators to None
[2021-11-17 21:24:53,577] {processor.py:171} INFO - Processing /home/airflow/.local/lib/python3.7/site-packages/airflow/example_dags/example_xcomargs.py took 0.425 seconds
