[2021-11-17 21:22:57,332] {processor.py:163} INFO - Started process (PID=84) to work on /home/airflow/.local/lib/python3.7/site-packages/airflow/example_dags/example_short_circuit_operator.py
[2021-11-17 21:22:57,350] {processor.py:625} INFO - Processing file /home/airflow/.local/lib/python3.7/site-packages/airflow/example_dags/example_short_circuit_operator.py for tasks to queue
[2021-11-17 21:22:57,358] {logging_mixin.py:109} INFO - [2021-11-17 21:22:57,356] {dagbag.py:500} INFO - Filling up the DagBag from /home/airflow/.local/lib/python3.7/site-packages/airflow/example_dags/example_short_circuit_operator.py
[2021-11-17 21:22:57,520] {processor.py:637} INFO - DAG(s) dict_keys(['example_short_circuit_operator']) retrieved from /home/airflow/.local/lib/python3.7/site-packages/airflow/example_dags/example_short_circuit_operator.py
[2021-11-17 21:23:00,029] {logging_mixin.py:109} INFO - [2021-11-17 21:23:00,029] {providers_manager.py:156} WARNING - Exception when importing 'airflow.providers.google.leveldb.hooks.leveldb.LevelDBHook' from 'apache-airflow-providers-google' package: No module named 'plyvel'
[2021-11-17 21:23:00,723] {logging_mixin.py:109} INFO - [2021-11-17 21:23:00,722] {providers_manager.py:156} WARNING - Exception when importing 'airflow.providers.google.leveldb.hooks.leveldb.LevelDBHook' from 'apache-airflow-providers-google' package: No module named 'plyvel'
[2021-11-17 21:23:00,761] {logging_mixin.py:109} INFO - [2021-11-17 21:23:00,761] {manager.py:496} INFO - Created Permission View: can edit on DAG:example_short_circuit_operator
[2021-11-17 21:23:00,777] {logging_mixin.py:109} INFO - [2021-11-17 21:23:00,777] {manager.py:496} INFO - Created Permission View: can read on DAG:example_short_circuit_operator
[2021-11-17 21:23:00,779] {logging_mixin.py:109} INFO - [2021-11-17 21:23:00,778] {dag.py:2396} INFO - Sync 1 DAGs
[2021-11-17 21:23:00,791] {logging_mixin.py:109} INFO - [2021-11-17 21:23:00,790] {dag.py:2415} INFO - Creating ORM DAG for example_short_circuit_operator
[2021-11-17 21:23:00,809] {logging_mixin.py:109} INFO - [2021-11-17 21:23:00,809] {dag.py:2928} INFO - Setting next_dagrun for example_short_circuit_operator to 2021-11-16T21:23:00.807268+00:00
[2021-11-17 21:23:00,837] {processor.py:171} INFO - Processing /home/airflow/.local/lib/python3.7/site-packages/airflow/example_dags/example_short_circuit_operator.py took 3.540 seconds
[2021-11-17 21:23:31,693] {processor.py:163} INFO - Started process (PID=273) to work on /home/airflow/.local/lib/python3.7/site-packages/airflow/example_dags/example_short_circuit_operator.py
[2021-11-17 21:23:31,695] {processor.py:625} INFO - Processing file /home/airflow/.local/lib/python3.7/site-packages/airflow/example_dags/example_short_circuit_operator.py for tasks to queue
[2021-11-17 21:23:31,696] {logging_mixin.py:109} INFO - [2021-11-17 21:23:31,696] {dagbag.py:500} INFO - Filling up the DagBag from /home/airflow/.local/lib/python3.7/site-packages/airflow/example_dags/example_short_circuit_operator.py
[2021-11-17 21:23:31,741] {processor.py:637} INFO - DAG(s) dict_keys(['example_short_circuit_operator']) retrieved from /home/airflow/.local/lib/python3.7/site-packages/airflow/example_dags/example_short_circuit_operator.py
[2021-11-17 21:23:31,756] {logging_mixin.py:109} INFO - [2021-11-17 21:23:31,755] {dag.py:2396} INFO - Sync 1 DAGs
[2021-11-17 21:23:31,779] {logging_mixin.py:109} INFO - [2021-11-17 21:23:31,779] {dag.py:2928} INFO - Setting next_dagrun for example_short_circuit_operator to 2021-11-16T21:23:31.778997+00:00
[2021-11-17 21:23:31,795] {processor.py:171} INFO - Processing /home/airflow/.local/lib/python3.7/site-packages/airflow/example_dags/example_short_circuit_operator.py took 0.109 seconds
[2021-11-17 21:24:02,011] {processor.py:163} INFO - Started process (PID=328) to work on /home/airflow/.local/lib/python3.7/site-packages/airflow/example_dags/example_short_circuit_operator.py
[2021-11-17 21:24:02,014] {processor.py:625} INFO - Processing file /home/airflow/.local/lib/python3.7/site-packages/airflow/example_dags/example_short_circuit_operator.py for tasks to queue
[2021-11-17 21:24:02,019] {logging_mixin.py:109} INFO - [2021-11-17 21:24:02,018] {dagbag.py:500} INFO - Filling up the DagBag from /home/airflow/.local/lib/python3.7/site-packages/airflow/example_dags/example_short_circuit_operator.py
[2021-11-17 21:24:02,083] {processor.py:637} INFO - DAG(s) dict_keys(['example_short_circuit_operator']) retrieved from /home/airflow/.local/lib/python3.7/site-packages/airflow/example_dags/example_short_circuit_operator.py
[2021-11-17 21:24:02,110] {logging_mixin.py:109} INFO - [2021-11-17 21:24:02,110] {dag.py:2396} INFO - Sync 1 DAGs
[2021-11-17 21:24:02,138] {logging_mixin.py:109} INFO - [2021-11-17 21:24:02,138] {dag.py:2928} INFO - Setting next_dagrun for example_short_circuit_operator to 2021-11-16T21:24:02.138088+00:00
[2021-11-17 21:24:02,160] {processor.py:171} INFO - Processing /home/airflow/.local/lib/python3.7/site-packages/airflow/example_dags/example_short_circuit_operator.py took 0.158 seconds
[2021-11-17 21:24:32,495] {processor.py:163} INFO - Started process (PID=382) to work on /home/airflow/.local/lib/python3.7/site-packages/airflow/example_dags/example_short_circuit_operator.py
[2021-11-17 21:24:32,498] {processor.py:625} INFO - Processing file /home/airflow/.local/lib/python3.7/site-packages/airflow/example_dags/example_short_circuit_operator.py for tasks to queue
[2021-11-17 21:24:32,500] {logging_mixin.py:109} INFO - [2021-11-17 21:24:32,500] {dagbag.py:500} INFO - Filling up the DagBag from /home/airflow/.local/lib/python3.7/site-packages/airflow/example_dags/example_short_circuit_operator.py
[2021-11-17 21:24:32,538] {processor.py:637} INFO - DAG(s) dict_keys(['example_short_circuit_operator']) retrieved from /home/airflow/.local/lib/python3.7/site-packages/airflow/example_dags/example_short_circuit_operator.py
[2021-11-17 21:24:32,551] {logging_mixin.py:109} INFO - [2021-11-17 21:24:32,551] {dag.py:2396} INFO - Sync 1 DAGs
[2021-11-17 21:24:32,573] {logging_mixin.py:109} INFO - [2021-11-17 21:24:32,573] {dag.py:2928} INFO - Setting next_dagrun for example_short_circuit_operator to 2021-11-16T21:24:32.573302+00:00
[2021-11-17 21:24:32,586] {processor.py:171} INFO - Processing /home/airflow/.local/lib/python3.7/site-packages/airflow/example_dags/example_short_circuit_operator.py took 0.101 seconds
[2021-11-17 21:25:02,938] {processor.py:163} INFO - Started process (PID=444) to work on /home/airflow/.local/lib/python3.7/site-packages/airflow/example_dags/example_short_circuit_operator.py
[2021-11-17 21:25:02,946] {processor.py:625} INFO - Processing file /home/airflow/.local/lib/python3.7/site-packages/airflow/example_dags/example_short_circuit_operator.py for tasks to queue
[2021-11-17 21:25:02,949] {logging_mixin.py:109} INFO - [2021-11-17 21:25:02,948] {dagbag.py:500} INFO - Filling up the DagBag from /home/airflow/.local/lib/python3.7/site-packages/airflow/example_dags/example_short_circuit_operator.py
[2021-11-17 21:25:02,986] {processor.py:637} INFO - DAG(s) dict_keys(['example_short_circuit_operator']) retrieved from /home/airflow/.local/lib/python3.7/site-packages/airflow/example_dags/example_short_circuit_operator.py
[2021-11-17 21:25:03,000] {logging_mixin.py:109} INFO - [2021-11-17 21:25:03,000] {dag.py:2396} INFO - Sync 1 DAGs
[2021-11-17 21:25:03,020] {logging_mixin.py:109} INFO - [2021-11-17 21:25:03,020] {dag.py:2928} INFO - Setting next_dagrun for example_short_circuit_operator to 2021-11-16T21:25:03.020197+00:00
[2021-11-17 21:25:03,036] {processor.py:171} INFO - Processing /home/airflow/.local/lib/python3.7/site-packages/airflow/example_dags/example_short_circuit_operator.py took 0.103 seconds
