[2021-11-17 21:22:46,170] {processor.py:163} INFO - Started process (PID=60) to work on /home/airflow/.local/lib/python3.7/site-packages/airflow/example_dags/example_nested_branch_dag.py
[2021-11-17 21:22:46,175] {processor.py:625} INFO - Processing file /home/airflow/.local/lib/python3.7/site-packages/airflow/example_dags/example_nested_branch_dag.py for tasks to queue
[2021-11-17 21:22:46,178] {logging_mixin.py:109} INFO - [2021-11-17 21:22:46,178] {dagbag.py:500} INFO - Filling up the DagBag from /home/airflow/.local/lib/python3.7/site-packages/airflow/example_dags/example_nested_branch_dag.py
[2021-11-17 21:22:46,322] {processor.py:637} INFO - DAG(s) dict_keys(['example_nested_branch_dag']) retrieved from /home/airflow/.local/lib/python3.7/site-packages/airflow/example_dags/example_nested_branch_dag.py
[2021-11-17 21:22:50,998] {logging_mixin.py:109} INFO - [2021-11-17 21:22:50,998] {providers_manager.py:156} WARNING - Exception when importing 'airflow.providers.google.leveldb.hooks.leveldb.LevelDBHook' from 'apache-airflow-providers-google' package: No module named 'plyvel'
[2021-11-17 21:22:52,059] {logging_mixin.py:109} INFO - [2021-11-17 21:22:52,058] {providers_manager.py:156} WARNING - Exception when importing 'airflow.providers.google.leveldb.hooks.leveldb.LevelDBHook' from 'apache-airflow-providers-google' package: No module named 'plyvel'
[2021-11-17 21:22:52,159] {logging_mixin.py:109} INFO - [2021-11-17 21:22:52,159] {manager.py:496} INFO - Created Permission View: can edit on DAG:example_nested_branch_dag
[2021-11-17 21:22:52,198] {logging_mixin.py:109} INFO - [2021-11-17 21:22:52,197] {manager.py:496} INFO - Created Permission View: can read on DAG:example_nested_branch_dag
[2021-11-17 21:22:52,211] {logging_mixin.py:109} INFO - [2021-11-17 21:22:52,210] {dag.py:2396} INFO - Sync 1 DAGs
[2021-11-17 21:22:52,230] {logging_mixin.py:109} INFO - [2021-11-17 21:22:52,230] {dag.py:2415} INFO - Creating ORM DAG for example_nested_branch_dag
[2021-11-17 21:22:52,252] {logging_mixin.py:109} INFO - [2021-11-17 21:22:52,252] {dag.py:2928} INFO - Setting next_dagrun for example_nested_branch_dag to 2021-11-16 00:00:00+00:00
[2021-11-17 21:22:52,284] {processor.py:171} INFO - Processing /home/airflow/.local/lib/python3.7/site-packages/airflow/example_dags/example_nested_branch_dag.py took 6.121 seconds
[2021-11-17 21:23:27,763] {processor.py:163} INFO - Started process (PID=260) to work on /home/airflow/.local/lib/python3.7/site-packages/airflow/example_dags/example_nested_branch_dag.py
[2021-11-17 21:23:27,765] {processor.py:625} INFO - Processing file /home/airflow/.local/lib/python3.7/site-packages/airflow/example_dags/example_nested_branch_dag.py for tasks to queue
[2021-11-17 21:23:27,767] {logging_mixin.py:109} INFO - [2021-11-17 21:23:27,767] {dagbag.py:500} INFO - Filling up the DagBag from /home/airflow/.local/lib/python3.7/site-packages/airflow/example_dags/example_nested_branch_dag.py
[2021-11-17 21:23:27,813] {processor.py:637} INFO - DAG(s) dict_keys(['example_nested_branch_dag']) retrieved from /home/airflow/.local/lib/python3.7/site-packages/airflow/example_dags/example_nested_branch_dag.py
[2021-11-17 21:23:27,828] {logging_mixin.py:109} INFO - [2021-11-17 21:23:27,828] {dag.py:2396} INFO - Sync 1 DAGs
[2021-11-17 21:23:27,850] {logging_mixin.py:109} INFO - [2021-11-17 21:23:27,850] {dag.py:2928} INFO - Setting next_dagrun for example_nested_branch_dag to 2021-11-16 00:00:00+00:00
[2021-11-17 21:23:27,864] {processor.py:171} INFO - Processing /home/airflow/.local/lib/python3.7/site-packages/airflow/example_dags/example_nested_branch_dag.py took 0.106 seconds
[2021-11-17 21:23:58,832] {processor.py:163} INFO - Started process (PID=323) to work on /home/airflow/.local/lib/python3.7/site-packages/airflow/example_dags/example_nested_branch_dag.py
[2021-11-17 21:23:58,837] {processor.py:625} INFO - Processing file /home/airflow/.local/lib/python3.7/site-packages/airflow/example_dags/example_nested_branch_dag.py for tasks to queue
[2021-11-17 21:23:58,840] {logging_mixin.py:109} INFO - [2021-11-17 21:23:58,840] {dagbag.py:500} INFO - Filling up the DagBag from /home/airflow/.local/lib/python3.7/site-packages/airflow/example_dags/example_nested_branch_dag.py
[2021-11-17 21:23:58,931] {processor.py:637} INFO - DAG(s) dict_keys(['example_nested_branch_dag']) retrieved from /home/airflow/.local/lib/python3.7/site-packages/airflow/example_dags/example_nested_branch_dag.py
[2021-11-17 21:23:58,967] {logging_mixin.py:109} INFO - [2021-11-17 21:23:58,966] {dag.py:2396} INFO - Sync 1 DAGs
[2021-11-17 21:23:59,010] {logging_mixin.py:109} INFO - [2021-11-17 21:23:59,009] {dag.py:2928} INFO - Setting next_dagrun for example_nested_branch_dag to 2021-11-16 00:00:00+00:00
[2021-11-17 21:23:59,035] {processor.py:171} INFO - Processing /home/airflow/.local/lib/python3.7/site-packages/airflow/example_dags/example_nested_branch_dag.py took 0.215 seconds
[2021-11-17 21:24:29,840] {processor.py:163} INFO - Started process (PID=377) to work on /home/airflow/.local/lib/python3.7/site-packages/airflow/example_dags/example_nested_branch_dag.py
[2021-11-17 21:24:29,843] {processor.py:625} INFO - Processing file /home/airflow/.local/lib/python3.7/site-packages/airflow/example_dags/example_nested_branch_dag.py for tasks to queue
[2021-11-17 21:24:29,845] {logging_mixin.py:109} INFO - [2021-11-17 21:24:29,845] {dagbag.py:500} INFO - Filling up the DagBag from /home/airflow/.local/lib/python3.7/site-packages/airflow/example_dags/example_nested_branch_dag.py
[2021-11-17 21:24:29,914] {processor.py:637} INFO - DAG(s) dict_keys(['example_nested_branch_dag']) retrieved from /home/airflow/.local/lib/python3.7/site-packages/airflow/example_dags/example_nested_branch_dag.py
[2021-11-17 21:24:29,932] {logging_mixin.py:109} INFO - [2021-11-17 21:24:29,932] {dag.py:2396} INFO - Sync 1 DAGs
[2021-11-17 21:24:29,969] {logging_mixin.py:109} INFO - [2021-11-17 21:24:29,969] {dag.py:2928} INFO - Setting next_dagrun for example_nested_branch_dag to 2021-11-16 00:00:00+00:00
[2021-11-17 21:24:30,008] {processor.py:171} INFO - Processing /home/airflow/.local/lib/python3.7/site-packages/airflow/example_dags/example_nested_branch_dag.py took 0.175 seconds
[2021-11-17 21:25:00,066] {processor.py:163} INFO - Started process (PID=428) to work on /home/airflow/.local/lib/python3.7/site-packages/airflow/example_dags/example_nested_branch_dag.py
[2021-11-17 21:25:00,074] {processor.py:625} INFO - Processing file /home/airflow/.local/lib/python3.7/site-packages/airflow/example_dags/example_nested_branch_dag.py for tasks to queue
[2021-11-17 21:25:00,075] {logging_mixin.py:109} INFO - [2021-11-17 21:25:00,075] {dagbag.py:500} INFO - Filling up the DagBag from /home/airflow/.local/lib/python3.7/site-packages/airflow/example_dags/example_nested_branch_dag.py
[2021-11-17 21:25:00,111] {processor.py:637} INFO - DAG(s) dict_keys(['example_nested_branch_dag']) retrieved from /home/airflow/.local/lib/python3.7/site-packages/airflow/example_dags/example_nested_branch_dag.py
[2021-11-17 21:25:00,126] {logging_mixin.py:109} INFO - [2021-11-17 21:25:00,126] {dag.py:2396} INFO - Sync 1 DAGs
[2021-11-17 21:25:00,148] {logging_mixin.py:109} INFO - [2021-11-17 21:25:00,148] {dag.py:2928} INFO - Setting next_dagrun for example_nested_branch_dag to 2021-11-16 00:00:00+00:00
[2021-11-17 21:25:00,163] {processor.py:171} INFO - Processing /home/airflow/.local/lib/python3.7/site-packages/airflow/example_dags/example_nested_branch_dag.py took 0.101 seconds
