[2021-11-17 21:23:14,021] {processor.py:163} INFO - Started process (PID=167) to work on /home/airflow/.local/lib/python3.7/site-packages/airflow/example_dags/example_external_task_marker_dag.py
[2021-11-17 21:23:14,024] {processor.py:625} INFO - Processing file /home/airflow/.local/lib/python3.7/site-packages/airflow/example_dags/example_external_task_marker_dag.py for tasks to queue
[2021-11-17 21:23:14,026] {logging_mixin.py:109} INFO - [2021-11-17 21:23:14,026] {dagbag.py:500} INFO - Filling up the DagBag from /home/airflow/.local/lib/python3.7/site-packages/airflow/example_dags/example_external_task_marker_dag.py
[2021-11-17 21:23:14,077] {processor.py:637} INFO - DAG(s) dict_keys(['example_external_task_marker_parent', 'example_external_task_marker_child']) retrieved from /home/airflow/.local/lib/python3.7/site-packages/airflow/example_dags/example_external_task_marker_dag.py
[2021-11-17 21:23:15,548] {logging_mixin.py:109} INFO - [2021-11-17 21:23:15,548] {providers_manager.py:156} WARNING - Exception when importing 'airflow.providers.google.leveldb.hooks.leveldb.LevelDBHook' from 'apache-airflow-providers-google' package: No module named 'plyvel'
[2021-11-17 21:23:15,909] {logging_mixin.py:109} INFO - [2021-11-17 21:23:15,908] {providers_manager.py:156} WARNING - Exception when importing 'airflow.providers.google.leveldb.hooks.leveldb.LevelDBHook' from 'apache-airflow-providers-google' package: No module named 'plyvel'
[2021-11-17 21:23:15,931] {logging_mixin.py:109} INFO - [2021-11-17 21:23:15,931] {manager.py:496} INFO - Created Permission View: can edit on DAG:example_external_task_marker_parent
[2021-11-17 21:23:15,941] {logging_mixin.py:109} INFO - [2021-11-17 21:23:15,941] {manager.py:496} INFO - Created Permission View: can read on DAG:example_external_task_marker_parent
[2021-11-17 21:23:15,961] {logging_mixin.py:109} INFO - [2021-11-17 21:23:15,961] {manager.py:496} INFO - Created Permission View: can edit on DAG:example_external_task_marker_child
[2021-11-17 21:23:15,972] {logging_mixin.py:109} INFO - [2021-11-17 21:23:15,972] {manager.py:496} INFO - Created Permission View: can read on DAG:example_external_task_marker_child
[2021-11-17 21:23:15,973] {logging_mixin.py:109} INFO - [2021-11-17 21:23:15,973] {dag.py:2396} INFO - Sync 2 DAGs
[2021-11-17 21:23:15,983] {logging_mixin.py:109} INFO - [2021-11-17 21:23:15,983] {dag.py:2415} INFO - Creating ORM DAG for example_external_task_marker_child
[2021-11-17 21:23:15,985] {logging_mixin.py:109} INFO - [2021-11-17 21:23:15,985] {dag.py:2415} INFO - Creating ORM DAG for example_external_task_marker_parent
[2021-11-17 21:23:15,999] {logging_mixin.py:109} INFO - [2021-11-17 21:23:15,999] {dag.py:2928} INFO - Setting next_dagrun for example_external_task_marker_child to None
[2021-11-17 21:23:16,000] {logging_mixin.py:109} INFO - [2021-11-17 21:23:16,000] {dag.py:2928} INFO - Setting next_dagrun for example_external_task_marker_parent to None
[2021-11-17 21:23:16,013] {processor.py:171} INFO - Processing /home/airflow/.local/lib/python3.7/site-packages/airflow/example_dags/example_external_task_marker_dag.py took 1.999 seconds
[2021-11-17 21:23:46,725] {processor.py:163} INFO - Started process (PID=297) to work on /home/airflow/.local/lib/python3.7/site-packages/airflow/example_dags/example_external_task_marker_dag.py
[2021-11-17 21:23:46,728] {processor.py:625} INFO - Processing file /home/airflow/.local/lib/python3.7/site-packages/airflow/example_dags/example_external_task_marker_dag.py for tasks to queue
[2021-11-17 21:23:46,730] {logging_mixin.py:109} INFO - [2021-11-17 21:23:46,730] {dagbag.py:500} INFO - Filling up the DagBag from /home/airflow/.local/lib/python3.7/site-packages/airflow/example_dags/example_external_task_marker_dag.py
[2021-11-17 21:23:46,768] {processor.py:637} INFO - DAG(s) dict_keys(['example_external_task_marker_parent', 'example_external_task_marker_child']) retrieved from /home/airflow/.local/lib/python3.7/site-packages/airflow/example_dags/example_external_task_marker_dag.py
[2021-11-17 21:23:46,791] {logging_mixin.py:109} INFO - [2021-11-17 21:23:46,791] {dag.py:2396} INFO - Sync 2 DAGs
[2021-11-17 21:23:46,828] {logging_mixin.py:109} INFO - [2021-11-17 21:23:46,827] {dag.py:2928} INFO - Setting next_dagrun for example_external_task_marker_child to None
[2021-11-17 21:23:46,830] {logging_mixin.py:109} INFO - [2021-11-17 21:23:46,830] {dag.py:2928} INFO - Setting next_dagrun for example_external_task_marker_parent to None
[2021-11-17 21:23:46,866] {processor.py:171} INFO - Processing /home/airflow/.local/lib/python3.7/site-packages/airflow/example_dags/example_external_task_marker_dag.py took 0.145 seconds
[2021-11-17 21:24:17,343] {processor.py:163} INFO - Started process (PID=351) to work on /home/airflow/.local/lib/python3.7/site-packages/airflow/example_dags/example_external_task_marker_dag.py
[2021-11-17 21:24:17,346] {processor.py:625} INFO - Processing file /home/airflow/.local/lib/python3.7/site-packages/airflow/example_dags/example_external_task_marker_dag.py for tasks to queue
[2021-11-17 21:24:17,348] {logging_mixin.py:109} INFO - [2021-11-17 21:24:17,348] {dagbag.py:500} INFO - Filling up the DagBag from /home/airflow/.local/lib/python3.7/site-packages/airflow/example_dags/example_external_task_marker_dag.py
[2021-11-17 21:24:17,396] {processor.py:637} INFO - DAG(s) dict_keys(['example_external_task_marker_parent', 'example_external_task_marker_child']) retrieved from /home/airflow/.local/lib/python3.7/site-packages/airflow/example_dags/example_external_task_marker_dag.py
[2021-11-17 21:24:17,420] {logging_mixin.py:109} INFO - [2021-11-17 21:24:17,420] {dag.py:2396} INFO - Sync 2 DAGs
[2021-11-17 21:24:17,443] {logging_mixin.py:109} INFO - [2021-11-17 21:24:17,443] {dag.py:2928} INFO - Setting next_dagrun for example_external_task_marker_child to None
[2021-11-17 21:24:17,445] {logging_mixin.py:109} INFO - [2021-11-17 21:24:17,445] {dag.py:2928} INFO - Setting next_dagrun for example_external_task_marker_parent to None
[2021-11-17 21:24:17,461] {processor.py:171} INFO - Processing /home/airflow/.local/lib/python3.7/site-packages/airflow/example_dags/example_external_task_marker_dag.py took 0.124 seconds
[2021-11-17 21:24:47,750] {processor.py:163} INFO - Started process (PID=405) to work on /home/airflow/.local/lib/python3.7/site-packages/airflow/example_dags/example_external_task_marker_dag.py
[2021-11-17 21:24:47,753] {processor.py:625} INFO - Processing file /home/airflow/.local/lib/python3.7/site-packages/airflow/example_dags/example_external_task_marker_dag.py for tasks to queue
[2021-11-17 21:24:47,754] {logging_mixin.py:109} INFO - [2021-11-17 21:24:47,754] {dagbag.py:500} INFO - Filling up the DagBag from /home/airflow/.local/lib/python3.7/site-packages/airflow/example_dags/example_external_task_marker_dag.py
[2021-11-17 21:24:47,788] {processor.py:637} INFO - DAG(s) dict_keys(['example_external_task_marker_parent', 'example_external_task_marker_child']) retrieved from /home/airflow/.local/lib/python3.7/site-packages/airflow/example_dags/example_external_task_marker_dag.py
[2021-11-17 21:24:47,806] {logging_mixin.py:109} INFO - [2021-11-17 21:24:47,806] {dag.py:2396} INFO - Sync 2 DAGs
[2021-11-17 21:24:47,828] {logging_mixin.py:109} INFO - [2021-11-17 21:24:47,828] {dag.py:2928} INFO - Setting next_dagrun for example_external_task_marker_child to None
[2021-11-17 21:24:47,829] {logging_mixin.py:109} INFO - [2021-11-17 21:24:47,829] {dag.py:2928} INFO - Setting next_dagrun for example_external_task_marker_parent to None
[2021-11-17 21:24:47,844] {processor.py:171} INFO - Processing /home/airflow/.local/lib/python3.7/site-packages/airflow/example_dags/example_external_task_marker_dag.py took 0.097 seconds
