[2021-11-17 21:22:52,365] {processor.py:163} INFO - Started process (PID=73) to work on /home/airflow/.local/lib/python3.7/site-packages/airflow/example_dags/example_dag_decorator.py
[2021-11-17 21:22:52,371] {processor.py:625} INFO - Processing file /home/airflow/.local/lib/python3.7/site-packages/airflow/example_dags/example_dag_decorator.py for tasks to queue
[2021-11-17 21:22:52,374] {logging_mixin.py:109} INFO - [2021-11-17 21:22:52,374] {dagbag.py:500} INFO - Filling up the DagBag from /home/airflow/.local/lib/python3.7/site-packages/airflow/example_dags/example_dag_decorator.py
[2021-11-17 21:22:52,549] {processor.py:637} INFO - DAG(s) dict_keys(['example_dag_decorator']) retrieved from /home/airflow/.local/lib/python3.7/site-packages/airflow/example_dags/example_dag_decorator.py
[2021-11-17 21:22:56,337] {logging_mixin.py:109} INFO - [2021-11-17 21:22:56,337] {providers_manager.py:156} WARNING - Exception when importing 'airflow.providers.google.leveldb.hooks.leveldb.LevelDBHook' from 'apache-airflow-providers-google' package: No module named 'plyvel'
[2021-11-17 21:22:56,986] {logging_mixin.py:109} INFO - [2021-11-17 21:22:56,985] {providers_manager.py:156} WARNING - Exception when importing 'airflow.providers.google.leveldb.hooks.leveldb.LevelDBHook' from 'apache-airflow-providers-google' package: No module named 'plyvel'
[2021-11-17 21:22:57,030] {logging_mixin.py:109} INFO - [2021-11-17 21:22:57,030] {manager.py:496} INFO - Created Permission View: can edit on DAG:example_dag_decorator
[2021-11-17 21:22:57,049] {logging_mixin.py:109} INFO - [2021-11-17 21:22:57,049] {manager.py:496} INFO - Created Permission View: can read on DAG:example_dag_decorator
[2021-11-17 21:22:57,054] {logging_mixin.py:109} INFO - [2021-11-17 21:22:57,054] {dag.py:2396} INFO - Sync 1 DAGs
[2021-11-17 21:22:57,084] {logging_mixin.py:109} INFO - [2021-11-17 21:22:57,084] {dag.py:2415} INFO - Creating ORM DAG for example_dag_decorator
[2021-11-17 21:22:57,106] {logging_mixin.py:109} INFO - [2021-11-17 21:22:57,105] {dag.py:2928} INFO - Setting next_dagrun for example_dag_decorator to None
[2021-11-17 21:22:57,131] {processor.py:171} INFO - Processing /home/airflow/.local/lib/python3.7/site-packages/airflow/example_dags/example_dag_decorator.py took 4.796 seconds
[2021-11-17 21:23:28,167] {processor.py:163} INFO - Started process (PID=263) to work on /home/airflow/.local/lib/python3.7/site-packages/airflow/example_dags/example_dag_decorator.py
[2021-11-17 21:23:28,170] {processor.py:625} INFO - Processing file /home/airflow/.local/lib/python3.7/site-packages/airflow/example_dags/example_dag_decorator.py for tasks to queue
[2021-11-17 21:23:28,172] {logging_mixin.py:109} INFO - [2021-11-17 21:23:28,172] {dagbag.py:500} INFO - Filling up the DagBag from /home/airflow/.local/lib/python3.7/site-packages/airflow/example_dags/example_dag_decorator.py
[2021-11-17 21:23:28,228] {processor.py:637} INFO - DAG(s) dict_keys(['example_dag_decorator']) retrieved from /home/airflow/.local/lib/python3.7/site-packages/airflow/example_dags/example_dag_decorator.py
[2021-11-17 21:23:28,588] {logging_mixin.py:109} INFO - [2021-11-17 21:23:28,588] {dag.py:2396} INFO - Sync 1 DAGs
[2021-11-17 21:23:28,610] {logging_mixin.py:109} INFO - [2021-11-17 21:23:28,609] {dag.py:2928} INFO - Setting next_dagrun for example_dag_decorator to None
[2021-11-17 21:23:28,626] {processor.py:171} INFO - Processing /home/airflow/.local/lib/python3.7/site-packages/airflow/example_dags/example_dag_decorator.py took 0.464 seconds
[2021-11-17 21:23:59,763] {processor.py:163} INFO - Started process (PID=326) to work on /home/airflow/.local/lib/python3.7/site-packages/airflow/example_dags/example_dag_decorator.py
[2021-11-17 21:23:59,767] {processor.py:625} INFO - Processing file /home/airflow/.local/lib/python3.7/site-packages/airflow/example_dags/example_dag_decorator.py for tasks to queue
[2021-11-17 21:23:59,770] {logging_mixin.py:109} INFO - [2021-11-17 21:23:59,770] {dagbag.py:500} INFO - Filling up the DagBag from /home/airflow/.local/lib/python3.7/site-packages/airflow/example_dags/example_dag_decorator.py
[2021-11-17 21:23:59,860] {processor.py:637} INFO - DAG(s) dict_keys(['example_dag_decorator']) retrieved from /home/airflow/.local/lib/python3.7/site-packages/airflow/example_dags/example_dag_decorator.py
[2021-11-17 21:24:00,476] {logging_mixin.py:109} INFO - [2021-11-17 21:24:00,475] {dag.py:2396} INFO - Sync 1 DAGs
[2021-11-17 21:24:00,509] {logging_mixin.py:109} INFO - [2021-11-17 21:24:00,509] {dag.py:2928} INFO - Setting next_dagrun for example_dag_decorator to None
[2021-11-17 21:24:00,541] {processor.py:171} INFO - Processing /home/airflow/.local/lib/python3.7/site-packages/airflow/example_dags/example_dag_decorator.py took 0.786 seconds
[2021-11-17 21:24:31,398] {processor.py:163} INFO - Started process (PID=381) to work on /home/airflow/.local/lib/python3.7/site-packages/airflow/example_dags/example_dag_decorator.py
[2021-11-17 21:24:31,401] {processor.py:625} INFO - Processing file /home/airflow/.local/lib/python3.7/site-packages/airflow/example_dags/example_dag_decorator.py for tasks to queue
[2021-11-17 21:24:31,403] {logging_mixin.py:109} INFO - [2021-11-17 21:24:31,403] {dagbag.py:500} INFO - Filling up the DagBag from /home/airflow/.local/lib/python3.7/site-packages/airflow/example_dags/example_dag_decorator.py
[2021-11-17 21:24:31,466] {processor.py:637} INFO - DAG(s) dict_keys(['example_dag_decorator']) retrieved from /home/airflow/.local/lib/python3.7/site-packages/airflow/example_dags/example_dag_decorator.py
[2021-11-17 21:24:31,812] {logging_mixin.py:109} INFO - [2021-11-17 21:24:31,812] {dag.py:2396} INFO - Sync 1 DAGs
[2021-11-17 21:24:31,827] {logging_mixin.py:109} INFO - [2021-11-17 21:24:31,827] {dag.py:2928} INFO - Setting next_dagrun for example_dag_decorator to None
[2021-11-17 21:24:31,839] {processor.py:171} INFO - Processing /home/airflow/.local/lib/python3.7/site-packages/airflow/example_dags/example_dag_decorator.py took 0.447 seconds
[2021-11-17 21:25:01,931] {processor.py:163} INFO - Started process (PID=441) to work on /home/airflow/.local/lib/python3.7/site-packages/airflow/example_dags/example_dag_decorator.py
[2021-11-17 21:25:01,936] {processor.py:625} INFO - Processing file /home/airflow/.local/lib/python3.7/site-packages/airflow/example_dags/example_dag_decorator.py for tasks to queue
[2021-11-17 21:25:01,938] {logging_mixin.py:109} INFO - [2021-11-17 21:25:01,938] {dagbag.py:500} INFO - Filling up the DagBag from /home/airflow/.local/lib/python3.7/site-packages/airflow/example_dags/example_dag_decorator.py
[2021-11-17 21:25:01,983] {processor.py:637} INFO - DAG(s) dict_keys(['example_dag_decorator']) retrieved from /home/airflow/.local/lib/python3.7/site-packages/airflow/example_dags/example_dag_decorator.py
[2021-11-17 21:25:02,293] {logging_mixin.py:109} INFO - [2021-11-17 21:25:02,293] {dag.py:2396} INFO - Sync 1 DAGs
[2021-11-17 21:25:02,310] {logging_mixin.py:109} INFO - [2021-11-17 21:25:02,310] {dag.py:2928} INFO - Setting next_dagrun for example_dag_decorator to None
[2021-11-17 21:25:02,324] {processor.py:171} INFO - Processing /home/airflow/.local/lib/python3.7/site-packages/airflow/example_dags/example_dag_decorator.py took 0.398 seconds
