[2021-11-17 21:23:04,258] {processor.py:163} INFO - Started process (PID=118) to work on /home/airflow/.local/lib/python3.7/site-packages/airflow/example_dags/example_latest_only_with_trigger.py
[2021-11-17 21:23:04,261] {processor.py:625} INFO - Processing file /home/airflow/.local/lib/python3.7/site-packages/airflow/example_dags/example_latest_only_with_trigger.py for tasks to queue
[2021-11-17 21:23:04,264] {logging_mixin.py:109} INFO - [2021-11-17 21:23:04,264] {dagbag.py:500} INFO - Filling up the DagBag from /home/airflow/.local/lib/python3.7/site-packages/airflow/example_dags/example_latest_only_with_trigger.py
[2021-11-17 21:23:04,334] {processor.py:637} INFO - DAG(s) dict_keys(['latest_only_with_trigger']) retrieved from /home/airflow/.local/lib/python3.7/site-packages/airflow/example_dags/example_latest_only_with_trigger.py
[2021-11-17 21:23:06,869] {logging_mixin.py:109} INFO - [2021-11-17 21:23:06,869] {providers_manager.py:156} WARNING - Exception when importing 'airflow.providers.google.leveldb.hooks.leveldb.LevelDBHook' from 'apache-airflow-providers-google' package: No module named 'plyvel'
[2021-11-17 21:23:07,250] {logging_mixin.py:109} INFO - [2021-11-17 21:23:07,249] {providers_manager.py:156} WARNING - Exception when importing 'airflow.providers.google.leveldb.hooks.leveldb.LevelDBHook' from 'apache-airflow-providers-google' package: No module named 'plyvel'
[2021-11-17 21:23:07,277] {logging_mixin.py:109} INFO - [2021-11-17 21:23:07,277] {manager.py:496} INFO - Created Permission View: can edit on DAG:latest_only_with_trigger
[2021-11-17 21:23:07,301] {logging_mixin.py:109} INFO - [2021-11-17 21:23:07,301] {manager.py:496} INFO - Created Permission View: can read on DAG:latest_only_with_trigger
[2021-11-17 21:23:07,303] {logging_mixin.py:109} INFO - [2021-11-17 21:23:07,302] {dag.py:2396} INFO - Sync 1 DAGs
[2021-11-17 21:23:07,315] {logging_mixin.py:109} INFO - [2021-11-17 21:23:07,314] {dag.py:2415} INFO - Creating ORM DAG for latest_only_with_trigger
[2021-11-17 21:23:07,331] {logging_mixin.py:109} INFO - [2021-11-17 21:23:07,331] {dag.py:2928} INFO - Setting next_dagrun for latest_only_with_trigger to 2021-11-17T17:23:07.331281+00:00
[2021-11-17 21:23:07,351] {processor.py:171} INFO - Processing /home/airflow/.local/lib/python3.7/site-packages/airflow/example_dags/example_latest_only_with_trigger.py took 3.109 seconds
[2021-11-17 21:23:37,982] {processor.py:163} INFO - Started process (PID=277) to work on /home/airflow/.local/lib/python3.7/site-packages/airflow/example_dags/example_latest_only_with_trigger.py
[2021-11-17 21:23:37,985] {processor.py:625} INFO - Processing file /home/airflow/.local/lib/python3.7/site-packages/airflow/example_dags/example_latest_only_with_trigger.py for tasks to queue
[2021-11-17 21:23:37,987] {logging_mixin.py:109} INFO - [2021-11-17 21:23:37,986] {dagbag.py:500} INFO - Filling up the DagBag from /home/airflow/.local/lib/python3.7/site-packages/airflow/example_dags/example_latest_only_with_trigger.py
[2021-11-17 21:23:38,026] {processor.py:637} INFO - DAG(s) dict_keys(['latest_only_with_trigger']) retrieved from /home/airflow/.local/lib/python3.7/site-packages/airflow/example_dags/example_latest_only_with_trigger.py
[2021-11-17 21:23:38,042] {logging_mixin.py:109} INFO - [2021-11-17 21:23:38,041] {dag.py:2396} INFO - Sync 1 DAGs
[2021-11-17 21:23:38,063] {logging_mixin.py:109} INFO - [2021-11-17 21:23:38,063] {dag.py:2928} INFO - Setting next_dagrun for latest_only_with_trigger to 2021-11-17T17:23:38.062861+00:00
[2021-11-17 21:23:38,079] {processor.py:171} INFO - Processing /home/airflow/.local/lib/python3.7/site-packages/airflow/example_dags/example_latest_only_with_trigger.py took 0.102 seconds
[2021-11-17 21:24:08,247] {processor.py:163} INFO - Started process (PID=332) to work on /home/airflow/.local/lib/python3.7/site-packages/airflow/example_dags/example_latest_only_with_trigger.py
[2021-11-17 21:24:08,249] {processor.py:625} INFO - Processing file /home/airflow/.local/lib/python3.7/site-packages/airflow/example_dags/example_latest_only_with_trigger.py for tasks to queue
[2021-11-17 21:24:08,253] {logging_mixin.py:109} INFO - [2021-11-17 21:24:08,253] {dagbag.py:500} INFO - Filling up the DagBag from /home/airflow/.local/lib/python3.7/site-packages/airflow/example_dags/example_latest_only_with_trigger.py
[2021-11-17 21:24:08,293] {processor.py:637} INFO - DAG(s) dict_keys(['latest_only_with_trigger']) retrieved from /home/airflow/.local/lib/python3.7/site-packages/airflow/example_dags/example_latest_only_with_trigger.py
[2021-11-17 21:24:08,309] {logging_mixin.py:109} INFO - [2021-11-17 21:24:08,309] {dag.py:2396} INFO - Sync 1 DAGs
[2021-11-17 21:24:08,332] {logging_mixin.py:109} INFO - [2021-11-17 21:24:08,332] {dag.py:2928} INFO - Setting next_dagrun for latest_only_with_trigger to 2021-11-17T17:24:08.332059+00:00
[2021-11-17 21:24:08,350] {processor.py:171} INFO - Processing /home/airflow/.local/lib/python3.7/site-packages/airflow/example_dags/example_latest_only_with_trigger.py took 0.108 seconds
[2021-11-17 21:24:38,652] {processor.py:163} INFO - Started process (PID=396) to work on /home/airflow/.local/lib/python3.7/site-packages/airflow/example_dags/example_latest_only_with_trigger.py
[2021-11-17 21:24:38,656] {processor.py:625} INFO - Processing file /home/airflow/.local/lib/python3.7/site-packages/airflow/example_dags/example_latest_only_with_trigger.py for tasks to queue
[2021-11-17 21:24:38,658] {logging_mixin.py:109} INFO - [2021-11-17 21:24:38,658] {dagbag.py:500} INFO - Filling up the DagBag from /home/airflow/.local/lib/python3.7/site-packages/airflow/example_dags/example_latest_only_with_trigger.py
[2021-11-17 21:24:38,700] {processor.py:637} INFO - DAG(s) dict_keys(['latest_only_with_trigger']) retrieved from /home/airflow/.local/lib/python3.7/site-packages/airflow/example_dags/example_latest_only_with_trigger.py
[2021-11-17 21:24:38,716] {logging_mixin.py:109} INFO - [2021-11-17 21:24:38,716] {dag.py:2396} INFO - Sync 1 DAGs
[2021-11-17 21:24:38,741] {logging_mixin.py:109} INFO - [2021-11-17 21:24:38,741] {dag.py:2928} INFO - Setting next_dagrun for latest_only_with_trigger to 2021-11-17T17:24:38.740574+00:00
[2021-11-17 21:24:38,758] {processor.py:171} INFO - Processing /home/airflow/.local/lib/python3.7/site-packages/airflow/example_dags/example_latest_only_with_trigger.py took 0.112 seconds
[2021-11-17 21:25:09,118] {processor.py:163} INFO - Started process (PID=448) to work on /home/airflow/.local/lib/python3.7/site-packages/airflow/example_dags/example_latest_only_with_trigger.py
[2021-11-17 21:25:09,128] {processor.py:625} INFO - Processing file /home/airflow/.local/lib/python3.7/site-packages/airflow/example_dags/example_latest_only_with_trigger.py for tasks to queue
[2021-11-17 21:25:09,130] {logging_mixin.py:109} INFO - [2021-11-17 21:25:09,130] {dagbag.py:500} INFO - Filling up the DagBag from /home/airflow/.local/lib/python3.7/site-packages/airflow/example_dags/example_latest_only_with_trigger.py
[2021-11-17 21:25:09,183] {processor.py:637} INFO - DAG(s) dict_keys(['latest_only_with_trigger']) retrieved from /home/airflow/.local/lib/python3.7/site-packages/airflow/example_dags/example_latest_only_with_trigger.py
[2021-11-17 21:25:09,206] {logging_mixin.py:109} INFO - [2021-11-17 21:25:09,206] {dag.py:2396} INFO - Sync 1 DAGs
[2021-11-17 21:25:09,235] {logging_mixin.py:109} INFO - [2021-11-17 21:25:09,234] {dag.py:2928} INFO - Setting next_dagrun for latest_only_with_trigger to 2021-11-17T17:25:09.234310+00:00
[2021-11-17 21:25:09,256] {processor.py:171} INFO - Processing /home/airflow/.local/lib/python3.7/site-packages/airflow/example_dags/example_latest_only_with_trigger.py took 0.144 seconds
