[2021-11-17 21:23:16,085] {processor.py:163} INFO - Started process (PID=179) to work on /home/airflow/.local/lib/python3.7/site-packages/airflow/example_dags/example_python_operator.py
[2021-11-17 21:23:16,088] {processor.py:625} INFO - Processing file /home/airflow/.local/lib/python3.7/site-packages/airflow/example_dags/example_python_operator.py for tasks to queue
[2021-11-17 21:23:16,091] {logging_mixin.py:109} INFO - [2021-11-17 21:23:16,090] {dagbag.py:500} INFO - Filling up the DagBag from /home/airflow/.local/lib/python3.7/site-packages/airflow/example_dags/example_python_operator.py
[2021-11-17 21:23:16,136] {processor.py:637} INFO - DAG(s) dict_keys(['example_python_operator']) retrieved from /home/airflow/.local/lib/python3.7/site-packages/airflow/example_dags/example_python_operator.py
[2021-11-17 21:23:17,802] {logging_mixin.py:109} INFO - [2021-11-17 21:23:17,802] {providers_manager.py:156} WARNING - Exception when importing 'airflow.providers.google.leveldb.hooks.leveldb.LevelDBHook' from 'apache-airflow-providers-google' package: No module named 'plyvel'
[2021-11-17 21:23:18,305] {logging_mixin.py:109} INFO - [2021-11-17 21:23:18,304] {providers_manager.py:156} WARNING - Exception when importing 'airflow.providers.google.leveldb.hooks.leveldb.LevelDBHook' from 'apache-airflow-providers-google' package: No module named 'plyvel'
[2021-11-17 21:23:18,330] {logging_mixin.py:109} INFO - [2021-11-17 21:23:18,330] {manager.py:496} INFO - Created Permission View: can edit on DAG:example_python_operator
[2021-11-17 21:23:18,342] {logging_mixin.py:109} INFO - [2021-11-17 21:23:18,342] {manager.py:496} INFO - Created Permission View: can read on DAG:example_python_operator
[2021-11-17 21:23:18,343] {logging_mixin.py:109} INFO - [2021-11-17 21:23:18,343] {dag.py:2396} INFO - Sync 1 DAGs
[2021-11-17 21:23:18,355] {logging_mixin.py:109} INFO - [2021-11-17 21:23:18,355] {dag.py:2415} INFO - Creating ORM DAG for example_python_operator
[2021-11-17 21:23:18,366] {logging_mixin.py:109} INFO - [2021-11-17 21:23:18,365] {dag.py:2928} INFO - Setting next_dagrun for example_python_operator to None
[2021-11-17 21:23:18,386] {processor.py:171} INFO - Processing /home/airflow/.local/lib/python3.7/site-packages/airflow/example_dags/example_python_operator.py took 2.309 seconds
[2021-11-17 21:23:48,907] {processor.py:163} INFO - Started process (PID=299) to work on /home/airflow/.local/lib/python3.7/site-packages/airflow/example_dags/example_python_operator.py
[2021-11-17 21:23:48,909] {processor.py:625} INFO - Processing file /home/airflow/.local/lib/python3.7/site-packages/airflow/example_dags/example_python_operator.py for tasks to queue
[2021-11-17 21:23:48,910] {logging_mixin.py:109} INFO - [2021-11-17 21:23:48,910] {dagbag.py:500} INFO - Filling up the DagBag from /home/airflow/.local/lib/python3.7/site-packages/airflow/example_dags/example_python_operator.py
[2021-11-17 21:23:48,967] {processor.py:637} INFO - DAG(s) dict_keys(['example_python_operator']) retrieved from /home/airflow/.local/lib/python3.7/site-packages/airflow/example_dags/example_python_operator.py
[2021-11-17 21:23:48,987] {logging_mixin.py:109} INFO - [2021-11-17 21:23:48,987] {dag.py:2396} INFO - Sync 1 DAGs
[2021-11-17 21:23:49,051] {logging_mixin.py:109} INFO - [2021-11-17 21:23:49,051] {dag.py:2928} INFO - Setting next_dagrun for example_python_operator to None
[2021-11-17 21:23:49,073] {processor.py:171} INFO - Processing /home/airflow/.local/lib/python3.7/site-packages/airflow/example_dags/example_python_operator.py took 0.171 seconds
[2021-11-17 21:24:19,504] {processor.py:163} INFO - Started process (PID=353) to work on /home/airflow/.local/lib/python3.7/site-packages/airflow/example_dags/example_python_operator.py
[2021-11-17 21:24:19,506] {processor.py:625} INFO - Processing file /home/airflow/.local/lib/python3.7/site-packages/airflow/example_dags/example_python_operator.py for tasks to queue
[2021-11-17 21:24:19,508] {logging_mixin.py:109} INFO - [2021-11-17 21:24:19,508] {dagbag.py:500} INFO - Filling up the DagBag from /home/airflow/.local/lib/python3.7/site-packages/airflow/example_dags/example_python_operator.py
[2021-11-17 21:24:19,552] {processor.py:637} INFO - DAG(s) dict_keys(['example_python_operator']) retrieved from /home/airflow/.local/lib/python3.7/site-packages/airflow/example_dags/example_python_operator.py
[2021-11-17 21:24:19,572] {logging_mixin.py:109} INFO - [2021-11-17 21:24:19,572] {dag.py:2396} INFO - Sync 1 DAGs
[2021-11-17 21:24:19,596] {logging_mixin.py:109} INFO - [2021-11-17 21:24:19,596] {dag.py:2928} INFO - Setting next_dagrun for example_python_operator to None
[2021-11-17 21:24:19,615] {processor.py:171} INFO - Processing /home/airflow/.local/lib/python3.7/site-packages/airflow/example_dags/example_python_operator.py took 0.118 seconds
[2021-11-17 21:24:49,895] {processor.py:163} INFO - Started process (PID=416) to work on /home/airflow/.local/lib/python3.7/site-packages/airflow/example_dags/example_python_operator.py
[2021-11-17 21:24:49,897] {processor.py:625} INFO - Processing file /home/airflow/.local/lib/python3.7/site-packages/airflow/example_dags/example_python_operator.py for tasks to queue
[2021-11-17 21:24:49,898] {logging_mixin.py:109} INFO - [2021-11-17 21:24:49,898] {dagbag.py:500} INFO - Filling up the DagBag from /home/airflow/.local/lib/python3.7/site-packages/airflow/example_dags/example_python_operator.py
[2021-11-17 21:24:49,943] {processor.py:637} INFO - DAG(s) dict_keys(['example_python_operator']) retrieved from /home/airflow/.local/lib/python3.7/site-packages/airflow/example_dags/example_python_operator.py
[2021-11-17 21:24:49,961] {logging_mixin.py:109} INFO - [2021-11-17 21:24:49,961] {dag.py:2396} INFO - Sync 1 DAGs
[2021-11-17 21:24:49,987] {logging_mixin.py:109} INFO - [2021-11-17 21:24:49,987] {dag.py:2928} INFO - Setting next_dagrun for example_python_operator to None
[2021-11-17 21:24:50,001] {processor.py:171} INFO - Processing /home/airflow/.local/lib/python3.7/site-packages/airflow/example_dags/example_python_operator.py took 0.121 seconds
