[2021-11-17 21:23:25,059] {processor.py:163} INFO - Started process (PID=239) to work on /home/airflow/.local/lib/python3.7/site-packages/airflow/example_dags/example_task_group.py
[2021-11-17 21:23:25,061] {processor.py:625} INFO - Processing file /home/airflow/.local/lib/python3.7/site-packages/airflow/example_dags/example_task_group.py for tasks to queue
[2021-11-17 21:23:25,063] {logging_mixin.py:109} INFO - [2021-11-17 21:23:25,063] {dagbag.py:500} INFO - Filling up the DagBag from /home/airflow/.local/lib/python3.7/site-packages/airflow/example_dags/example_task_group.py
[2021-11-17 21:23:25,099] {processor.py:637} INFO - DAG(s) dict_keys(['example_task_group']) retrieved from /home/airflow/.local/lib/python3.7/site-packages/airflow/example_dags/example_task_group.py
[2021-11-17 21:23:26,510] {logging_mixin.py:109} INFO - [2021-11-17 21:23:26,510] {providers_manager.py:156} WARNING - Exception when importing 'airflow.providers.google.leveldb.hooks.leveldb.LevelDBHook' from 'apache-airflow-providers-google' package: No module named 'plyvel'
[2021-11-17 21:23:26,896] {logging_mixin.py:109} INFO - [2021-11-17 21:23:26,896] {providers_manager.py:156} WARNING - Exception when importing 'airflow.providers.google.leveldb.hooks.leveldb.LevelDBHook' from 'apache-airflow-providers-google' package: No module named 'plyvel'
[2021-11-17 21:23:26,928] {logging_mixin.py:109} INFO - [2021-11-17 21:23:26,928] {manager.py:496} INFO - Created Permission View: can edit on DAG:example_task_group
[2021-11-17 21:23:26,940] {logging_mixin.py:109} INFO - [2021-11-17 21:23:26,939] {manager.py:496} INFO - Created Permission View: can read on DAG:example_task_group
[2021-11-17 21:23:26,941] {logging_mixin.py:109} INFO - [2021-11-17 21:23:26,941] {dag.py:2396} INFO - Sync 1 DAGs
[2021-11-17 21:23:26,953] {logging_mixin.py:109} INFO - [2021-11-17 21:23:26,953] {dag.py:2415} INFO - Creating ORM DAG for example_task_group
[2021-11-17 21:23:26,965] {logging_mixin.py:109} INFO - [2021-11-17 21:23:26,965] {dag.py:2928} INFO - Setting next_dagrun for example_task_group to 2021-11-16T21:23:26.965255+00:00
[2021-11-17 21:23:26,987] {processor.py:171} INFO - Processing /home/airflow/.local/lib/python3.7/site-packages/airflow/example_dags/example_task_group.py took 1.931 seconds
[2021-11-17 21:23:57,067] {processor.py:163} INFO - Started process (PID=318) to work on /home/airflow/.local/lib/python3.7/site-packages/airflow/example_dags/example_task_group.py
[2021-11-17 21:23:57,072] {processor.py:625} INFO - Processing file /home/airflow/.local/lib/python3.7/site-packages/airflow/example_dags/example_task_group.py for tasks to queue
[2021-11-17 21:23:57,076] {logging_mixin.py:109} INFO - [2021-11-17 21:23:57,075] {dagbag.py:500} INFO - Filling up the DagBag from /home/airflow/.local/lib/python3.7/site-packages/airflow/example_dags/example_task_group.py
[2021-11-17 21:23:57,192] {processor.py:637} INFO - DAG(s) dict_keys(['example_task_group']) retrieved from /home/airflow/.local/lib/python3.7/site-packages/airflow/example_dags/example_task_group.py
[2021-11-17 21:23:57,234] {logging_mixin.py:109} INFO - [2021-11-17 21:23:57,234] {dag.py:2396} INFO - Sync 1 DAGs
[2021-11-17 21:23:57,296] {logging_mixin.py:109} INFO - [2021-11-17 21:23:57,296] {dag.py:2928} INFO - Setting next_dagrun for example_task_group to 2021-11-16T21:23:57.294287+00:00
[2021-11-17 21:23:57,330] {processor.py:171} INFO - Processing /home/airflow/.local/lib/python3.7/site-packages/airflow/example_dags/example_task_group.py took 0.274 seconds
[2021-11-17 21:24:27,488] {processor.py:163} INFO - Started process (PID=372) to work on /home/airflow/.local/lib/python3.7/site-packages/airflow/example_dags/example_task_group.py
[2021-11-17 21:24:27,492] {processor.py:625} INFO - Processing file /home/airflow/.local/lib/python3.7/site-packages/airflow/example_dags/example_task_group.py for tasks to queue
[2021-11-17 21:24:27,495] {logging_mixin.py:109} INFO - [2021-11-17 21:24:27,494] {dagbag.py:500} INFO - Filling up the DagBag from /home/airflow/.local/lib/python3.7/site-packages/airflow/example_dags/example_task_group.py
[2021-11-17 21:24:27,563] {processor.py:637} INFO - DAG(s) dict_keys(['example_task_group']) retrieved from /home/airflow/.local/lib/python3.7/site-packages/airflow/example_dags/example_task_group.py
[2021-11-17 21:24:27,589] {logging_mixin.py:109} INFO - [2021-11-17 21:24:27,589] {dag.py:2396} INFO - Sync 1 DAGs
[2021-11-17 21:24:27,625] {logging_mixin.py:109} INFO - [2021-11-17 21:24:27,625] {dag.py:2928} INFO - Setting next_dagrun for example_task_group to 2021-11-16T21:24:27.624532+00:00
[2021-11-17 21:24:27,645] {processor.py:171} INFO - Processing /home/airflow/.local/lib/python3.7/site-packages/airflow/example_dags/example_task_group.py took 0.165 seconds
[2021-11-17 21:24:57,860] {processor.py:163} INFO - Started process (PID=424) to work on /home/airflow/.local/lib/python3.7/site-packages/airflow/example_dags/example_task_group.py
[2021-11-17 21:24:57,863] {processor.py:625} INFO - Processing file /home/airflow/.local/lib/python3.7/site-packages/airflow/example_dags/example_task_group.py for tasks to queue
[2021-11-17 21:24:57,865] {logging_mixin.py:109} INFO - [2021-11-17 21:24:57,865] {dagbag.py:500} INFO - Filling up the DagBag from /home/airflow/.local/lib/python3.7/site-packages/airflow/example_dags/example_task_group.py
[2021-11-17 21:24:57,906] {processor.py:637} INFO - DAG(s) dict_keys(['example_task_group']) retrieved from /home/airflow/.local/lib/python3.7/site-packages/airflow/example_dags/example_task_group.py
[2021-11-17 21:24:57,921] {logging_mixin.py:109} INFO - [2021-11-17 21:24:57,921] {dag.py:2396} INFO - Sync 1 DAGs
[2021-11-17 21:24:57,947] {logging_mixin.py:109} INFO - [2021-11-17 21:24:57,947] {dag.py:2928} INFO - Setting next_dagrun for example_task_group to 2021-11-16T21:24:57.946832+00:00
[2021-11-17 21:24:57,963] {processor.py:171} INFO - Processing /home/airflow/.local/lib/python3.7/site-packages/airflow/example_dags/example_task_group.py took 0.108 seconds
