[2021-11-17 21:23:11,635] {processor.py:163} INFO - Started process (PID=155) to work on /home/airflow/.local/lib/python3.7/site-packages/airflow/example_dags/example_branch_day_of_week_operator.py
[2021-11-17 21:23:11,638] {processor.py:625} INFO - Processing file /home/airflow/.local/lib/python3.7/site-packages/airflow/example_dags/example_branch_day_of_week_operator.py for tasks to queue
[2021-11-17 21:23:11,640] {logging_mixin.py:109} INFO - [2021-11-17 21:23:11,639] {dagbag.py:500} INFO - Filling up the DagBag from /home/airflow/.local/lib/python3.7/site-packages/airflow/example_dags/example_branch_day_of_week_operator.py
[2021-11-17 21:23:11,681] {processor.py:637} INFO - DAG(s) dict_keys(['example_weekday_branch_operator']) retrieved from /home/airflow/.local/lib/python3.7/site-packages/airflow/example_dags/example_branch_day_of_week_operator.py
[2021-11-17 21:23:13,377] {logging_mixin.py:109} INFO - [2021-11-17 21:23:13,376] {providers_manager.py:156} WARNING - Exception when importing 'airflow.providers.google.leveldb.hooks.leveldb.LevelDBHook' from 'apache-airflow-providers-google' package: No module named 'plyvel'
[2021-11-17 21:23:13,857] {logging_mixin.py:109} INFO - [2021-11-17 21:23:13,856] {providers_manager.py:156} WARNING - Exception when importing 'airflow.providers.google.leveldb.hooks.leveldb.LevelDBHook' from 'apache-airflow-providers-google' package: No module named 'plyvel'
[2021-11-17 21:23:13,882] {logging_mixin.py:109} INFO - [2021-11-17 21:23:13,882] {manager.py:496} INFO - Created Permission View: can edit on DAG:example_weekday_branch_operator
[2021-11-17 21:23:13,893] {logging_mixin.py:109} INFO - [2021-11-17 21:23:13,893] {manager.py:496} INFO - Created Permission View: can read on DAG:example_weekday_branch_operator
[2021-11-17 21:23:13,894] {logging_mixin.py:109} INFO - [2021-11-17 21:23:13,894] {dag.py:2396} INFO - Sync 1 DAGs
[2021-11-17 21:23:13,903] {logging_mixin.py:109} INFO - [2021-11-17 21:23:13,902] {dag.py:2415} INFO - Creating ORM DAG for example_weekday_branch_operator
[2021-11-17 21:23:13,917] {logging_mixin.py:109} INFO - [2021-11-17 21:23:13,917] {dag.py:2928} INFO - Setting next_dagrun for example_weekday_branch_operator to 2021-11-16 00:00:00+00:00
[2021-11-17 21:23:13,934] {processor.py:171} INFO - Processing /home/airflow/.local/lib/python3.7/site-packages/airflow/example_dags/example_branch_day_of_week_operator.py took 2.305 seconds
[2021-11-17 21:23:44,565] {processor.py:163} INFO - Started process (PID=295) to work on /home/airflow/.local/lib/python3.7/site-packages/airflow/example_dags/example_branch_day_of_week_operator.py
[2021-11-17 21:23:44,567] {processor.py:625} INFO - Processing file /home/airflow/.local/lib/python3.7/site-packages/airflow/example_dags/example_branch_day_of_week_operator.py for tasks to queue
[2021-11-17 21:23:44,570] {logging_mixin.py:109} INFO - [2021-11-17 21:23:44,569] {dagbag.py:500} INFO - Filling up the DagBag from /home/airflow/.local/lib/python3.7/site-packages/airflow/example_dags/example_branch_day_of_week_operator.py
[2021-11-17 21:23:44,627] {processor.py:637} INFO - DAG(s) dict_keys(['example_weekday_branch_operator']) retrieved from /home/airflow/.local/lib/python3.7/site-packages/airflow/example_dags/example_branch_day_of_week_operator.py
[2021-11-17 21:23:44,642] {logging_mixin.py:109} INFO - [2021-11-17 21:23:44,642] {dag.py:2396} INFO - Sync 1 DAGs
[2021-11-17 21:23:44,669] {logging_mixin.py:109} INFO - [2021-11-17 21:23:44,668] {dag.py:2928} INFO - Setting next_dagrun for example_weekday_branch_operator to 2021-11-16 00:00:00+00:00
[2021-11-17 21:23:44,689] {processor.py:171} INFO - Processing /home/airflow/.local/lib/python3.7/site-packages/airflow/example_dags/example_branch_day_of_week_operator.py took 0.130 seconds
[2021-11-17 21:24:15,048] {processor.py:163} INFO - Started process (PID=349) to work on /home/airflow/.local/lib/python3.7/site-packages/airflow/example_dags/example_branch_day_of_week_operator.py
[2021-11-17 21:24:15,056] {processor.py:625} INFO - Processing file /home/airflow/.local/lib/python3.7/site-packages/airflow/example_dags/example_branch_day_of_week_operator.py for tasks to queue
[2021-11-17 21:24:15,065] {logging_mixin.py:109} INFO - [2021-11-17 21:24:15,064] {dagbag.py:500} INFO - Filling up the DagBag from /home/airflow/.local/lib/python3.7/site-packages/airflow/example_dags/example_branch_day_of_week_operator.py
[2021-11-17 21:24:15,136] {processor.py:637} INFO - DAG(s) dict_keys(['example_weekday_branch_operator']) retrieved from /home/airflow/.local/lib/python3.7/site-packages/airflow/example_dags/example_branch_day_of_week_operator.py
[2021-11-17 21:24:15,167] {logging_mixin.py:109} INFO - [2021-11-17 21:24:15,167] {dag.py:2396} INFO - Sync 1 DAGs
[2021-11-17 21:24:15,285] {logging_mixin.py:109} INFO - [2021-11-17 21:24:15,285] {dag.py:2928} INFO - Setting next_dagrun for example_weekday_branch_operator to 2021-11-16 00:00:00+00:00
[2021-11-17 21:24:15,315] {processor.py:171} INFO - Processing /home/airflow/.local/lib/python3.7/site-packages/airflow/example_dags/example_branch_day_of_week_operator.py took 0.284 seconds
[2021-11-17 21:24:45,611] {processor.py:163} INFO - Started process (PID=403) to work on /home/airflow/.local/lib/python3.7/site-packages/airflow/example_dags/example_branch_day_of_week_operator.py
[2021-11-17 21:24:45,613] {processor.py:625} INFO - Processing file /home/airflow/.local/lib/python3.7/site-packages/airflow/example_dags/example_branch_day_of_week_operator.py for tasks to queue
[2021-11-17 21:24:45,615] {logging_mixin.py:109} INFO - [2021-11-17 21:24:45,615] {dagbag.py:500} INFO - Filling up the DagBag from /home/airflow/.local/lib/python3.7/site-packages/airflow/example_dags/example_branch_day_of_week_operator.py
[2021-11-17 21:24:45,655] {processor.py:637} INFO - DAG(s) dict_keys(['example_weekday_branch_operator']) retrieved from /home/airflow/.local/lib/python3.7/site-packages/airflow/example_dags/example_branch_day_of_week_operator.py
[2021-11-17 21:24:45,669] {logging_mixin.py:109} INFO - [2021-11-17 21:24:45,669] {dag.py:2396} INFO - Sync 1 DAGs
[2021-11-17 21:24:45,702] {logging_mixin.py:109} INFO - [2021-11-17 21:24:45,702] {dag.py:2928} INFO - Setting next_dagrun for example_weekday_branch_operator to 2021-11-16 00:00:00+00:00
[2021-11-17 21:24:45,723] {processor.py:171} INFO - Processing /home/airflow/.local/lib/python3.7/site-packages/airflow/example_dags/example_branch_day_of_week_operator.py took 0.117 seconds
