[2021-11-17 21:23:26,718] {processor.py:163} INFO - Started process (PID=250) to work on /home/airflow/.local/lib/python3.7/site-packages/airflow/example_dags/example_time_delta_sensor_async.py
[2021-11-17 21:23:26,720] {processor.py:625} INFO - Processing file /home/airflow/.local/lib/python3.7/site-packages/airflow/example_dags/example_time_delta_sensor_async.py for tasks to queue
[2021-11-17 21:23:26,722] {logging_mixin.py:109} INFO - [2021-11-17 21:23:26,722] {dagbag.py:500} INFO - Filling up the DagBag from /home/airflow/.local/lib/python3.7/site-packages/airflow/example_dags/example_time_delta_sensor_async.py
[2021-11-17 21:23:26,762] {processor.py:637} INFO - DAG(s) dict_keys(['example_time_delta_sensor_async']) retrieved from /home/airflow/.local/lib/python3.7/site-packages/airflow/example_dags/example_time_delta_sensor_async.py
[2021-11-17 21:23:28,276] {logging_mixin.py:109} INFO - [2021-11-17 21:23:28,276] {providers_manager.py:156} WARNING - Exception when importing 'airflow.providers.google.leveldb.hooks.leveldb.LevelDBHook' from 'apache-airflow-providers-google' package: No module named 'plyvel'
[2021-11-17 21:23:28,675] {logging_mixin.py:109} INFO - [2021-11-17 21:23:28,675] {providers_manager.py:156} WARNING - Exception when importing 'airflow.providers.google.leveldb.hooks.leveldb.LevelDBHook' from 'apache-airflow-providers-google' package: No module named 'plyvel'
[2021-11-17 21:23:28,702] {logging_mixin.py:109} INFO - [2021-11-17 21:23:28,702] {manager.py:496} INFO - Created Permission View: can edit on DAG:example_time_delta_sensor_async
[2021-11-17 21:23:28,713] {logging_mixin.py:109} INFO - [2021-11-17 21:23:28,712] {manager.py:496} INFO - Created Permission View: can read on DAG:example_time_delta_sensor_async
[2021-11-17 21:23:28,714] {logging_mixin.py:109} INFO - [2021-11-17 21:23:28,714] {dag.py:2396} INFO - Sync 1 DAGs
[2021-11-17 21:23:28,723] {logging_mixin.py:109} INFO - [2021-11-17 21:23:28,722] {dag.py:2415} INFO - Creating ORM DAG for example_time_delta_sensor_async
[2021-11-17 21:23:28,734] {logging_mixin.py:109} INFO - [2021-11-17 21:23:28,734] {dag.py:2928} INFO - Setting next_dagrun for example_time_delta_sensor_async to None
[2021-11-17 21:23:28,749] {processor.py:171} INFO - Processing /home/airflow/.local/lib/python3.7/site-packages/airflow/example_dags/example_time_delta_sensor_async.py took 2.036 seconds
[2021-11-17 21:23:59,820] {processor.py:163} INFO - Started process (PID=327) to work on /home/airflow/.local/lib/python3.7/site-packages/airflow/example_dags/example_time_delta_sensor_async.py
[2021-11-17 21:23:59,823] {processor.py:625} INFO - Processing file /home/airflow/.local/lib/python3.7/site-packages/airflow/example_dags/example_time_delta_sensor_async.py for tasks to queue
[2021-11-17 21:23:59,825] {logging_mixin.py:109} INFO - [2021-11-17 21:23:59,825] {dagbag.py:500} INFO - Filling up the DagBag from /home/airflow/.local/lib/python3.7/site-packages/airflow/example_dags/example_time_delta_sensor_async.py
[2021-11-17 21:23:59,884] {processor.py:637} INFO - DAG(s) dict_keys(['example_time_delta_sensor_async']) retrieved from /home/airflow/.local/lib/python3.7/site-packages/airflow/example_dags/example_time_delta_sensor_async.py
[2021-11-17 21:23:59,906] {logging_mixin.py:109} INFO - [2021-11-17 21:23:59,906] {dag.py:2396} INFO - Sync 1 DAGs
[2021-11-17 21:23:59,940] {logging_mixin.py:109} INFO - [2021-11-17 21:23:59,940] {dag.py:2928} INFO - Setting next_dagrun for example_time_delta_sensor_async to None
[2021-11-17 21:23:59,961] {processor.py:171} INFO - Processing /home/airflow/.local/lib/python3.7/site-packages/airflow/example_dags/example_time_delta_sensor_async.py took 0.148 seconds
[2021-11-17 21:24:30,352] {processor.py:163} INFO - Started process (PID=380) to work on /home/airflow/.local/lib/python3.7/site-packages/airflow/example_dags/example_time_delta_sensor_async.py
[2021-11-17 21:24:30,356] {processor.py:625} INFO - Processing file /home/airflow/.local/lib/python3.7/site-packages/airflow/example_dags/example_time_delta_sensor_async.py for tasks to queue
[2021-11-17 21:24:30,365] {logging_mixin.py:109} INFO - [2021-11-17 21:24:30,365] {dagbag.py:500} INFO - Filling up the DagBag from /home/airflow/.local/lib/python3.7/site-packages/airflow/example_dags/example_time_delta_sensor_async.py
[2021-11-17 21:24:30,403] {processor.py:637} INFO - DAG(s) dict_keys(['example_time_delta_sensor_async']) retrieved from /home/airflow/.local/lib/python3.7/site-packages/airflow/example_dags/example_time_delta_sensor_async.py
[2021-11-17 21:24:30,416] {logging_mixin.py:109} INFO - [2021-11-17 21:24:30,416] {dag.py:2396} INFO - Sync 1 DAGs
[2021-11-17 21:24:30,438] {logging_mixin.py:109} INFO - [2021-11-17 21:24:30,438] {dag.py:2928} INFO - Setting next_dagrun for example_time_delta_sensor_async to None
[2021-11-17 21:24:30,454] {processor.py:171} INFO - Processing /home/airflow/.local/lib/python3.7/site-packages/airflow/example_dags/example_time_delta_sensor_async.py took 0.108 seconds
[2021-11-17 21:25:00,489] {processor.py:163} INFO - Started process (PID=432) to work on /home/airflow/.local/lib/python3.7/site-packages/airflow/example_dags/example_time_delta_sensor_async.py
[2021-11-17 21:25:00,491] {processor.py:625} INFO - Processing file /home/airflow/.local/lib/python3.7/site-packages/airflow/example_dags/example_time_delta_sensor_async.py for tasks to queue
[2021-11-17 21:25:00,493] {logging_mixin.py:109} INFO - [2021-11-17 21:25:00,493] {dagbag.py:500} INFO - Filling up the DagBag from /home/airflow/.local/lib/python3.7/site-packages/airflow/example_dags/example_time_delta_sensor_async.py
[2021-11-17 21:25:00,529] {processor.py:637} INFO - DAG(s) dict_keys(['example_time_delta_sensor_async']) retrieved from /home/airflow/.local/lib/python3.7/site-packages/airflow/example_dags/example_time_delta_sensor_async.py
[2021-11-17 21:25:00,542] {logging_mixin.py:109} INFO - [2021-11-17 21:25:00,542] {dag.py:2396} INFO - Sync 1 DAGs
[2021-11-17 21:25:00,563] {logging_mixin.py:109} INFO - [2021-11-17 21:25:00,563] {dag.py:2928} INFO - Setting next_dagrun for example_time_delta_sensor_async to None
[2021-11-17 21:25:00,577] {processor.py:171} INFO - Processing /home/airflow/.local/lib/python3.7/site-packages/airflow/example_dags/example_time_delta_sensor_async.py took 0.094 seconds
