[2021-11-17 21:22:37,613] {processor.py:163} INFO - Started process (PID=40) to work on /home/airflow/.local/lib/python3.7/site-packages/airflow/example_dags/example_trigger_controller_dag.py
[2021-11-17 21:22:37,617] {processor.py:625} INFO - Processing file /home/airflow/.local/lib/python3.7/site-packages/airflow/example_dags/example_trigger_controller_dag.py for tasks to queue
[2021-11-17 21:22:37,619] {logging_mixin.py:109} INFO - [2021-11-17 21:22:37,618] {dagbag.py:500} INFO - Filling up the DagBag from /home/airflow/.local/lib/python3.7/site-packages/airflow/example_dags/example_trigger_controller_dag.py
[2021-11-17 21:22:37,697] {processor.py:637} INFO - DAG(s) dict_keys(['example_trigger_controller_dag']) retrieved from /home/airflow/.local/lib/python3.7/site-packages/airflow/example_dags/example_trigger_controller_dag.py
[2021-11-17 21:22:43,814] {logging_mixin.py:109} INFO - [2021-11-17 21:22:43,814] {providers_manager.py:156} WARNING - Exception when importing 'airflow.providers.google.leveldb.hooks.leveldb.LevelDBHook' from 'apache-airflow-providers-google' package: No module named 'plyvel'
[2021-11-17 21:22:45,924] {logging_mixin.py:109} INFO - [2021-11-17 21:22:45,924] {providers_manager.py:156} WARNING - Exception when importing 'airflow.providers.google.leveldb.hooks.leveldb.LevelDBHook' from 'apache-airflow-providers-google' package: No module named 'plyvel'
[2021-11-17 21:22:45,967] {logging_mixin.py:109} INFO - [2021-11-17 21:22:45,967] {manager.py:496} INFO - Created Permission View: can edit on DAG:example_trigger_controller_dag
[2021-11-17 21:22:45,984] {logging_mixin.py:109} INFO - [2021-11-17 21:22:45,984] {manager.py:496} INFO - Created Permission View: can read on DAG:example_trigger_controller_dag
[2021-11-17 21:22:45,986] {logging_mixin.py:109} INFO - [2021-11-17 21:22:45,985] {dag.py:2396} INFO - Sync 1 DAGs
[2021-11-17 21:22:46,001] {logging_mixin.py:109} INFO - [2021-11-17 21:22:46,001] {dag.py:2415} INFO - Creating ORM DAG for example_trigger_controller_dag
[2021-11-17 21:22:46,018] {logging_mixin.py:109} INFO - [2021-11-17 21:22:46,018] {dag.py:2928} INFO - Setting next_dagrun for example_trigger_controller_dag to 2021-01-01T00:00:00+00:00
[2021-11-17 21:22:46,045] {processor.py:171} INFO - Processing /home/airflow/.local/lib/python3.7/site-packages/airflow/example_dags/example_trigger_controller_dag.py took 8.436 seconds
[2021-11-17 21:23:27,632] {processor.py:163} INFO - Started process (PID=258) to work on /home/airflow/.local/lib/python3.7/site-packages/airflow/example_dags/example_trigger_controller_dag.py
[2021-11-17 21:23:27,634] {processor.py:625} INFO - Processing file /home/airflow/.local/lib/python3.7/site-packages/airflow/example_dags/example_trigger_controller_dag.py for tasks to queue
[2021-11-17 21:23:27,636] {logging_mixin.py:109} INFO - [2021-11-17 21:23:27,636] {dagbag.py:500} INFO - Filling up the DagBag from /home/airflow/.local/lib/python3.7/site-packages/airflow/example_dags/example_trigger_controller_dag.py
[2021-11-17 21:23:27,685] {processor.py:637} INFO - DAG(s) dict_keys(['example_trigger_controller_dag']) retrieved from /home/airflow/.local/lib/python3.7/site-packages/airflow/example_dags/example_trigger_controller_dag.py
[2021-11-17 21:23:27,699] {logging_mixin.py:109} INFO - [2021-11-17 21:23:27,699] {dag.py:2396} INFO - Sync 1 DAGs
[2021-11-17 21:23:27,722] {logging_mixin.py:109} INFO - [2021-11-17 21:23:27,721] {dag.py:2928} INFO - Setting next_dagrun for example_trigger_controller_dag to 2021-01-01T00:00:00+00:00
[2021-11-17 21:23:27,736] {processor.py:171} INFO - Processing /home/airflow/.local/lib/python3.7/site-packages/airflow/example_dags/example_trigger_controller_dag.py took 0.110 seconds
[2021-11-17 21:23:58,592] {processor.py:163} INFO - Started process (PID=322) to work on /home/airflow/.local/lib/python3.7/site-packages/airflow/example_dags/example_trigger_controller_dag.py
[2021-11-17 21:23:58,596] {processor.py:625} INFO - Processing file /home/airflow/.local/lib/python3.7/site-packages/airflow/example_dags/example_trigger_controller_dag.py for tasks to queue
[2021-11-17 21:23:58,600] {logging_mixin.py:109} INFO - [2021-11-17 21:23:58,600] {dagbag.py:500} INFO - Filling up the DagBag from /home/airflow/.local/lib/python3.7/site-packages/airflow/example_dags/example_trigger_controller_dag.py
[2021-11-17 21:23:58,677] {processor.py:637} INFO - DAG(s) dict_keys(['example_trigger_controller_dag']) retrieved from /home/airflow/.local/lib/python3.7/site-packages/airflow/example_dags/example_trigger_controller_dag.py
[2021-11-17 21:23:58,707] {logging_mixin.py:109} INFO - [2021-11-17 21:23:58,706] {dag.py:2396} INFO - Sync 1 DAGs
[2021-11-17 21:23:58,750] {logging_mixin.py:109} INFO - [2021-11-17 21:23:58,749] {dag.py:2928} INFO - Setting next_dagrun for example_trigger_controller_dag to 2021-01-01T00:00:00+00:00
[2021-11-17 21:23:58,778] {processor.py:171} INFO - Processing /home/airflow/.local/lib/python3.7/site-packages/airflow/example_dags/example_trigger_controller_dag.py took 0.195 seconds
[2021-11-17 21:24:28,817] {processor.py:163} INFO - Started process (PID=375) to work on /home/airflow/.local/lib/python3.7/site-packages/airflow/example_dags/example_trigger_controller_dag.py
[2021-11-17 21:24:28,825] {processor.py:625} INFO - Processing file /home/airflow/.local/lib/python3.7/site-packages/airflow/example_dags/example_trigger_controller_dag.py for tasks to queue
[2021-11-17 21:24:28,826] {logging_mixin.py:109} INFO - [2021-11-17 21:24:28,826] {dagbag.py:500} INFO - Filling up the DagBag from /home/airflow/.local/lib/python3.7/site-packages/airflow/example_dags/example_trigger_controller_dag.py
[2021-11-17 21:24:28,857] {processor.py:637} INFO - DAG(s) dict_keys(['example_trigger_controller_dag']) retrieved from /home/airflow/.local/lib/python3.7/site-packages/airflow/example_dags/example_trigger_controller_dag.py
[2021-11-17 21:24:28,870] {logging_mixin.py:109} INFO - [2021-11-17 21:24:28,869] {dag.py:2396} INFO - Sync 1 DAGs
[2021-11-17 21:24:28,888] {logging_mixin.py:109} INFO - [2021-11-17 21:24:28,888] {dag.py:2928} INFO - Setting next_dagrun for example_trigger_controller_dag to 2021-01-01T00:00:00+00:00
[2021-11-17 21:24:28,902] {processor.py:171} INFO - Processing /home/airflow/.local/lib/python3.7/site-packages/airflow/example_dags/example_trigger_controller_dag.py took 0.089 seconds
[2021-11-17 21:24:59,059] {processor.py:163} INFO - Started process (PID=427) to work on /home/airflow/.local/lib/python3.7/site-packages/airflow/example_dags/example_trigger_controller_dag.py
[2021-11-17 21:24:59,066] {processor.py:625} INFO - Processing file /home/airflow/.local/lib/python3.7/site-packages/airflow/example_dags/example_trigger_controller_dag.py for tasks to queue
[2021-11-17 21:24:59,068] {logging_mixin.py:109} INFO - [2021-11-17 21:24:59,067] {dagbag.py:500} INFO - Filling up the DagBag from /home/airflow/.local/lib/python3.7/site-packages/airflow/example_dags/example_trigger_controller_dag.py
[2021-11-17 21:24:59,100] {processor.py:637} INFO - DAG(s) dict_keys(['example_trigger_controller_dag']) retrieved from /home/airflow/.local/lib/python3.7/site-packages/airflow/example_dags/example_trigger_controller_dag.py
[2021-11-17 21:24:59,113] {logging_mixin.py:109} INFO - [2021-11-17 21:24:59,113] {dag.py:2396} INFO - Sync 1 DAGs
[2021-11-17 21:24:59,131] {logging_mixin.py:109} INFO - [2021-11-17 21:24:59,131] {dag.py:2928} INFO - Setting next_dagrun for example_trigger_controller_dag to 2021-01-01T00:00:00+00:00
[2021-11-17 21:24:59,144] {processor.py:171} INFO - Processing /home/airflow/.local/lib/python3.7/site-packages/airflow/example_dags/example_trigger_controller_dag.py took 0.090 seconds
