[2021-11-17 21:23:20,453] {processor.py:163} INFO - Started process (PID=214) to work on /home/airflow/.local/lib/python3.7/site-packages/airflow/example_dags/example_branch_operator.py
[2021-11-17 21:23:20,455] {processor.py:625} INFO - Processing file /home/airflow/.local/lib/python3.7/site-packages/airflow/example_dags/example_branch_operator.py for tasks to queue
[2021-11-17 21:23:20,457] {logging_mixin.py:109} INFO - [2021-11-17 21:23:20,457] {dagbag.py:500} INFO - Filling up the DagBag from /home/airflow/.local/lib/python3.7/site-packages/airflow/example_dags/example_branch_operator.py
[2021-11-17 21:23:20,501] {processor.py:637} INFO - DAG(s) dict_keys(['example_branch_operator']) retrieved from /home/airflow/.local/lib/python3.7/site-packages/airflow/example_dags/example_branch_operator.py
[2021-11-17 21:23:22,148] {logging_mixin.py:109} INFO - [2021-11-17 21:23:22,147] {providers_manager.py:156} WARNING - Exception when importing 'airflow.providers.google.leveldb.hooks.leveldb.LevelDBHook' from 'apache-airflow-providers-google' package: No module named 'plyvel'
[2021-11-17 21:23:22,488] {logging_mixin.py:109} INFO - [2021-11-17 21:23:22,488] {providers_manager.py:156} WARNING - Exception when importing 'airflow.providers.google.leveldb.hooks.leveldb.LevelDBHook' from 'apache-airflow-providers-google' package: No module named 'plyvel'
[2021-11-17 21:23:22,515] {logging_mixin.py:109} INFO - [2021-11-17 21:23:22,515] {manager.py:496} INFO - Created Permission View: can edit on DAG:example_branch_operator
[2021-11-17 21:23:22,527] {logging_mixin.py:109} INFO - [2021-11-17 21:23:22,527] {manager.py:496} INFO - Created Permission View: can read on DAG:example_branch_operator
[2021-11-17 21:23:22,528] {logging_mixin.py:109} INFO - [2021-11-17 21:23:22,528] {dag.py:2396} INFO - Sync 1 DAGs
[2021-11-17 21:23:22,539] {logging_mixin.py:109} INFO - [2021-11-17 21:23:22,539] {dag.py:2415} INFO - Creating ORM DAG for example_branch_operator
[2021-11-17 21:23:22,550] {logging_mixin.py:109} INFO - [2021-11-17 21:23:22,550] {dag.py:2928} INFO - Setting next_dagrun for example_branch_operator to 2021-11-16 00:00:00+00:00
[2021-11-17 21:23:22,563] {processor.py:171} INFO - Processing /home/airflow/.local/lib/python3.7/site-packages/airflow/example_dags/example_branch_operator.py took 2.114 seconds
[2021-11-17 21:23:52,704] {processor.py:163} INFO - Started process (PID=302) to work on /home/airflow/.local/lib/python3.7/site-packages/airflow/example_dags/example_branch_operator.py
[2021-11-17 21:23:52,707] {processor.py:625} INFO - Processing file /home/airflow/.local/lib/python3.7/site-packages/airflow/example_dags/example_branch_operator.py for tasks to queue
[2021-11-17 21:23:52,708] {logging_mixin.py:109} INFO - [2021-11-17 21:23:52,708] {dagbag.py:500} INFO - Filling up the DagBag from /home/airflow/.local/lib/python3.7/site-packages/airflow/example_dags/example_branch_operator.py
[2021-11-17 21:23:52,753] {processor.py:637} INFO - DAG(s) dict_keys(['example_branch_operator']) retrieved from /home/airflow/.local/lib/python3.7/site-packages/airflow/example_dags/example_branch_operator.py
[2021-11-17 21:23:52,772] {logging_mixin.py:109} INFO - [2021-11-17 21:23:52,772] {dag.py:2396} INFO - Sync 1 DAGs
[2021-11-17 21:23:52,797] {logging_mixin.py:109} INFO - [2021-11-17 21:23:52,797] {dag.py:2928} INFO - Setting next_dagrun for example_branch_operator to 2021-11-16 00:00:00+00:00
[2021-11-17 21:23:52,815] {processor.py:171} INFO - Processing /home/airflow/.local/lib/python3.7/site-packages/airflow/example_dags/example_branch_operator.py took 0.117 seconds
[2021-11-17 21:24:23,142] {processor.py:163} INFO - Started process (PID=356) to work on /home/airflow/.local/lib/python3.7/site-packages/airflow/example_dags/example_branch_operator.py
[2021-11-17 21:24:23,144] {processor.py:625} INFO - Processing file /home/airflow/.local/lib/python3.7/site-packages/airflow/example_dags/example_branch_operator.py for tasks to queue
[2021-11-17 21:24:23,146] {logging_mixin.py:109} INFO - [2021-11-17 21:24:23,146] {dagbag.py:500} INFO - Filling up the DagBag from /home/airflow/.local/lib/python3.7/site-packages/airflow/example_dags/example_branch_operator.py
[2021-11-17 21:24:23,187] {processor.py:637} INFO - DAG(s) dict_keys(['example_branch_operator']) retrieved from /home/airflow/.local/lib/python3.7/site-packages/airflow/example_dags/example_branch_operator.py
[2021-11-17 21:24:23,200] {logging_mixin.py:109} INFO - [2021-11-17 21:24:23,200] {dag.py:2396} INFO - Sync 1 DAGs
[2021-11-17 21:24:23,221] {logging_mixin.py:109} INFO - [2021-11-17 21:24:23,221] {dag.py:2928} INFO - Setting next_dagrun for example_branch_operator to 2021-11-16 00:00:00+00:00
[2021-11-17 21:24:23,240] {processor.py:171} INFO - Processing /home/airflow/.local/lib/python3.7/site-packages/airflow/example_dags/example_branch_operator.py took 0.102 seconds
[2021-11-17 21:24:53,610] {processor.py:163} INFO - Started process (PID=419) to work on /home/airflow/.local/lib/python3.7/site-packages/airflow/example_dags/example_branch_operator.py
[2021-11-17 21:24:53,612] {processor.py:625} INFO - Processing file /home/airflow/.local/lib/python3.7/site-packages/airflow/example_dags/example_branch_operator.py for tasks to queue
[2021-11-17 21:24:53,614] {logging_mixin.py:109} INFO - [2021-11-17 21:24:53,613] {dagbag.py:500} INFO - Filling up the DagBag from /home/airflow/.local/lib/python3.7/site-packages/airflow/example_dags/example_branch_operator.py
[2021-11-17 21:24:53,648] {processor.py:637} INFO - DAG(s) dict_keys(['example_branch_operator']) retrieved from /home/airflow/.local/lib/python3.7/site-packages/airflow/example_dags/example_branch_operator.py
[2021-11-17 21:24:53,662] {logging_mixin.py:109} INFO - [2021-11-17 21:24:53,662] {dag.py:2396} INFO - Sync 1 DAGs
[2021-11-17 21:24:53,682] {logging_mixin.py:109} INFO - [2021-11-17 21:24:53,682] {dag.py:2928} INFO - Setting next_dagrun for example_branch_operator to 2021-11-16 00:00:00+00:00
[2021-11-17 21:24:53,695] {processor.py:171} INFO - Processing /home/airflow/.local/lib/python3.7/site-packages/airflow/example_dags/example_branch_operator.py took 0.089 seconds
