[2021-11-17 21:23:00,944] {processor.py:163} INFO - Started process (PID=96) to work on /home/airflow/.local/lib/python3.7/site-packages/airflow/example_dags/example_bash_operator.py
[2021-11-17 21:23:00,954] {processor.py:625} INFO - Processing file /home/airflow/.local/lib/python3.7/site-packages/airflow/example_dags/example_bash_operator.py for tasks to queue
[2021-11-17 21:23:00,964] {logging_mixin.py:109} INFO - [2021-11-17 21:23:00,963] {dagbag.py:500} INFO - Filling up the DagBag from /home/airflow/.local/lib/python3.7/site-packages/airflow/example_dags/example_bash_operator.py
[2021-11-17 21:23:01,138] {processor.py:637} INFO - DAG(s) dict_keys(['example_bash_operator']) retrieved from /home/airflow/.local/lib/python3.7/site-packages/airflow/example_dags/example_bash_operator.py
[2021-11-17 21:23:03,568] {logging_mixin.py:109} INFO - [2021-11-17 21:23:03,568] {providers_manager.py:156} WARNING - Exception when importing 'airflow.providers.google.leveldb.hooks.leveldb.LevelDBHook' from 'apache-airflow-providers-google' package: No module named 'plyvel'
[2021-11-17 21:23:04,073] {logging_mixin.py:109} INFO - [2021-11-17 21:23:04,073] {providers_manager.py:156} WARNING - Exception when importing 'airflow.providers.google.leveldb.hooks.leveldb.LevelDBHook' from 'apache-airflow-providers-google' package: No module named 'plyvel'
[2021-11-17 21:23:04,120] {logging_mixin.py:109} INFO - [2021-11-17 21:23:04,119] {manager.py:496} INFO - Created Permission View: can edit on DAG:example_bash_operator
[2021-11-17 21:23:04,133] {logging_mixin.py:109} INFO - [2021-11-17 21:23:04,133] {manager.py:496} INFO - Created Permission View: can read on DAG:example_bash_operator
[2021-11-17 21:23:04,136] {logging_mixin.py:109} INFO - [2021-11-17 21:23:04,135] {dag.py:2396} INFO - Sync 1 DAGs
[2021-11-17 21:23:04,148] {logging_mixin.py:109} INFO - [2021-11-17 21:23:04,148] {dag.py:2415} INFO - Creating ORM DAG for example_bash_operator
[2021-11-17 21:23:04,162] {logging_mixin.py:109} INFO - [2021-11-17 21:23:04,162] {dag.py:2928} INFO - Setting next_dagrun for example_bash_operator to 2021-11-16 00:00:00+00:00
[2021-11-17 21:23:04,186] {processor.py:171} INFO - Processing /home/airflow/.local/lib/python3.7/site-packages/airflow/example_dags/example_bash_operator.py took 3.248 seconds
[2021-11-17 21:23:34,838] {processor.py:163} INFO - Started process (PID=275) to work on /home/airflow/.local/lib/python3.7/site-packages/airflow/example_dags/example_bash_operator.py
[2021-11-17 21:23:34,840] {processor.py:625} INFO - Processing file /home/airflow/.local/lib/python3.7/site-packages/airflow/example_dags/example_bash_operator.py for tasks to queue
[2021-11-17 21:23:34,842] {logging_mixin.py:109} INFO - [2021-11-17 21:23:34,842] {dagbag.py:500} INFO - Filling up the DagBag from /home/airflow/.local/lib/python3.7/site-packages/airflow/example_dags/example_bash_operator.py
[2021-11-17 21:23:34,883] {processor.py:637} INFO - DAG(s) dict_keys(['example_bash_operator']) retrieved from /home/airflow/.local/lib/python3.7/site-packages/airflow/example_dags/example_bash_operator.py
[2021-11-17 21:23:34,898] {logging_mixin.py:109} INFO - [2021-11-17 21:23:34,898] {dag.py:2396} INFO - Sync 1 DAGs
[2021-11-17 21:23:34,921] {logging_mixin.py:109} INFO - [2021-11-17 21:23:34,921] {dag.py:2928} INFO - Setting next_dagrun for example_bash_operator to 2021-11-16 00:00:00+00:00
[2021-11-17 21:23:34,941] {processor.py:171} INFO - Processing /home/airflow/.local/lib/python3.7/site-packages/airflow/example_dags/example_bash_operator.py took 0.108 seconds
[2021-11-17 21:24:05,030] {processor.py:163} INFO - Started process (PID=330) to work on /home/airflow/.local/lib/python3.7/site-packages/airflow/example_dags/example_bash_operator.py
[2021-11-17 21:24:05,032] {processor.py:625} INFO - Processing file /home/airflow/.local/lib/python3.7/site-packages/airflow/example_dags/example_bash_operator.py for tasks to queue
[2021-11-17 21:24:05,035] {logging_mixin.py:109} INFO - [2021-11-17 21:24:05,034] {dagbag.py:500} INFO - Filling up the DagBag from /home/airflow/.local/lib/python3.7/site-packages/airflow/example_dags/example_bash_operator.py
[2021-11-17 21:24:05,106] {processor.py:637} INFO - DAG(s) dict_keys(['example_bash_operator']) retrieved from /home/airflow/.local/lib/python3.7/site-packages/airflow/example_dags/example_bash_operator.py
[2021-11-17 21:24:05,132] {logging_mixin.py:109} INFO - [2021-11-17 21:24:05,132] {dag.py:2396} INFO - Sync 1 DAGs
[2021-11-17 21:24:05,169] {logging_mixin.py:109} INFO - [2021-11-17 21:24:05,169] {dag.py:2928} INFO - Setting next_dagrun for example_bash_operator to 2021-11-16 00:00:00+00:00
[2021-11-17 21:24:05,195] {processor.py:171} INFO - Processing /home/airflow/.local/lib/python3.7/site-packages/airflow/example_dags/example_bash_operator.py took 0.173 seconds
[2021-11-17 21:24:35,507] {processor.py:163} INFO - Started process (PID=384) to work on /home/airflow/.local/lib/python3.7/site-packages/airflow/example_dags/example_bash_operator.py
[2021-11-17 21:24:35,515] {processor.py:625} INFO - Processing file /home/airflow/.local/lib/python3.7/site-packages/airflow/example_dags/example_bash_operator.py for tasks to queue
[2021-11-17 21:24:35,516] {logging_mixin.py:109} INFO - [2021-11-17 21:24:35,516] {dagbag.py:500} INFO - Filling up the DagBag from /home/airflow/.local/lib/python3.7/site-packages/airflow/example_dags/example_bash_operator.py
[2021-11-17 21:24:35,560] {processor.py:637} INFO - DAG(s) dict_keys(['example_bash_operator']) retrieved from /home/airflow/.local/lib/python3.7/site-packages/airflow/example_dags/example_bash_operator.py
[2021-11-17 21:24:35,574] {logging_mixin.py:109} INFO - [2021-11-17 21:24:35,574] {dag.py:2396} INFO - Sync 1 DAGs
[2021-11-17 21:24:35,595] {logging_mixin.py:109} INFO - [2021-11-17 21:24:35,595] {dag.py:2928} INFO - Setting next_dagrun for example_bash_operator to 2021-11-16 00:00:00+00:00
[2021-11-17 21:24:35,608] {processor.py:171} INFO - Processing /home/airflow/.local/lib/python3.7/site-packages/airflow/example_dags/example_bash_operator.py took 0.105 seconds
[2021-11-17 21:25:05,963] {processor.py:163} INFO - Started process (PID=446) to work on /home/airflow/.local/lib/python3.7/site-packages/airflow/example_dags/example_bash_operator.py
[2021-11-17 21:25:05,971] {processor.py:625} INFO - Processing file /home/airflow/.local/lib/python3.7/site-packages/airflow/example_dags/example_bash_operator.py for tasks to queue
[2021-11-17 21:25:05,972] {logging_mixin.py:109} INFO - [2021-11-17 21:25:05,972] {dagbag.py:500} INFO - Filling up the DagBag from /home/airflow/.local/lib/python3.7/site-packages/airflow/example_dags/example_bash_operator.py
[2021-11-17 21:25:06,023] {processor.py:637} INFO - DAG(s) dict_keys(['example_bash_operator']) retrieved from /home/airflow/.local/lib/python3.7/site-packages/airflow/example_dags/example_bash_operator.py
[2021-11-17 21:25:06,040] {logging_mixin.py:109} INFO - [2021-11-17 21:25:06,040] {dag.py:2396} INFO - Sync 1 DAGs
[2021-11-17 21:25:06,059] {logging_mixin.py:109} INFO - [2021-11-17 21:25:06,059] {dag.py:2928} INFO - Setting next_dagrun for example_bash_operator to 2021-11-16 00:00:00+00:00
[2021-11-17 21:25:06,073] {processor.py:171} INFO - Processing /home/airflow/.local/lib/python3.7/site-packages/airflow/example_dags/example_bash_operator.py took 0.115 seconds
