[2021-11-17 21:23:07,405] {processor.py:163} INFO - Started process (PID=130) to work on /home/airflow/.local/lib/python3.7/site-packages/airflow/example_dags/example_task_group_decorator.py
[2021-11-17 21:23:07,407] {processor.py:625} INFO - Processing file /home/airflow/.local/lib/python3.7/site-packages/airflow/example_dags/example_task_group_decorator.py for tasks to queue
[2021-11-17 21:23:07,409] {logging_mixin.py:109} INFO - [2021-11-17 21:23:07,409] {dagbag.py:500} INFO - Filling up the DagBag from /home/airflow/.local/lib/python3.7/site-packages/airflow/example_dags/example_task_group_decorator.py
[2021-11-17 21:23:07,464] {processor.py:637} INFO - DAG(s) dict_keys(['example_task_group_decorator']) retrieved from /home/airflow/.local/lib/python3.7/site-packages/airflow/example_dags/example_task_group_decorator.py
[2021-11-17 21:23:08,976] {logging_mixin.py:109} INFO - [2021-11-17 21:23:08,975] {providers_manager.py:156} WARNING - Exception when importing 'airflow.providers.google.leveldb.hooks.leveldb.LevelDBHook' from 'apache-airflow-providers-google' package: No module named 'plyvel'
[2021-11-17 21:23:09,365] {logging_mixin.py:109} INFO - [2021-11-17 21:23:09,364] {providers_manager.py:156} WARNING - Exception when importing 'airflow.providers.google.leveldb.hooks.leveldb.LevelDBHook' from 'apache-airflow-providers-google' package: No module named 'plyvel'
[2021-11-17 21:23:09,410] {logging_mixin.py:109} INFO - [2021-11-17 21:23:09,410] {manager.py:496} INFO - Created Permission View: can edit on DAG:example_task_group_decorator
[2021-11-17 21:23:09,451] {logging_mixin.py:109} INFO - [2021-11-17 21:23:09,451] {manager.py:496} INFO - Created Permission View: can read on DAG:example_task_group_decorator
[2021-11-17 21:23:09,453] {logging_mixin.py:109} INFO - [2021-11-17 21:23:09,452] {dag.py:2396} INFO - Sync 1 DAGs
[2021-11-17 21:23:09,477] {logging_mixin.py:109} INFO - [2021-11-17 21:23:09,477] {dag.py:2415} INFO - Creating ORM DAG for example_task_group_decorator
[2021-11-17 21:23:09,505] {logging_mixin.py:109} INFO - [2021-11-17 21:23:09,505] {dag.py:2928} INFO - Setting next_dagrun for example_task_group_decorator to 2021-11-16T21:23:09.505193+00:00
[2021-11-17 21:23:09,536] {processor.py:171} INFO - Processing /home/airflow/.local/lib/python3.7/site-packages/airflow/example_dags/example_task_group_decorator.py took 2.136 seconds
[2021-11-17 21:23:40,153] {processor.py:163} INFO - Started process (PID=279) to work on /home/airflow/.local/lib/python3.7/site-packages/airflow/example_dags/example_task_group_decorator.py
[2021-11-17 21:23:40,155] {processor.py:625} INFO - Processing file /home/airflow/.local/lib/python3.7/site-packages/airflow/example_dags/example_task_group_decorator.py for tasks to queue
[2021-11-17 21:23:40,157] {logging_mixin.py:109} INFO - [2021-11-17 21:23:40,157] {dagbag.py:500} INFO - Filling up the DagBag from /home/airflow/.local/lib/python3.7/site-packages/airflow/example_dags/example_task_group_decorator.py
[2021-11-17 21:23:40,212] {processor.py:637} INFO - DAG(s) dict_keys(['example_task_group_decorator']) retrieved from /home/airflow/.local/lib/python3.7/site-packages/airflow/example_dags/example_task_group_decorator.py
[2021-11-17 21:23:40,537] {logging_mixin.py:109} INFO - [2021-11-17 21:23:40,537] {dag.py:2396} INFO - Sync 1 DAGs
[2021-11-17 21:23:40,552] {logging_mixin.py:109} INFO - [2021-11-17 21:23:40,552] {dag.py:2928} INFO - Setting next_dagrun for example_task_group_decorator to 2021-11-16T21:23:40.552081+00:00
[2021-11-17 21:23:40,569] {processor.py:171} INFO - Processing /home/airflow/.local/lib/python3.7/site-packages/airflow/example_dags/example_task_group_decorator.py took 0.422 seconds
[2021-11-17 21:24:10,743] {processor.py:163} INFO - Started process (PID=335) to work on /home/airflow/.local/lib/python3.7/site-packages/airflow/example_dags/example_task_group_decorator.py
[2021-11-17 21:24:10,749] {processor.py:625} INFO - Processing file /home/airflow/.local/lib/python3.7/site-packages/airflow/example_dags/example_task_group_decorator.py for tasks to queue
[2021-11-17 21:24:10,752] {logging_mixin.py:109} INFO - [2021-11-17 21:24:10,752] {dagbag.py:500} INFO - Filling up the DagBag from /home/airflow/.local/lib/python3.7/site-packages/airflow/example_dags/example_task_group_decorator.py
[2021-11-17 21:24:10,875] {processor.py:637} INFO - DAG(s) dict_keys(['example_task_group_decorator']) retrieved from /home/airflow/.local/lib/python3.7/site-packages/airflow/example_dags/example_task_group_decorator.py
[2021-11-17 21:24:11,410] {logging_mixin.py:109} INFO - [2021-11-17 21:24:11,410] {dag.py:2396} INFO - Sync 1 DAGs
[2021-11-17 21:24:11,431] {logging_mixin.py:109} INFO - [2021-11-17 21:24:11,431] {dag.py:2928} INFO - Setting next_dagrun for example_task_group_decorator to 2021-11-16T21:24:11.430685+00:00
[2021-11-17 21:24:11,446] {processor.py:171} INFO - Processing /home/airflow/.local/lib/python3.7/site-packages/airflow/example_dags/example_task_group_decorator.py took 0.714 seconds
[2021-11-17 21:24:41,818] {processor.py:163} INFO - Started process (PID=399) to work on /home/airflow/.local/lib/python3.7/site-packages/airflow/example_dags/example_task_group_decorator.py
[2021-11-17 21:24:41,825] {processor.py:625} INFO - Processing file /home/airflow/.local/lib/python3.7/site-packages/airflow/example_dags/example_task_group_decorator.py for tasks to queue
[2021-11-17 21:24:41,826] {logging_mixin.py:109} INFO - [2021-11-17 21:24:41,826] {dagbag.py:500} INFO - Filling up the DagBag from /home/airflow/.local/lib/python3.7/site-packages/airflow/example_dags/example_task_group_decorator.py
[2021-11-17 21:24:41,871] {processor.py:637} INFO - DAG(s) dict_keys(['example_task_group_decorator']) retrieved from /home/airflow/.local/lib/python3.7/site-packages/airflow/example_dags/example_task_group_decorator.py
[2021-11-17 21:24:42,188] {logging_mixin.py:109} INFO - [2021-11-17 21:24:42,188] {dag.py:2396} INFO - Sync 1 DAGs
[2021-11-17 21:24:42,204] {logging_mixin.py:109} INFO - [2021-11-17 21:24:42,204] {dag.py:2928} INFO - Setting next_dagrun for example_task_group_decorator to 2021-11-16T21:24:42.204126+00:00
[2021-11-17 21:24:42,218] {processor.py:171} INFO - Processing /home/airflow/.local/lib/python3.7/site-packages/airflow/example_dags/example_task_group_decorator.py took 0.404 seconds
