[2021-11-17 21:23:22,621] {processor.py:163} INFO - Started process (PID=226) to work on /home/airflow/.local/lib/python3.7/site-packages/airflow/example_dags/example_xcom.py
[2021-11-17 21:23:22,623] {processor.py:625} INFO - Processing file /home/airflow/.local/lib/python3.7/site-packages/airflow/example_dags/example_xcom.py for tasks to queue
[2021-11-17 21:23:22,625] {logging_mixin.py:109} INFO - [2021-11-17 21:23:22,625] {dagbag.py:500} INFO - Filling up the DagBag from /home/airflow/.local/lib/python3.7/site-packages/airflow/example_dags/example_xcom.py
[2021-11-17 21:23:22,665] {processor.py:637} INFO - DAG(s) dict_keys(['example_xcom']) retrieved from /home/airflow/.local/lib/python3.7/site-packages/airflow/example_dags/example_xcom.py
[2021-11-17 21:23:24,177] {logging_mixin.py:109} INFO - [2021-11-17 21:23:24,177] {providers_manager.py:156} WARNING - Exception when importing 'airflow.providers.google.leveldb.hooks.leveldb.LevelDBHook' from 'apache-airflow-providers-google' package: No module named 'plyvel'
[2021-11-17 21:23:24,580] {logging_mixin.py:109} INFO - [2021-11-17 21:23:24,580] {providers_manager.py:156} WARNING - Exception when importing 'airflow.providers.google.leveldb.hooks.leveldb.LevelDBHook' from 'apache-airflow-providers-google' package: No module named 'plyvel'
[2021-11-17 21:23:24,609] {logging_mixin.py:109} INFO - [2021-11-17 21:23:24,609] {manager.py:496} INFO - Created Permission View: can edit on DAG:example_xcom
[2021-11-17 21:23:24,619] {logging_mixin.py:109} INFO - [2021-11-17 21:23:24,619] {manager.py:496} INFO - Created Permission View: can read on DAG:example_xcom
[2021-11-17 21:23:24,621] {logging_mixin.py:109} INFO - [2021-11-17 21:23:24,620] {dag.py:2396} INFO - Sync 1 DAGs
[2021-11-17 21:23:24,631] {logging_mixin.py:109} INFO - [2021-11-17 21:23:24,630] {dag.py:2415} INFO - Creating ORM DAG for example_xcom
[2021-11-17 21:23:24,640] {logging_mixin.py:109} INFO - [2021-11-17 21:23:24,640] {dag.py:2928} INFO - Setting next_dagrun for example_xcom to 2021-01-01T00:00:00+00:00
[2021-11-17 21:23:24,656] {processor.py:171} INFO - Processing /home/airflow/.local/lib/python3.7/site-packages/airflow/example_dags/example_xcom.py took 2.039 seconds
[2021-11-17 21:23:54,721] {processor.py:163} INFO - Started process (PID=304) to work on /home/airflow/.local/lib/python3.7/site-packages/airflow/example_dags/example_xcom.py
[2021-11-17 21:23:54,724] {processor.py:625} INFO - Processing file /home/airflow/.local/lib/python3.7/site-packages/airflow/example_dags/example_xcom.py for tasks to queue
[2021-11-17 21:23:54,726] {logging_mixin.py:109} INFO - [2021-11-17 21:23:54,726] {dagbag.py:500} INFO - Filling up the DagBag from /home/airflow/.local/lib/python3.7/site-packages/airflow/example_dags/example_xcom.py
[2021-11-17 21:23:54,776] {processor.py:637} INFO - DAG(s) dict_keys(['example_xcom']) retrieved from /home/airflow/.local/lib/python3.7/site-packages/airflow/example_dags/example_xcom.py
[2021-11-17 21:23:55,232] {logging_mixin.py:109} INFO - [2021-11-17 21:23:55,232] {dag.py:2396} INFO - Sync 1 DAGs
[2021-11-17 21:23:55,265] {logging_mixin.py:109} INFO - [2021-11-17 21:23:55,265] {dag.py:2928} INFO - Setting next_dagrun for example_xcom to 2021-01-01T00:00:00+00:00
[2021-11-17 21:23:55,289] {processor.py:171} INFO - Processing /home/airflow/.local/lib/python3.7/site-packages/airflow/example_dags/example_xcom.py took 0.593 seconds
[2021-11-17 21:24:26,260] {processor.py:163} INFO - Started process (PID=369) to work on /home/airflow/.local/lib/python3.7/site-packages/airflow/example_dags/example_xcom.py
[2021-11-17 21:24:26,265] {processor.py:625} INFO - Processing file /home/airflow/.local/lib/python3.7/site-packages/airflow/example_dags/example_xcom.py for tasks to queue
[2021-11-17 21:24:26,284] {logging_mixin.py:109} INFO - [2021-11-17 21:24:26,284] {dagbag.py:500} INFO - Filling up the DagBag from /home/airflow/.local/lib/python3.7/site-packages/airflow/example_dags/example_xcom.py
[2021-11-17 21:24:26,339] {processor.py:637} INFO - DAG(s) dict_keys(['example_xcom']) retrieved from /home/airflow/.local/lib/python3.7/site-packages/airflow/example_dags/example_xcom.py
[2021-11-17 21:24:26,727] {logging_mixin.py:109} INFO - [2021-11-17 21:24:26,727] {dag.py:2396} INFO - Sync 1 DAGs
[2021-11-17 21:24:26,747] {logging_mixin.py:109} INFO - [2021-11-17 21:24:26,747] {dag.py:2928} INFO - Setting next_dagrun for example_xcom to 2021-01-01T00:00:00+00:00
[2021-11-17 21:24:26,769] {processor.py:171} INFO - Processing /home/airflow/.local/lib/python3.7/site-packages/airflow/example_dags/example_xcom.py took 0.515 seconds
[2021-11-17 21:24:56,841] {processor.py:163} INFO - Started process (PID=422) to work on /home/airflow/.local/lib/python3.7/site-packages/airflow/example_dags/example_xcom.py
[2021-11-17 21:24:56,844] {processor.py:625} INFO - Processing file /home/airflow/.local/lib/python3.7/site-packages/airflow/example_dags/example_xcom.py for tasks to queue
[2021-11-17 21:24:56,849] {logging_mixin.py:109} INFO - [2021-11-17 21:24:56,849] {dagbag.py:500} INFO - Filling up the DagBag from /home/airflow/.local/lib/python3.7/site-packages/airflow/example_dags/example_xcom.py
[2021-11-17 21:24:56,888] {processor.py:637} INFO - DAG(s) dict_keys(['example_xcom']) retrieved from /home/airflow/.local/lib/python3.7/site-packages/airflow/example_dags/example_xcom.py
[2021-11-17 21:24:57,266] {logging_mixin.py:109} INFO - [2021-11-17 21:24:57,266] {dag.py:2396} INFO - Sync 1 DAGs
[2021-11-17 21:24:57,281] {logging_mixin.py:109} INFO - [2021-11-17 21:24:57,281] {dag.py:2928} INFO - Setting next_dagrun for example_xcom to 2021-01-01T00:00:00+00:00
[2021-11-17 21:24:57,294] {processor.py:171} INFO - Processing /home/airflow/.local/lib/python3.7/site-packages/airflow/example_dags/example_xcom.py took 0.458 seconds
