[2021-11-17 21:23:11,629] {processor.py:163} INFO - Started process (PID=154) to work on /home/airflow/.local/lib/python3.7/site-packages/airflow/example_dags/example_branch_datetime_operator.py
[2021-11-17 21:23:11,630] {processor.py:625} INFO - Processing file /home/airflow/.local/lib/python3.7/site-packages/airflow/example_dags/example_branch_datetime_operator.py for tasks to queue
[2021-11-17 21:23:11,632] {logging_mixin.py:109} INFO - [2021-11-17 21:23:11,632] {dagbag.py:500} INFO - Filling up the DagBag from /home/airflow/.local/lib/python3.7/site-packages/airflow/example_dags/example_branch_datetime_operator.py
[2021-11-17 21:23:11,677] {processor.py:637} INFO - DAG(s) dict_keys(['example_branch_datetime_operator_2']) retrieved from /home/airflow/.local/lib/python3.7/site-packages/airflow/example_dags/example_branch_datetime_operator.py
[2021-11-17 21:23:13,401] {logging_mixin.py:109} INFO - [2021-11-17 21:23:13,401] {providers_manager.py:156} WARNING - Exception when importing 'airflow.providers.google.leveldb.hooks.leveldb.LevelDBHook' from 'apache-airflow-providers-google' package: No module named 'plyvel'
[2021-11-17 21:23:13,871] {logging_mixin.py:109} INFO - [2021-11-17 21:23:13,871] {providers_manager.py:156} WARNING - Exception when importing 'airflow.providers.google.leveldb.hooks.leveldb.LevelDBHook' from 'apache-airflow-providers-google' package: No module named 'plyvel'
[2021-11-17 21:23:13,891] {logging_mixin.py:109} INFO - [2021-11-17 21:23:13,891] {manager.py:496} INFO - Created Permission View: can edit on DAG:example_branch_datetime_operator_2
[2021-11-17 21:23:13,902] {logging_mixin.py:109} INFO - [2021-11-17 21:23:13,902] {manager.py:496} INFO - Created Permission View: can read on DAG:example_branch_datetime_operator_2
[2021-11-17 21:23:13,903] {logging_mixin.py:109} INFO - [2021-11-17 21:23:13,903] {dag.py:2396} INFO - Sync 1 DAGs
[2021-11-17 21:23:13,912] {logging_mixin.py:109} INFO - [2021-11-17 21:23:13,911] {dag.py:2415} INFO - Creating ORM DAG for example_branch_datetime_operator_2
[2021-11-17 21:23:13,927] {logging_mixin.py:109} INFO - [2021-11-17 21:23:13,927] {dag.py:2928} INFO - Setting next_dagrun for example_branch_datetime_operator_2 to 2021-11-16 00:00:00+00:00
[2021-11-17 21:23:13,944] {processor.py:171} INFO - Processing /home/airflow/.local/lib/python3.7/site-packages/airflow/example_dags/example_branch_datetime_operator.py took 2.322 seconds
[2021-11-17 21:23:44,559] {processor.py:163} INFO - Started process (PID=294) to work on /home/airflow/.local/lib/python3.7/site-packages/airflow/example_dags/example_branch_datetime_operator.py
[2021-11-17 21:23:44,562] {processor.py:625} INFO - Processing file /home/airflow/.local/lib/python3.7/site-packages/airflow/example_dags/example_branch_datetime_operator.py for tasks to queue
[2021-11-17 21:23:44,564] {logging_mixin.py:109} INFO - [2021-11-17 21:23:44,564] {dagbag.py:500} INFO - Filling up the DagBag from /home/airflow/.local/lib/python3.7/site-packages/airflow/example_dags/example_branch_datetime_operator.py
[2021-11-17 21:23:44,620] {processor.py:637} INFO - DAG(s) dict_keys(['example_branch_datetime_operator_2']) retrieved from /home/airflow/.local/lib/python3.7/site-packages/airflow/example_dags/example_branch_datetime_operator.py
[2021-11-17 21:23:44,637] {logging_mixin.py:109} INFO - [2021-11-17 21:23:44,637] {dag.py:2396} INFO - Sync 1 DAGs
[2021-11-17 21:23:44,663] {logging_mixin.py:109} INFO - [2021-11-17 21:23:44,663] {dag.py:2928} INFO - Setting next_dagrun for example_branch_datetime_operator_2 to 2021-11-16 00:00:00+00:00
[2021-11-17 21:23:44,681] {processor.py:171} INFO - Processing /home/airflow/.local/lib/python3.7/site-packages/airflow/example_dags/example_branch_datetime_operator.py took 0.128 seconds
[2021-11-17 21:24:15,018] {processor.py:163} INFO - Started process (PID=348) to work on /home/airflow/.local/lib/python3.7/site-packages/airflow/example_dags/example_branch_datetime_operator.py
[2021-11-17 21:24:15,023] {processor.py:625} INFO - Processing file /home/airflow/.local/lib/python3.7/site-packages/airflow/example_dags/example_branch_datetime_operator.py for tasks to queue
[2021-11-17 21:24:15,032] {logging_mixin.py:109} INFO - [2021-11-17 21:24:15,032] {dagbag.py:500} INFO - Filling up the DagBag from /home/airflow/.local/lib/python3.7/site-packages/airflow/example_dags/example_branch_datetime_operator.py
[2021-11-17 21:24:15,123] {processor.py:637} INFO - DAG(s) dict_keys(['example_branch_datetime_operator_2']) retrieved from /home/airflow/.local/lib/python3.7/site-packages/airflow/example_dags/example_branch_datetime_operator.py
[2021-11-17 21:24:15,149] {logging_mixin.py:109} INFO - [2021-11-17 21:24:15,149] {dag.py:2396} INFO - Sync 1 DAGs
[2021-11-17 21:24:15,214] {logging_mixin.py:109} INFO - [2021-11-17 21:24:15,214] {dag.py:2928} INFO - Setting next_dagrun for example_branch_datetime_operator_2 to 2021-11-16 00:00:00+00:00
[2021-11-17 21:24:15,275] {processor.py:171} INFO - Processing /home/airflow/.local/lib/python3.7/site-packages/airflow/example_dags/example_branch_datetime_operator.py took 0.267 seconds
[2021-11-17 21:24:45,606] {processor.py:163} INFO - Started process (PID=402) to work on /home/airflow/.local/lib/python3.7/site-packages/airflow/example_dags/example_branch_datetime_operator.py
[2021-11-17 21:24:45,613] {processor.py:625} INFO - Processing file /home/airflow/.local/lib/python3.7/site-packages/airflow/example_dags/example_branch_datetime_operator.py for tasks to queue
[2021-11-17 21:24:45,615] {logging_mixin.py:109} INFO - [2021-11-17 21:24:45,615] {dagbag.py:500} INFO - Filling up the DagBag from /home/airflow/.local/lib/python3.7/site-packages/airflow/example_dags/example_branch_datetime_operator.py
[2021-11-17 21:24:45,656] {processor.py:637} INFO - DAG(s) dict_keys(['example_branch_datetime_operator_2']) retrieved from /home/airflow/.local/lib/python3.7/site-packages/airflow/example_dags/example_branch_datetime_operator.py
[2021-11-17 21:24:45,670] {logging_mixin.py:109} INFO - [2021-11-17 21:24:45,670] {dag.py:2396} INFO - Sync 1 DAGs
[2021-11-17 21:24:45,695] {logging_mixin.py:109} INFO - [2021-11-17 21:24:45,695] {dag.py:2928} INFO - Setting next_dagrun for example_branch_datetime_operator_2 to 2021-11-16 00:00:00+00:00
[2021-11-17 21:24:45,711] {processor.py:171} INFO - Processing /home/airflow/.local/lib/python3.7/site-packages/airflow/example_dags/example_branch_datetime_operator.py took 0.110 seconds
