[2021-11-17 21:23:20,631] {processor.py:163} INFO - Started process (PID=215) to work on /home/airflow/.local/lib/python3.7/site-packages/airflow/example_dags/example_trigger_target_dag.py
[2021-11-17 21:23:20,633] {processor.py:625} INFO - Processing file /home/airflow/.local/lib/python3.7/site-packages/airflow/example_dags/example_trigger_target_dag.py for tasks to queue
[2021-11-17 21:23:20,635] {logging_mixin.py:109} INFO - [2021-11-17 21:23:20,635] {dagbag.py:500} INFO - Filling up the DagBag from /home/airflow/.local/lib/python3.7/site-packages/airflow/example_dags/example_trigger_target_dag.py
[2021-11-17 21:23:20,678] {processor.py:637} INFO - DAG(s) dict_keys(['example_trigger_target_dag']) retrieved from /home/airflow/.local/lib/python3.7/site-packages/airflow/example_dags/example_trigger_target_dag.py
[2021-11-17 21:23:22,342] {logging_mixin.py:109} INFO - [2021-11-17 21:23:22,342] {providers_manager.py:156} WARNING - Exception when importing 'airflow.providers.google.leveldb.hooks.leveldb.LevelDBHook' from 'apache-airflow-providers-google' package: No module named 'plyvel'
[2021-11-17 21:23:22,749] {logging_mixin.py:109} INFO - [2021-11-17 21:23:22,749] {providers_manager.py:156} WARNING - Exception when importing 'airflow.providers.google.leveldb.hooks.leveldb.LevelDBHook' from 'apache-airflow-providers-google' package: No module named 'plyvel'
[2021-11-17 21:23:22,773] {logging_mixin.py:109} INFO - [2021-11-17 21:23:22,773] {manager.py:496} INFO - Created Permission View: can edit on DAG:example_trigger_target_dag
[2021-11-17 21:23:22,783] {logging_mixin.py:109} INFO - [2021-11-17 21:23:22,783] {manager.py:496} INFO - Created Permission View: can read on DAG:example_trigger_target_dag
[2021-11-17 21:23:22,784] {logging_mixin.py:109} INFO - [2021-11-17 21:23:22,784] {dag.py:2396} INFO - Sync 1 DAGs
[2021-11-17 21:23:22,795] {logging_mixin.py:109} INFO - [2021-11-17 21:23:22,795] {dag.py:2415} INFO - Creating ORM DAG for example_trigger_target_dag
[2021-11-17 21:23:22,806] {logging_mixin.py:109} INFO - [2021-11-17 21:23:22,806] {dag.py:2928} INFO - Setting next_dagrun for example_trigger_target_dag to None
[2021-11-17 21:23:22,821] {processor.py:171} INFO - Processing /home/airflow/.local/lib/python3.7/site-packages/airflow/example_dags/example_trigger_target_dag.py took 2.194 seconds
[2021-11-17 21:23:53,710] {processor.py:163} INFO - Started process (PID=303) to work on /home/airflow/.local/lib/python3.7/site-packages/airflow/example_dags/example_trigger_target_dag.py
[2021-11-17 21:23:53,712] {processor.py:625} INFO - Processing file /home/airflow/.local/lib/python3.7/site-packages/airflow/example_dags/example_trigger_target_dag.py for tasks to queue
[2021-11-17 21:23:53,714] {logging_mixin.py:109} INFO - [2021-11-17 21:23:53,714] {dagbag.py:500} INFO - Filling up the DagBag from /home/airflow/.local/lib/python3.7/site-packages/airflow/example_dags/example_trigger_target_dag.py
[2021-11-17 21:23:53,751] {processor.py:637} INFO - DAG(s) dict_keys(['example_trigger_target_dag']) retrieved from /home/airflow/.local/lib/python3.7/site-packages/airflow/example_dags/example_trigger_target_dag.py
[2021-11-17 21:23:53,764] {logging_mixin.py:109} INFO - [2021-11-17 21:23:53,764] {dag.py:2396} INFO - Sync 1 DAGs
[2021-11-17 21:23:53,785] {logging_mixin.py:109} INFO - [2021-11-17 21:23:53,785] {dag.py:2928} INFO - Setting next_dagrun for example_trigger_target_dag to None
[2021-11-17 21:23:53,800] {processor.py:171} INFO - Processing /home/airflow/.local/lib/python3.7/site-packages/airflow/example_dags/example_trigger_target_dag.py took 0.094 seconds
[2021-11-17 21:24:24,150] {processor.py:163} INFO - Started process (PID=368) to work on /home/airflow/.local/lib/python3.7/site-packages/airflow/example_dags/example_trigger_target_dag.py
[2021-11-17 21:24:24,152] {processor.py:625} INFO - Processing file /home/airflow/.local/lib/python3.7/site-packages/airflow/example_dags/example_trigger_target_dag.py for tasks to queue
[2021-11-17 21:24:24,154] {logging_mixin.py:109} INFO - [2021-11-17 21:24:24,154] {dagbag.py:500} INFO - Filling up the DagBag from /home/airflow/.local/lib/python3.7/site-packages/airflow/example_dags/example_trigger_target_dag.py
[2021-11-17 21:24:24,210] {processor.py:637} INFO - DAG(s) dict_keys(['example_trigger_target_dag']) retrieved from /home/airflow/.local/lib/python3.7/site-packages/airflow/example_dags/example_trigger_target_dag.py
[2021-11-17 21:24:24,226] {logging_mixin.py:109} INFO - [2021-11-17 21:24:24,226] {dag.py:2396} INFO - Sync 1 DAGs
[2021-11-17 21:24:24,250] {logging_mixin.py:109} INFO - [2021-11-17 21:24:24,250] {dag.py:2928} INFO - Setting next_dagrun for example_trigger_target_dag to None
[2021-11-17 21:24:24,270] {processor.py:171} INFO - Processing /home/airflow/.local/lib/python3.7/site-packages/airflow/example_dags/example_trigger_target_dag.py took 0.124 seconds
[2021-11-17 21:24:54,619] {processor.py:163} INFO - Started process (PID=420) to work on /home/airflow/.local/lib/python3.7/site-packages/airflow/example_dags/example_trigger_target_dag.py
[2021-11-17 21:24:54,627] {processor.py:625} INFO - Processing file /home/airflow/.local/lib/python3.7/site-packages/airflow/example_dags/example_trigger_target_dag.py for tasks to queue
[2021-11-17 21:24:54,629] {logging_mixin.py:109} INFO - [2021-11-17 21:24:54,628] {dagbag.py:500} INFO - Filling up the DagBag from /home/airflow/.local/lib/python3.7/site-packages/airflow/example_dags/example_trigger_target_dag.py
[2021-11-17 21:24:54,665] {processor.py:637} INFO - DAG(s) dict_keys(['example_trigger_target_dag']) retrieved from /home/airflow/.local/lib/python3.7/site-packages/airflow/example_dags/example_trigger_target_dag.py
[2021-11-17 21:24:54,681] {logging_mixin.py:109} INFO - [2021-11-17 21:24:54,681] {dag.py:2396} INFO - Sync 1 DAGs
[2021-11-17 21:24:54,702] {logging_mixin.py:109} INFO - [2021-11-17 21:24:54,701] {dag.py:2928} INFO - Setting next_dagrun for example_trigger_target_dag to None
[2021-11-17 21:24:54,716] {processor.py:171} INFO - Processing /home/airflow/.local/lib/python3.7/site-packages/airflow/example_dags/example_trigger_target_dag.py took 0.102 seconds
