[2021-11-17 21:23:07,419] {processor.py:163} INFO - Started process (PID=131) to work on /home/airflow/.local/lib/python3.7/site-packages/airflow/example_dags/example_kubernetes_executor_config.py
[2021-11-17 21:23:07,421] {processor.py:625} INFO - Processing file /home/airflow/.local/lib/python3.7/site-packages/airflow/example_dags/example_kubernetes_executor_config.py for tasks to queue
[2021-11-17 21:23:07,423] {logging_mixin.py:109} INFO - [2021-11-17 21:23:07,423] {dagbag.py:500} INFO - Filling up the DagBag from /home/airflow/.local/lib/python3.7/site-packages/airflow/example_dags/example_kubernetes_executor_config.py
[2021-11-17 21:23:07,467] {processor.py:637} INFO - DAG(s) dict_keys(['example_kubernetes_executor_config']) retrieved from /home/airflow/.local/lib/python3.7/site-packages/airflow/example_dags/example_kubernetes_executor_config.py
[2021-11-17 21:23:09,071] {logging_mixin.py:109} INFO - [2021-11-17 21:23:09,071] {providers_manager.py:156} WARNING - Exception when importing 'airflow.providers.google.leveldb.hooks.leveldb.LevelDBHook' from 'apache-airflow-providers-google' package: No module named 'plyvel'
[2021-11-17 21:23:09,490] {logging_mixin.py:109} INFO - [2021-11-17 21:23:09,489] {providers_manager.py:156} WARNING - Exception when importing 'airflow.providers.google.leveldb.hooks.leveldb.LevelDBHook' from 'apache-airflow-providers-google' package: No module named 'plyvel'
[2021-11-17 21:23:09,528] {logging_mixin.py:109} INFO - [2021-11-17 21:23:09,528] {manager.py:496} INFO - Created Permission View: can edit on DAG:example_kubernetes_executor_config
[2021-11-17 21:23:09,538] {logging_mixin.py:109} INFO - [2021-11-17 21:23:09,538] {manager.py:496} INFO - Created Permission View: can read on DAG:example_kubernetes_executor_config
[2021-11-17 21:23:09,539] {logging_mixin.py:109} INFO - [2021-11-17 21:23:09,538] {dag.py:2396} INFO - Sync 1 DAGs
[2021-11-17 21:23:09,554] {logging_mixin.py:109} INFO - [2021-11-17 21:23:09,554] {dag.py:2415} INFO - Creating ORM DAG for example_kubernetes_executor_config
[2021-11-17 21:23:09,565] {logging_mixin.py:109} INFO - [2021-11-17 21:23:09,565] {dag.py:2928} INFO - Setting next_dagrun for example_kubernetes_executor_config to None
[2021-11-17 21:23:09,583] {processor.py:171} INFO - Processing /home/airflow/.local/lib/python3.7/site-packages/airflow/example_dags/example_kubernetes_executor_config.py took 2.168 seconds
[2021-11-17 21:23:40,157] {processor.py:163} INFO - Started process (PID=280) to work on /home/airflow/.local/lib/python3.7/site-packages/airflow/example_dags/example_kubernetes_executor_config.py
[2021-11-17 21:23:40,159] {processor.py:625} INFO - Processing file /home/airflow/.local/lib/python3.7/site-packages/airflow/example_dags/example_kubernetes_executor_config.py for tasks to queue
[2021-11-17 21:23:40,161] {logging_mixin.py:109} INFO - [2021-11-17 21:23:40,161] {dagbag.py:500} INFO - Filling up the DagBag from /home/airflow/.local/lib/python3.7/site-packages/airflow/example_dags/example_kubernetes_executor_config.py
[2021-11-17 21:23:40,202] {processor.py:637} INFO - DAG(s) dict_keys(['example_kubernetes_executor_config']) retrieved from /home/airflow/.local/lib/python3.7/site-packages/airflow/example_dags/example_kubernetes_executor_config.py
[2021-11-17 21:23:40,219] {logging_mixin.py:109} INFO - [2021-11-17 21:23:40,219] {dag.py:2396} INFO - Sync 1 DAGs
[2021-11-17 21:23:40,239] {logging_mixin.py:109} INFO - [2021-11-17 21:23:40,239] {dag.py:2928} INFO - Setting next_dagrun for example_kubernetes_executor_config to None
[2021-11-17 21:23:40,255] {processor.py:171} INFO - Processing /home/airflow/.local/lib/python3.7/site-packages/airflow/example_dags/example_kubernetes_executor_config.py took 0.103 seconds
[2021-11-17 21:24:10,438] {processor.py:163} INFO - Started process (PID=334) to work on /home/airflow/.local/lib/python3.7/site-packages/airflow/example_dags/example_kubernetes_executor_config.py
[2021-11-17 21:24:10,442] {processor.py:625} INFO - Processing file /home/airflow/.local/lib/python3.7/site-packages/airflow/example_dags/example_kubernetes_executor_config.py for tasks to queue
[2021-11-17 21:24:10,447] {logging_mixin.py:109} INFO - [2021-11-17 21:24:10,447] {dagbag.py:500} INFO - Filling up the DagBag from /home/airflow/.local/lib/python3.7/site-packages/airflow/example_dags/example_kubernetes_executor_config.py
[2021-11-17 21:24:10,541] {processor.py:637} INFO - DAG(s) dict_keys(['example_kubernetes_executor_config']) retrieved from /home/airflow/.local/lib/python3.7/site-packages/airflow/example_dags/example_kubernetes_executor_config.py
[2021-11-17 21:24:10,574] {logging_mixin.py:109} INFO - [2021-11-17 21:24:10,574] {dag.py:2396} INFO - Sync 1 DAGs
[2021-11-17 21:24:10,618] {logging_mixin.py:109} INFO - [2021-11-17 21:24:10,618] {dag.py:2928} INFO - Setting next_dagrun for example_kubernetes_executor_config to None
[2021-11-17 21:24:10,650] {processor.py:171} INFO - Processing /home/airflow/.local/lib/python3.7/site-packages/airflow/example_dags/example_kubernetes_executor_config.py took 0.232 seconds
[2021-11-17 21:24:40,810] {processor.py:163} INFO - Started process (PID=398) to work on /home/airflow/.local/lib/python3.7/site-packages/airflow/example_dags/example_kubernetes_executor_config.py
[2021-11-17 21:24:40,813] {processor.py:625} INFO - Processing file /home/airflow/.local/lib/python3.7/site-packages/airflow/example_dags/example_kubernetes_executor_config.py for tasks to queue
[2021-11-17 21:24:40,814] {logging_mixin.py:109} INFO - [2021-11-17 21:24:40,814] {dagbag.py:500} INFO - Filling up the DagBag from /home/airflow/.local/lib/python3.7/site-packages/airflow/example_dags/example_kubernetes_executor_config.py
[2021-11-17 21:24:40,849] {processor.py:637} INFO - DAG(s) dict_keys(['example_kubernetes_executor_config']) retrieved from /home/airflow/.local/lib/python3.7/site-packages/airflow/example_dags/example_kubernetes_executor_config.py
[2021-11-17 21:24:40,871] {logging_mixin.py:109} INFO - [2021-11-17 21:24:40,870] {dag.py:2396} INFO - Sync 1 DAGs
[2021-11-17 21:24:40,892] {logging_mixin.py:109} INFO - [2021-11-17 21:24:40,892] {dag.py:2928} INFO - Setting next_dagrun for example_kubernetes_executor_config to None
[2021-11-17 21:24:40,907] {processor.py:171} INFO - Processing /home/airflow/.local/lib/python3.7/site-packages/airflow/example_dags/example_kubernetes_executor_config.py took 0.100 seconds
[2021-11-17 21:25:11,327] {processor.py:163} INFO - Started process (PID=450) to work on /home/airflow/.local/lib/python3.7/site-packages/airflow/example_dags/example_kubernetes_executor_config.py
[2021-11-17 21:25:11,330] {processor.py:625} INFO - Processing file /home/airflow/.local/lib/python3.7/site-packages/airflow/example_dags/example_kubernetes_executor_config.py for tasks to queue
[2021-11-17 21:25:11,333] {logging_mixin.py:109} INFO - [2021-11-17 21:25:11,333] {dagbag.py:500} INFO - Filling up the DagBag from /home/airflow/.local/lib/python3.7/site-packages/airflow/example_dags/example_kubernetes_executor_config.py
[2021-11-17 21:25:11,417] {processor.py:637} INFO - DAG(s) dict_keys(['example_kubernetes_executor_config']) retrieved from /home/airflow/.local/lib/python3.7/site-packages/airflow/example_dags/example_kubernetes_executor_config.py
[2021-11-17 21:25:11,451] {logging_mixin.py:109} INFO - [2021-11-17 21:25:11,451] {dag.py:2396} INFO - Sync 1 DAGs
[2021-11-17 21:25:11,496] {logging_mixin.py:109} INFO - [2021-11-17 21:25:11,496] {dag.py:2928} INFO - Setting next_dagrun for example_kubernetes_executor_config to None
[2021-11-17 21:25:11,519] {processor.py:171} INFO - Processing /home/airflow/.local/lib/python3.7/site-packages/airflow/example_dags/example_kubernetes_executor_config.py took 0.199 seconds
