[2021-11-17 21:23:24,718] {processor.py:163} INFO - Started process (PID=238) to work on /home/airflow/.local/lib/python3.7/site-packages/airflow/example_dags/example_kubernetes_executor.py
[2021-11-17 21:23:24,720] {processor.py:625} INFO - Processing file /home/airflow/.local/lib/python3.7/site-packages/airflow/example_dags/example_kubernetes_executor.py for tasks to queue
[2021-11-17 21:23:24,721] {logging_mixin.py:109} INFO - [2021-11-17 21:23:24,721] {dagbag.py:500} INFO - Filling up the DagBag from /home/airflow/.local/lib/python3.7/site-packages/airflow/example_dags/example_kubernetes_executor.py
[2021-11-17 21:23:24,763] {processor.py:637} INFO - DAG(s) dict_keys(['example_kubernetes_executor']) retrieved from /home/airflow/.local/lib/python3.7/site-packages/airflow/example_dags/example_kubernetes_executor.py
[2021-11-17 21:23:26,200] {logging_mixin.py:109} INFO - [2021-11-17 21:23:26,200] {providers_manager.py:156} WARNING - Exception when importing 'airflow.providers.google.leveldb.hooks.leveldb.LevelDBHook' from 'apache-airflow-providers-google' package: No module named 'plyvel'
[2021-11-17 21:23:26,588] {logging_mixin.py:109} INFO - [2021-11-17 21:23:26,588] {providers_manager.py:156} WARNING - Exception when importing 'airflow.providers.google.leveldb.hooks.leveldb.LevelDBHook' from 'apache-airflow-providers-google' package: No module named 'plyvel'
[2021-11-17 21:23:26,611] {logging_mixin.py:109} INFO - [2021-11-17 21:23:26,611] {manager.py:496} INFO - Created Permission View: can edit on DAG:example_kubernetes_executor
[2021-11-17 21:23:26,621] {logging_mixin.py:109} INFO - [2021-11-17 21:23:26,621] {manager.py:496} INFO - Created Permission View: can read on DAG:example_kubernetes_executor
[2021-11-17 21:23:26,622] {logging_mixin.py:109} INFO - [2021-11-17 21:23:26,622] {dag.py:2396} INFO - Sync 1 DAGs
[2021-11-17 21:23:26,631] {logging_mixin.py:109} INFO - [2021-11-17 21:23:26,630] {dag.py:2415} INFO - Creating ORM DAG for example_kubernetes_executor
[2021-11-17 21:23:26,640] {logging_mixin.py:109} INFO - [2021-11-17 21:23:26,640] {dag.py:2928} INFO - Setting next_dagrun for example_kubernetes_executor to None
[2021-11-17 21:23:26,656] {processor.py:171} INFO - Processing /home/airflow/.local/lib/python3.7/site-packages/airflow/example_dags/example_kubernetes_executor.py took 1.968 seconds
[2021-11-17 21:23:56,813] {processor.py:163} INFO - Started process (PID=317) to work on /home/airflow/.local/lib/python3.7/site-packages/airflow/example_dags/example_kubernetes_executor.py
[2021-11-17 21:23:56,818] {processor.py:625} INFO - Processing file /home/airflow/.local/lib/python3.7/site-packages/airflow/example_dags/example_kubernetes_executor.py for tasks to queue
[2021-11-17 21:23:56,823] {logging_mixin.py:109} INFO - [2021-11-17 21:23:56,823] {dagbag.py:500} INFO - Filling up the DagBag from /home/airflow/.local/lib/python3.7/site-packages/airflow/example_dags/example_kubernetes_executor.py
[2021-11-17 21:23:56,898] {processor.py:637} INFO - DAG(s) dict_keys(['example_kubernetes_executor']) retrieved from /home/airflow/.local/lib/python3.7/site-packages/airflow/example_dags/example_kubernetes_executor.py
[2021-11-17 21:23:56,928] {logging_mixin.py:109} INFO - [2021-11-17 21:23:56,927] {dag.py:2396} INFO - Sync 1 DAGs
[2021-11-17 21:23:56,975] {logging_mixin.py:109} INFO - [2021-11-17 21:23:56,975] {dag.py:2928} INFO - Setting next_dagrun for example_kubernetes_executor to None
[2021-11-17 21:23:57,012] {processor.py:171} INFO - Processing /home/airflow/.local/lib/python3.7/site-packages/airflow/example_dags/example_kubernetes_executor.py took 0.210 seconds
[2021-11-17 21:24:27,481] {processor.py:163} INFO - Started process (PID=371) to work on /home/airflow/.local/lib/python3.7/site-packages/airflow/example_dags/example_kubernetes_executor.py
[2021-11-17 21:24:27,488] {processor.py:625} INFO - Processing file /home/airflow/.local/lib/python3.7/site-packages/airflow/example_dags/example_kubernetes_executor.py for tasks to queue
[2021-11-17 21:24:27,493] {logging_mixin.py:109} INFO - [2021-11-17 21:24:27,491] {dagbag.py:500} INFO - Filling up the DagBag from /home/airflow/.local/lib/python3.7/site-packages/airflow/example_dags/example_kubernetes_executor.py
[2021-11-17 21:24:27,563] {processor.py:637} INFO - DAG(s) dict_keys(['example_kubernetes_executor']) retrieved from /home/airflow/.local/lib/python3.7/site-packages/airflow/example_dags/example_kubernetes_executor.py
[2021-11-17 21:24:27,594] {logging_mixin.py:109} INFO - [2021-11-17 21:24:27,594] {dag.py:2396} INFO - Sync 1 DAGs
[2021-11-17 21:24:27,627] {logging_mixin.py:109} INFO - [2021-11-17 21:24:27,626] {dag.py:2928} INFO - Setting next_dagrun for example_kubernetes_executor to None
[2021-11-17 21:24:27,646] {processor.py:171} INFO - Processing /home/airflow/.local/lib/python3.7/site-packages/airflow/example_dags/example_kubernetes_executor.py took 0.174 seconds
[2021-11-17 21:24:57,853] {processor.py:163} INFO - Started process (PID=423) to work on /home/airflow/.local/lib/python3.7/site-packages/airflow/example_dags/example_kubernetes_executor.py
[2021-11-17 21:24:57,861] {processor.py:625} INFO - Processing file /home/airflow/.local/lib/python3.7/site-packages/airflow/example_dags/example_kubernetes_executor.py for tasks to queue
[2021-11-17 21:24:57,862] {logging_mixin.py:109} INFO - [2021-11-17 21:24:57,862] {dagbag.py:500} INFO - Filling up the DagBag from /home/airflow/.local/lib/python3.7/site-packages/airflow/example_dags/example_kubernetes_executor.py
[2021-11-17 21:24:57,901] {processor.py:637} INFO - DAG(s) dict_keys(['example_kubernetes_executor']) retrieved from /home/airflow/.local/lib/python3.7/site-packages/airflow/example_dags/example_kubernetes_executor.py
[2021-11-17 21:24:57,916] {logging_mixin.py:109} INFO - [2021-11-17 21:24:57,915] {dag.py:2396} INFO - Sync 1 DAGs
[2021-11-17 21:24:57,938] {logging_mixin.py:109} INFO - [2021-11-17 21:24:57,938] {dag.py:2928} INFO - Setting next_dagrun for example_kubernetes_executor to None
[2021-11-17 21:24:57,953] {processor.py:171} INFO - Processing /home/airflow/.local/lib/python3.7/site-packages/airflow/example_dags/example_kubernetes_executor.py took 0.106 seconds
