[2021-11-17 21:23:18,468] {processor.py:163} INFO - Started process (PID=203) to work on /home/airflow/.local/lib/python3.7/site-packages/airflow/example_dags/example_branch_python_dop_operator_3.py
[2021-11-17 21:23:18,470] {processor.py:625} INFO - Processing file /home/airflow/.local/lib/python3.7/site-packages/airflow/example_dags/example_branch_python_dop_operator_3.py for tasks to queue
[2021-11-17 21:23:18,472] {logging_mixin.py:109} INFO - [2021-11-17 21:23:18,471] {dagbag.py:500} INFO - Filling up the DagBag from /home/airflow/.local/lib/python3.7/site-packages/airflow/example_dags/example_branch_python_dop_operator_3.py
[2021-11-17 21:23:18,515] {processor.py:637} INFO - DAG(s) dict_keys(['example_branch_dop_operator_v3']) retrieved from /home/airflow/.local/lib/python3.7/site-packages/airflow/example_dags/example_branch_python_dop_operator_3.py
[2021-11-17 21:23:20,044] {logging_mixin.py:109} INFO - [2021-11-17 21:23:20,044] {providers_manager.py:156} WARNING - Exception when importing 'airflow.providers.google.leveldb.hooks.leveldb.LevelDBHook' from 'apache-airflow-providers-google' package: No module named 'plyvel'
[2021-11-17 21:23:20,471] {logging_mixin.py:109} INFO - [2021-11-17 21:23:20,471] {providers_manager.py:156} WARNING - Exception when importing 'airflow.providers.google.leveldb.hooks.leveldb.LevelDBHook' from 'apache-airflow-providers-google' package: No module named 'plyvel'
[2021-11-17 21:23:20,500] {logging_mixin.py:109} INFO - [2021-11-17 21:23:20,500] {manager.py:496} INFO - Created Permission View: can edit on DAG:example_branch_dop_operator_v3
[2021-11-17 21:23:20,517] {logging_mixin.py:109} INFO - [2021-11-17 21:23:20,517] {manager.py:496} INFO - Created Permission View: can read on DAG:example_branch_dop_operator_v3
[2021-11-17 21:23:20,519] {logging_mixin.py:109} INFO - [2021-11-17 21:23:20,518] {dag.py:2396} INFO - Sync 1 DAGs
[2021-11-17 21:23:20,531] {logging_mixin.py:109} INFO - [2021-11-17 21:23:20,531] {dag.py:2415} INFO - Creating ORM DAG for example_branch_dop_operator_v3
[2021-11-17 21:23:20,550] {logging_mixin.py:109} INFO - [2021-11-17 21:23:20,550] {dag.py:2928} INFO - Setting next_dagrun for example_branch_dop_operator_v3 to 2021-11-17T21:22:00+00:00
[2021-11-17 21:23:20,569] {processor.py:171} INFO - Processing /home/airflow/.local/lib/python3.7/site-packages/airflow/example_dags/example_branch_python_dop_operator_3.py took 2.105 seconds
[2021-11-17 21:23:51,155] {processor.py:163} INFO - Started process (PID=301) to work on /home/airflow/.local/lib/python3.7/site-packages/airflow/example_dags/example_branch_python_dop_operator_3.py
[2021-11-17 21:23:51,159] {processor.py:625} INFO - Processing file /home/airflow/.local/lib/python3.7/site-packages/airflow/example_dags/example_branch_python_dop_operator_3.py for tasks to queue
[2021-11-17 21:23:51,161] {logging_mixin.py:109} INFO - [2021-11-17 21:23:51,161] {dagbag.py:500} INFO - Filling up the DagBag from /home/airflow/.local/lib/python3.7/site-packages/airflow/example_dags/example_branch_python_dop_operator_3.py
[2021-11-17 21:23:51,213] {processor.py:637} INFO - DAG(s) dict_keys(['example_branch_dop_operator_v3']) retrieved from /home/airflow/.local/lib/python3.7/site-packages/airflow/example_dags/example_branch_python_dop_operator_3.py
[2021-11-17 21:23:51,231] {logging_mixin.py:109} INFO - [2021-11-17 21:23:51,230] {dag.py:2396} INFO - Sync 1 DAGs
[2021-11-17 21:23:51,267] {logging_mixin.py:109} INFO - [2021-11-17 21:23:51,266] {dag.py:2928} INFO - Setting next_dagrun for example_branch_dop_operator_v3 to 2021-11-17T21:22:00+00:00
[2021-11-17 21:23:51,287] {processor.py:171} INFO - Processing /home/airflow/.local/lib/python3.7/site-packages/airflow/example_dags/example_branch_python_dop_operator_3.py took 0.138 seconds
[2021-11-17 21:24:21,535] {processor.py:163} INFO - Started process (PID=354) to work on /home/airflow/.local/lib/python3.7/site-packages/airflow/example_dags/example_branch_python_dop_operator_3.py
[2021-11-17 21:24:21,538] {processor.py:625} INFO - Processing file /home/airflow/.local/lib/python3.7/site-packages/airflow/example_dags/example_branch_python_dop_operator_3.py for tasks to queue
[2021-11-17 21:24:21,541] {logging_mixin.py:109} INFO - [2021-11-17 21:24:21,541] {dagbag.py:500} INFO - Filling up the DagBag from /home/airflow/.local/lib/python3.7/site-packages/airflow/example_dags/example_branch_python_dop_operator_3.py
[2021-11-17 21:24:21,585] {processor.py:637} INFO - DAG(s) dict_keys(['example_branch_dop_operator_v3']) retrieved from /home/airflow/.local/lib/python3.7/site-packages/airflow/example_dags/example_branch_python_dop_operator_3.py
[2021-11-17 21:24:21,599] {logging_mixin.py:109} INFO - [2021-11-17 21:24:21,599] {dag.py:2396} INFO - Sync 1 DAGs
[2021-11-17 21:24:21,634] {logging_mixin.py:109} INFO - [2021-11-17 21:24:21,634] {dag.py:2928} INFO - Setting next_dagrun for example_branch_dop_operator_v3 to 2021-11-17T21:23:00+00:00
[2021-11-17 21:24:21,658] {processor.py:171} INFO - Processing /home/airflow/.local/lib/python3.7/site-packages/airflow/example_dags/example_branch_python_dop_operator_3.py took 0.128 seconds
[2021-11-17 21:24:52,026] {processor.py:163} INFO - Started process (PID=417) to work on /home/airflow/.local/lib/python3.7/site-packages/airflow/example_dags/example_branch_python_dop_operator_3.py
[2021-11-17 21:24:52,034] {processor.py:625} INFO - Processing file /home/airflow/.local/lib/python3.7/site-packages/airflow/example_dags/example_branch_python_dop_operator_3.py for tasks to queue
[2021-11-17 21:24:52,036] {logging_mixin.py:109} INFO - [2021-11-17 21:24:52,036] {dagbag.py:500} INFO - Filling up the DagBag from /home/airflow/.local/lib/python3.7/site-packages/airflow/example_dags/example_branch_python_dop_operator_3.py
[2021-11-17 21:24:52,072] {processor.py:637} INFO - DAG(s) dict_keys(['example_branch_dop_operator_v3']) retrieved from /home/airflow/.local/lib/python3.7/site-packages/airflow/example_dags/example_branch_python_dop_operator_3.py
[2021-11-17 21:24:52,086] {logging_mixin.py:109} INFO - [2021-11-17 21:24:52,086] {dag.py:2396} INFO - Sync 1 DAGs
[2021-11-17 21:24:52,109] {logging_mixin.py:109} INFO - [2021-11-17 21:24:52,108] {dag.py:2928} INFO - Setting next_dagrun for example_branch_dop_operator_v3 to 2021-11-17T21:23:00+00:00
[2021-11-17 21:24:52,123] {processor.py:171} INFO - Processing /home/airflow/.local/lib/python3.7/site-packages/airflow/example_dags/example_branch_python_dop_operator_3.py took 0.101 seconds
