[2021-11-17 21:22:57,331] {processor.py:163} INFO - Started process (PID=85) to work on /home/airflow/.local/lib/python3.7/site-packages/airflow/example_dags/example_branch_labels.py
[2021-11-17 21:22:57,350] {processor.py:625} INFO - Processing file /home/airflow/.local/lib/python3.7/site-packages/airflow/example_dags/example_branch_labels.py for tasks to queue
[2021-11-17 21:22:57,358] {logging_mixin.py:109} INFO - [2021-11-17 21:22:57,357] {dagbag.py:500} INFO - Filling up the DagBag from /home/airflow/.local/lib/python3.7/site-packages/airflow/example_dags/example_branch_labels.py
[2021-11-17 21:22:57,521] {processor.py:637} INFO - DAG(s) dict_keys(['example_branch_labels']) retrieved from /home/airflow/.local/lib/python3.7/site-packages/airflow/example_dags/example_branch_labels.py
[2021-11-17 21:23:00,081] {logging_mixin.py:109} INFO - [2021-11-17 21:23:00,081] {providers_manager.py:156} WARNING - Exception when importing 'airflow.providers.google.leveldb.hooks.leveldb.LevelDBHook' from 'apache-airflow-providers-google' package: No module named 'plyvel'
[2021-11-17 21:23:00,773] {logging_mixin.py:109} INFO - [2021-11-17 21:23:00,773] {providers_manager.py:156} WARNING - Exception when importing 'airflow.providers.google.leveldb.hooks.leveldb.LevelDBHook' from 'apache-airflow-providers-google' package: No module named 'plyvel'
[2021-11-17 21:23:00,812] {logging_mixin.py:109} INFO - [2021-11-17 21:23:00,812] {manager.py:496} INFO - Created Permission View: can edit on DAG:example_branch_labels
[2021-11-17 21:23:00,831] {logging_mixin.py:109} INFO - [2021-11-17 21:23:00,831] {manager.py:496} INFO - Created Permission View: can read on DAG:example_branch_labels
[2021-11-17 21:23:00,833] {logging_mixin.py:109} INFO - [2021-11-17 21:23:00,833] {dag.py:2396} INFO - Sync 1 DAGs
[2021-11-17 21:23:00,851] {logging_mixin.py:109} INFO - [2021-11-17 21:23:00,850] {dag.py:2415} INFO - Creating ORM DAG for example_branch_labels
[2021-11-17 21:23:00,874] {logging_mixin.py:109} INFO - [2021-11-17 21:23:00,874] {dag.py:2928} INFO - Setting next_dagrun for example_branch_labels to 2021-11-16 00:00:00+00:00
[2021-11-17 21:23:00,912] {processor.py:171} INFO - Processing /home/airflow/.local/lib/python3.7/site-packages/airflow/example_dags/example_branch_labels.py took 3.611 seconds
[2021-11-17 21:23:31,697] {processor.py:163} INFO - Started process (PID=274) to work on /home/airflow/.local/lib/python3.7/site-packages/airflow/example_dags/example_branch_labels.py
[2021-11-17 21:23:31,700] {processor.py:625} INFO - Processing file /home/airflow/.local/lib/python3.7/site-packages/airflow/example_dags/example_branch_labels.py for tasks to queue
[2021-11-17 21:23:31,702] {logging_mixin.py:109} INFO - [2021-11-17 21:23:31,702] {dagbag.py:500} INFO - Filling up the DagBag from /home/airflow/.local/lib/python3.7/site-packages/airflow/example_dags/example_branch_labels.py
[2021-11-17 21:23:31,741] {processor.py:637} INFO - DAG(s) dict_keys(['example_branch_labels']) retrieved from /home/airflow/.local/lib/python3.7/site-packages/airflow/example_dags/example_branch_labels.py
[2021-11-17 21:23:31,757] {logging_mixin.py:109} INFO - [2021-11-17 21:23:31,757] {dag.py:2396} INFO - Sync 1 DAGs
[2021-11-17 21:23:31,785] {logging_mixin.py:109} INFO - [2021-11-17 21:23:31,784] {dag.py:2928} INFO - Setting next_dagrun for example_branch_labels to 2021-11-16 00:00:00+00:00
[2021-11-17 21:23:31,802] {processor.py:171} INFO - Processing /home/airflow/.local/lib/python3.7/site-packages/airflow/example_dags/example_branch_labels.py took 0.110 seconds
[2021-11-17 21:24:02,022] {processor.py:163} INFO - Started process (PID=329) to work on /home/airflow/.local/lib/python3.7/site-packages/airflow/example_dags/example_branch_labels.py
[2021-11-17 21:24:02,025] {processor.py:625} INFO - Processing file /home/airflow/.local/lib/python3.7/site-packages/airflow/example_dags/example_branch_labels.py for tasks to queue
[2021-11-17 21:24:02,028] {logging_mixin.py:109} INFO - [2021-11-17 21:24:02,027] {dagbag.py:500} INFO - Filling up the DagBag from /home/airflow/.local/lib/python3.7/site-packages/airflow/example_dags/example_branch_labels.py
[2021-11-17 21:24:02,086] {processor.py:637} INFO - DAG(s) dict_keys(['example_branch_labels']) retrieved from /home/airflow/.local/lib/python3.7/site-packages/airflow/example_dags/example_branch_labels.py
[2021-11-17 21:24:02,110] {logging_mixin.py:109} INFO - [2021-11-17 21:24:02,110] {dag.py:2396} INFO - Sync 1 DAGs
[2021-11-17 21:24:02,144] {logging_mixin.py:109} INFO - [2021-11-17 21:24:02,143] {dag.py:2928} INFO - Setting next_dagrun for example_branch_labels to 2021-11-16 00:00:00+00:00
[2021-11-17 21:24:02,160] {processor.py:171} INFO - Processing /home/airflow/.local/lib/python3.7/site-packages/airflow/example_dags/example_branch_labels.py took 0.149 seconds
[2021-11-17 21:24:32,496] {processor.py:163} INFO - Started process (PID=383) to work on /home/airflow/.local/lib/python3.7/site-packages/airflow/example_dags/example_branch_labels.py
[2021-11-17 21:24:32,499] {processor.py:625} INFO - Processing file /home/airflow/.local/lib/python3.7/site-packages/airflow/example_dags/example_branch_labels.py for tasks to queue
[2021-11-17 21:24:32,500] {logging_mixin.py:109} INFO - [2021-11-17 21:24:32,500] {dagbag.py:500} INFO - Filling up the DagBag from /home/airflow/.local/lib/python3.7/site-packages/airflow/example_dags/example_branch_labels.py
[2021-11-17 21:24:32,534] {processor.py:637} INFO - DAG(s) dict_keys(['example_branch_labels']) retrieved from /home/airflow/.local/lib/python3.7/site-packages/airflow/example_dags/example_branch_labels.py
[2021-11-17 21:24:32,548] {logging_mixin.py:109} INFO - [2021-11-17 21:24:32,548] {dag.py:2396} INFO - Sync 1 DAGs
[2021-11-17 21:24:32,572] {logging_mixin.py:109} INFO - [2021-11-17 21:24:32,571] {dag.py:2928} INFO - Setting next_dagrun for example_branch_labels to 2021-11-16 00:00:00+00:00
[2021-11-17 21:24:32,584] {processor.py:171} INFO - Processing /home/airflow/.local/lib/python3.7/site-packages/airflow/example_dags/example_branch_labels.py took 0.093 seconds
[2021-11-17 21:25:02,946] {processor.py:163} INFO - Started process (PID=445) to work on /home/airflow/.local/lib/python3.7/site-packages/airflow/example_dags/example_branch_labels.py
[2021-11-17 21:25:02,949] {processor.py:625} INFO - Processing file /home/airflow/.local/lib/python3.7/site-packages/airflow/example_dags/example_branch_labels.py for tasks to queue
[2021-11-17 21:25:02,950] {logging_mixin.py:109} INFO - [2021-11-17 21:25:02,950] {dagbag.py:500} INFO - Filling up the DagBag from /home/airflow/.local/lib/python3.7/site-packages/airflow/example_dags/example_branch_labels.py
[2021-11-17 21:25:02,986] {processor.py:637} INFO - DAG(s) dict_keys(['example_branch_labels']) retrieved from /home/airflow/.local/lib/python3.7/site-packages/airflow/example_dags/example_branch_labels.py
[2021-11-17 21:25:03,001] {logging_mixin.py:109} INFO - [2021-11-17 21:25:03,000] {dag.py:2396} INFO - Sync 1 DAGs
[2021-11-17 21:25:03,022] {logging_mixin.py:109} INFO - [2021-11-17 21:25:03,022] {dag.py:2928} INFO - Setting next_dagrun for example_branch_labels to 2021-11-16 00:00:00+00:00
[2021-11-17 21:25:03,036] {processor.py:171} INFO - Processing /home/airflow/.local/lib/python3.7/site-packages/airflow/example_dags/example_branch_labels.py took 0.097 seconds
