[2021-11-17 21:23:22,879] {processor.py:163} INFO - Started process (PID=227) to work on /home/airflow/.local/lib/python3.7/site-packages/airflow/example_dags/example_complex.py
[2021-11-17 21:23:22,881] {processor.py:625} INFO - Processing file /home/airflow/.local/lib/python3.7/site-packages/airflow/example_dags/example_complex.py for tasks to queue
[2021-11-17 21:23:22,883] {logging_mixin.py:109} INFO - [2021-11-17 21:23:22,883] {dagbag.py:500} INFO - Filling up the DagBag from /home/airflow/.local/lib/python3.7/site-packages/airflow/example_dags/example_complex.py
[2021-11-17 21:23:22,937] {processor.py:637} INFO - DAG(s) dict_keys(['example_complex']) retrieved from /home/airflow/.local/lib/python3.7/site-packages/airflow/example_dags/example_complex.py
[2021-11-17 21:23:24,572] {logging_mixin.py:109} INFO - [2021-11-17 21:23:24,572] {providers_manager.py:156} WARNING - Exception when importing 'airflow.providers.google.leveldb.hooks.leveldb.LevelDBHook' from 'apache-airflow-providers-google' package: No module named 'plyvel'
[2021-11-17 21:23:24,963] {logging_mixin.py:109} INFO - [2021-11-17 21:23:24,963] {providers_manager.py:156} WARNING - Exception when importing 'airflow.providers.google.leveldb.hooks.leveldb.LevelDBHook' from 'apache-airflow-providers-google' package: No module named 'plyvel'
[2021-11-17 21:23:24,985] {logging_mixin.py:109} INFO - [2021-11-17 21:23:24,985] {manager.py:496} INFO - Created Permission View: can edit on DAG:example_complex
[2021-11-17 21:23:24,995] {logging_mixin.py:109} INFO - [2021-11-17 21:23:24,995] {manager.py:496} INFO - Created Permission View: can read on DAG:example_complex
[2021-11-17 21:23:24,996] {logging_mixin.py:109} INFO - [2021-11-17 21:23:24,996] {dag.py:2396} INFO - Sync 1 DAGs
[2021-11-17 21:23:25,006] {logging_mixin.py:109} INFO - [2021-11-17 21:23:25,006] {dag.py:2415} INFO - Creating ORM DAG for example_complex
[2021-11-17 21:23:25,015] {logging_mixin.py:109} INFO - [2021-11-17 21:23:25,014] {dag.py:2928} INFO - Setting next_dagrun for example_complex to None
[2021-11-17 21:23:25,028] {processor.py:171} INFO - Processing /home/airflow/.local/lib/python3.7/site-packages/airflow/example_dags/example_complex.py took 2.153 seconds
[2021-11-17 21:23:55,359] {processor.py:163} INFO - Started process (PID=314) to work on /home/airflow/.local/lib/python3.7/site-packages/airflow/example_dags/example_complex.py
[2021-11-17 21:23:55,362] {processor.py:625} INFO - Processing file /home/airflow/.local/lib/python3.7/site-packages/airflow/example_dags/example_complex.py for tasks to queue
[2021-11-17 21:23:55,366] {logging_mixin.py:109} INFO - [2021-11-17 21:23:55,365] {dagbag.py:500} INFO - Filling up the DagBag from /home/airflow/.local/lib/python3.7/site-packages/airflow/example_dags/example_complex.py
[2021-11-17 21:23:55,467] {processor.py:637} INFO - DAG(s) dict_keys(['example_complex']) retrieved from /home/airflow/.local/lib/python3.7/site-packages/airflow/example_dags/example_complex.py
[2021-11-17 21:23:55,666] {logging_mixin.py:109} INFO - [2021-11-17 21:23:55,665] {dag.py:2396} INFO - Sync 1 DAGs
[2021-11-17 21:23:55,710] {logging_mixin.py:109} INFO - [2021-11-17 21:23:55,709] {dag.py:2928} INFO - Setting next_dagrun for example_complex to None
[2021-11-17 21:23:55,733] {processor.py:171} INFO - Processing /home/airflow/.local/lib/python3.7/site-packages/airflow/example_dags/example_complex.py took 0.380 seconds
[2021-11-17 21:24:26,277] {processor.py:163} INFO - Started process (PID=370) to work on /home/airflow/.local/lib/python3.7/site-packages/airflow/example_dags/example_complex.py
[2021-11-17 21:24:26,285] {processor.py:625} INFO - Processing file /home/airflow/.local/lib/python3.7/site-packages/airflow/example_dags/example_complex.py for tasks to queue
[2021-11-17 21:24:26,288] {logging_mixin.py:109} INFO - [2021-11-17 21:24:26,288] {dagbag.py:500} INFO - Filling up the DagBag from /home/airflow/.local/lib/python3.7/site-packages/airflow/example_dags/example_complex.py
[2021-11-17 21:24:26,356] {processor.py:637} INFO - DAG(s) dict_keys(['example_complex']) retrieved from /home/airflow/.local/lib/python3.7/site-packages/airflow/example_dags/example_complex.py
[2021-11-17 21:24:26,383] {logging_mixin.py:109} INFO - [2021-11-17 21:24:26,383] {dag.py:2396} INFO - Sync 1 DAGs
[2021-11-17 21:24:26,408] {logging_mixin.py:109} INFO - [2021-11-17 21:24:26,408] {dag.py:2928} INFO - Setting next_dagrun for example_complex to None
[2021-11-17 21:24:26,430] {processor.py:171} INFO - Processing /home/airflow/.local/lib/python3.7/site-packages/airflow/example_dags/example_complex.py took 0.158 seconds
[2021-11-17 21:24:56,706] {processor.py:163} INFO - Started process (PID=421) to work on /home/airflow/.local/lib/python3.7/site-packages/airflow/example_dags/example_complex.py
[2021-11-17 21:24:56,713] {processor.py:625} INFO - Processing file /home/airflow/.local/lib/python3.7/site-packages/airflow/example_dags/example_complex.py for tasks to queue
[2021-11-17 21:24:56,715] {logging_mixin.py:109} INFO - [2021-11-17 21:24:56,715] {dagbag.py:500} INFO - Filling up the DagBag from /home/airflow/.local/lib/python3.7/site-packages/airflow/example_dags/example_complex.py
[2021-11-17 21:24:56,760] {processor.py:637} INFO - DAG(s) dict_keys(['example_complex']) retrieved from /home/airflow/.local/lib/python3.7/site-packages/airflow/example_dags/example_complex.py
[2021-11-17 21:24:56,779] {logging_mixin.py:109} INFO - [2021-11-17 21:24:56,779] {dag.py:2396} INFO - Sync 1 DAGs
[2021-11-17 21:24:56,799] {logging_mixin.py:109} INFO - [2021-11-17 21:24:56,799] {dag.py:2928} INFO - Setting next_dagrun for example_complex to None
[2021-11-17 21:24:56,813] {processor.py:171} INFO - Processing /home/airflow/.local/lib/python3.7/site-packages/airflow/example_dags/example_complex.py took 0.111 seconds
