[2021-11-17 21:22:52,292] {processor.py:163} INFO - Started process (PID=72) to work on /home/airflow/.local/lib/python3.7/site-packages/airflow/example_dags/example_subdag_operator.py
[2021-11-17 21:22:52,301] {processor.py:625} INFO - Processing file /home/airflow/.local/lib/python3.7/site-packages/airflow/example_dags/example_subdag_operator.py for tasks to queue
[2021-11-17 21:22:52,305] {logging_mixin.py:109} INFO - [2021-11-17 21:22:52,304] {dagbag.py:500} INFO - Filling up the DagBag from /home/airflow/.local/lib/python3.7/site-packages/airflow/example_dags/example_subdag_operator.py
[2021-11-17 21:22:52,499] {processor.py:637} INFO - DAG(s) dict_keys(['example_subdag_operator.section-1', 'example_subdag_operator.section-2', 'example_subdag_operator']) retrieved from /home/airflow/.local/lib/python3.7/site-packages/airflow/example_dags/example_subdag_operator.py
[2021-11-17 21:22:56,286] {logging_mixin.py:109} INFO - [2021-11-17 21:22:56,286] {providers_manager.py:156} WARNING - Exception when importing 'airflow.providers.google.leveldb.hooks.leveldb.LevelDBHook' from 'apache-airflow-providers-google' package: No module named 'plyvel'
[2021-11-17 21:22:57,023] {logging_mixin.py:109} INFO - [2021-11-17 21:22:57,022] {providers_manager.py:156} WARNING - Exception when importing 'airflow.providers.google.leveldb.hooks.leveldb.LevelDBHook' from 'apache-airflow-providers-google' package: No module named 'plyvel'
[2021-11-17 21:22:57,058] {logging_mixin.py:109} INFO - [2021-11-17 21:22:57,058] {manager.py:496} INFO - Created Permission View: can edit on DAG:example_subdag_operator
[2021-11-17 21:22:57,085] {logging_mixin.py:109} INFO - [2021-11-17 21:22:57,085] {manager.py:496} INFO - Created Permission View: can read on DAG:example_subdag_operator
[2021-11-17 21:22:57,086] {logging_mixin.py:109} INFO - [2021-11-17 21:22:57,086] {dag.py:2396} INFO - Sync 3 DAGs
[2021-11-17 21:22:57,105] {logging_mixin.py:109} INFO - [2021-11-17 21:22:57,104] {dag.py:2415} INFO - Creating ORM DAG for example_subdag_operator.section-2
[2021-11-17 21:22:57,108] {logging_mixin.py:109} INFO - [2021-11-17 21:22:57,108] {dag.py:2415} INFO - Creating ORM DAG for example_subdag_operator.section-1
[2021-11-17 21:22:57,114] {logging_mixin.py:109} INFO - [2021-11-17 21:22:57,114] {dag.py:2415} INFO - Creating ORM DAG for example_subdag_operator
[2021-11-17 21:22:57,131] {logging_mixin.py:109} INFO - [2021-11-17 21:22:57,131] {dag.py:2928} INFO - Setting next_dagrun for example_subdag_operator to 2021-11-15T00:00:00+00:00
[2021-11-17 21:22:57,133] {logging_mixin.py:109} INFO - [2021-11-17 21:22:57,133] {dag.py:2928} INFO - Setting next_dagrun for example_subdag_operator.section-1 to None
[2021-11-17 21:22:57,134] {logging_mixin.py:109} INFO - [2021-11-17 21:22:57,134] {dag.py:2928} INFO - Setting next_dagrun for example_subdag_operator.section-2 to None
[2021-11-17 21:22:57,151] {logging_mixin.py:109} INFO - [2021-11-17 21:22:57,151] {dag.py:2396} INFO - Sync 2 DAGs
[2021-11-17 21:22:57,165] {logging_mixin.py:109} INFO - [2021-11-17 21:22:57,165] {dag.py:2928} INFO - Setting next_dagrun for example_subdag_operator.section-1 to None
[2021-11-17 21:22:57,166] {logging_mixin.py:109} INFO - [2021-11-17 21:22:57,166] {dag.py:2928} INFO - Setting next_dagrun for example_subdag_operator.section-2 to None
[2021-11-17 21:22:57,181] {processor.py:171} INFO - Processing /home/airflow/.local/lib/python3.7/site-packages/airflow/example_dags/example_subdag_operator.py took 4.930 seconds
[2021-11-17 21:23:28,004] {processor.py:163} INFO - Started process (PID=262) to work on /home/airflow/.local/lib/python3.7/site-packages/airflow/example_dags/example_subdag_operator.py
[2021-11-17 21:23:28,007] {processor.py:625} INFO - Processing file /home/airflow/.local/lib/python3.7/site-packages/airflow/example_dags/example_subdag_operator.py for tasks to queue
[2021-11-17 21:23:28,008] {logging_mixin.py:109} INFO - [2021-11-17 21:23:28,008] {dagbag.py:500} INFO - Filling up the DagBag from /home/airflow/.local/lib/python3.7/site-packages/airflow/example_dags/example_subdag_operator.py
[2021-11-17 21:23:28,067] {processor.py:637} INFO - DAG(s) dict_keys(['example_subdag_operator.section-1', 'example_subdag_operator.section-2', 'example_subdag_operator']) retrieved from /home/airflow/.local/lib/python3.7/site-packages/airflow/example_dags/example_subdag_operator.py
[2021-11-17 21:23:28,084] {logging_mixin.py:109} INFO - [2021-11-17 21:23:28,084] {dag.py:2396} INFO - Sync 3 DAGs
[2021-11-17 21:23:28,105] {logging_mixin.py:109} INFO - [2021-11-17 21:23:28,105] {dag.py:2928} INFO - Setting next_dagrun for example_subdag_operator to 2021-11-15T00:00:00+00:00
[2021-11-17 21:23:28,106] {logging_mixin.py:109} INFO - [2021-11-17 21:23:28,106] {dag.py:2928} INFO - Setting next_dagrun for example_subdag_operator.section-1 to None
[2021-11-17 21:23:28,107] {logging_mixin.py:109} INFO - [2021-11-17 21:23:28,107] {dag.py:2928} INFO - Setting next_dagrun for example_subdag_operator.section-2 to None
[2021-11-17 21:23:28,116] {logging_mixin.py:109} INFO - [2021-11-17 21:23:28,116] {dag.py:2396} INFO - Sync 2 DAGs
[2021-11-17 21:23:28,127] {logging_mixin.py:109} INFO - [2021-11-17 21:23:28,127] {dag.py:2928} INFO - Setting next_dagrun for example_subdag_operator.section-1 to None
[2021-11-17 21:23:28,128] {logging_mixin.py:109} INFO - [2021-11-17 21:23:28,128] {dag.py:2928} INFO - Setting next_dagrun for example_subdag_operator.section-2 to None
[2021-11-17 21:23:28,138] {processor.py:171} INFO - Processing /home/airflow/.local/lib/python3.7/site-packages/airflow/example_dags/example_subdag_operator.py took 0.139 seconds
[2021-11-17 21:23:59,393] {processor.py:163} INFO - Started process (PID=325) to work on /home/airflow/.local/lib/python3.7/site-packages/airflow/example_dags/example_subdag_operator.py
[2021-11-17 21:23:59,399] {processor.py:625} INFO - Processing file /home/airflow/.local/lib/python3.7/site-packages/airflow/example_dags/example_subdag_operator.py for tasks to queue
[2021-11-17 21:23:59,407] {logging_mixin.py:109} INFO - [2021-11-17 21:23:59,406] {dagbag.py:500} INFO - Filling up the DagBag from /home/airflow/.local/lib/python3.7/site-packages/airflow/example_dags/example_subdag_operator.py
[2021-11-17 21:23:59,567] {processor.py:637} INFO - DAG(s) dict_keys(['example_subdag_operator.section-1', 'example_subdag_operator.section-2', 'example_subdag_operator']) retrieved from /home/airflow/.local/lib/python3.7/site-packages/airflow/example_dags/example_subdag_operator.py
[2021-11-17 21:23:59,627] {logging_mixin.py:109} INFO - [2021-11-17 21:23:59,627] {dag.py:2396} INFO - Sync 3 DAGs
[2021-11-17 21:23:59,683] {logging_mixin.py:109} INFO - [2021-11-17 21:23:59,683] {dag.py:2928} INFO - Setting next_dagrun for example_subdag_operator to 2021-11-15T00:00:00+00:00
[2021-11-17 21:23:59,685] {logging_mixin.py:109} INFO - [2021-11-17 21:23:59,685] {dag.py:2928} INFO - Setting next_dagrun for example_subdag_operator.section-1 to None
[2021-11-17 21:23:59,689] {logging_mixin.py:109} INFO - [2021-11-17 21:23:59,688] {dag.py:2928} INFO - Setting next_dagrun for example_subdag_operator.section-2 to None
[2021-11-17 21:23:59,714] {logging_mixin.py:109} INFO - [2021-11-17 21:23:59,714] {dag.py:2396} INFO - Sync 2 DAGs
[2021-11-17 21:23:59,747] {logging_mixin.py:109} INFO - [2021-11-17 21:23:59,746] {dag.py:2928} INFO - Setting next_dagrun for example_subdag_operator.section-1 to None
[2021-11-17 21:23:59,749] {logging_mixin.py:109} INFO - [2021-11-17 21:23:59,749] {dag.py:2928} INFO - Setting next_dagrun for example_subdag_operator.section-2 to None
[2021-11-17 21:23:59,770] {processor.py:171} INFO - Processing /home/airflow/.local/lib/python3.7/site-packages/airflow/example_dags/example_subdag_operator.py took 0.389 seconds
[2021-11-17 21:24:30,178] {processor.py:163} INFO - Started process (PID=379) to work on /home/airflow/.local/lib/python3.7/site-packages/airflow/example_dags/example_subdag_operator.py
[2021-11-17 21:24:30,181] {processor.py:625} INFO - Processing file /home/airflow/.local/lib/python3.7/site-packages/airflow/example_dags/example_subdag_operator.py for tasks to queue
[2021-11-17 21:24:30,182] {logging_mixin.py:109} INFO - [2021-11-17 21:24:30,182] {dagbag.py:500} INFO - Filling up the DagBag from /home/airflow/.local/lib/python3.7/site-packages/airflow/example_dags/example_subdag_operator.py
[2021-11-17 21:24:30,233] {processor.py:637} INFO - DAG(s) dict_keys(['example_subdag_operator.section-1', 'example_subdag_operator.section-2', 'example_subdag_operator']) retrieved from /home/airflow/.local/lib/python3.7/site-packages/airflow/example_dags/example_subdag_operator.py
[2021-11-17 21:24:30,250] {logging_mixin.py:109} INFO - [2021-11-17 21:24:30,250] {dag.py:2396} INFO - Sync 3 DAGs
[2021-11-17 21:24:30,272] {logging_mixin.py:109} INFO - [2021-11-17 21:24:30,272] {dag.py:2928} INFO - Setting next_dagrun for example_subdag_operator to 2021-11-15T00:00:00+00:00
[2021-11-17 21:24:30,273] {logging_mixin.py:109} INFO - [2021-11-17 21:24:30,273] {dag.py:2928} INFO - Setting next_dagrun for example_subdag_operator.section-1 to None
[2021-11-17 21:24:30,274] {logging_mixin.py:109} INFO - [2021-11-17 21:24:30,274] {dag.py:2928} INFO - Setting next_dagrun for example_subdag_operator.section-2 to None
[2021-11-17 21:24:30,283] {logging_mixin.py:109} INFO - [2021-11-17 21:24:30,283] {dag.py:2396} INFO - Sync 2 DAGs
[2021-11-17 21:24:30,295] {logging_mixin.py:109} INFO - [2021-11-17 21:24:30,295] {dag.py:2928} INFO - Setting next_dagrun for example_subdag_operator.section-1 to None
[2021-11-17 21:24:30,296] {logging_mixin.py:109} INFO - [2021-11-17 21:24:30,296] {dag.py:2928} INFO - Setting next_dagrun for example_subdag_operator.section-2 to None
[2021-11-17 21:24:30,311] {processor.py:171} INFO - Processing /home/airflow/.local/lib/python3.7/site-packages/airflow/example_dags/example_subdag_operator.py took 0.137 seconds
[2021-11-17 21:25:00,345] {processor.py:163} INFO - Started process (PID=430) to work on /home/airflow/.local/lib/python3.7/site-packages/airflow/example_dags/example_subdag_operator.py
[2021-11-17 21:25:00,347] {processor.py:625} INFO - Processing file /home/airflow/.local/lib/python3.7/site-packages/airflow/example_dags/example_subdag_operator.py for tasks to queue
[2021-11-17 21:25:00,349] {logging_mixin.py:109} INFO - [2021-11-17 21:25:00,349] {dagbag.py:500} INFO - Filling up the DagBag from /home/airflow/.local/lib/python3.7/site-packages/airflow/example_dags/example_subdag_operator.py
[2021-11-17 21:25:00,391] {processor.py:637} INFO - DAG(s) dict_keys(['example_subdag_operator.section-1', 'example_subdag_operator.section-2', 'example_subdag_operator']) retrieved from /home/airflow/.local/lib/python3.7/site-packages/airflow/example_dags/example_subdag_operator.py
[2021-11-17 21:25:00,404] {logging_mixin.py:109} INFO - [2021-11-17 21:25:00,404] {dag.py:2396} INFO - Sync 3 DAGs
[2021-11-17 21:25:00,423] {logging_mixin.py:109} INFO - [2021-11-17 21:25:00,423] {dag.py:2928} INFO - Setting next_dagrun for example_subdag_operator to 2021-11-15T00:00:00+00:00
[2021-11-17 21:25:00,424] {logging_mixin.py:109} INFO - [2021-11-17 21:25:00,424] {dag.py:2928} INFO - Setting next_dagrun for example_subdag_operator.section-1 to None
[2021-11-17 21:25:00,425] {logging_mixin.py:109} INFO - [2021-11-17 21:25:00,425] {dag.py:2928} INFO - Setting next_dagrun for example_subdag_operator.section-2 to None
[2021-11-17 21:25:00,432] {logging_mixin.py:109} INFO - [2021-11-17 21:25:00,432] {dag.py:2396} INFO - Sync 2 DAGs
[2021-11-17 21:25:00,441] {logging_mixin.py:109} INFO - [2021-11-17 21:25:00,441] {dag.py:2928} INFO - Setting next_dagrun for example_subdag_operator.section-1 to None
[2021-11-17 21:25:00,443] {logging_mixin.py:109} INFO - [2021-11-17 21:25:00,442] {dag.py:2928} INFO - Setting next_dagrun for example_subdag_operator.section-2 to None
[2021-11-17 21:25:00,457] {processor.py:171} INFO - Processing /home/airflow/.local/lib/python3.7/site-packages/airflow/example_dags/example_subdag_operator.py took 0.116 seconds
