[2021-11-17 21:22:37,613] {processor.py:163} INFO - Started process (PID=39) to work on /home/airflow/.local/lib/python3.7/site-packages/airflow/example_dags/tutorial_taskflow_api_etl_virtualenv.py
[2021-11-17 21:22:37,617] {processor.py:625} INFO - Processing file /home/airflow/.local/lib/python3.7/site-packages/airflow/example_dags/tutorial_taskflow_api_etl_virtualenv.py for tasks to queue
[2021-11-17 21:22:37,619] {logging_mixin.py:109} INFO - [2021-11-17 21:22:37,619] {dagbag.py:500} INFO - Filling up the DagBag from /home/airflow/.local/lib/python3.7/site-packages/airflow/example_dags/tutorial_taskflow_api_etl_virtualenv.py
[2021-11-17 21:22:37,765] {processor.py:637} INFO - DAG(s) dict_keys(['tutorial_taskflow_api_etl_virtualenv']) retrieved from /home/airflow/.local/lib/python3.7/site-packages/airflow/example_dags/tutorial_taskflow_api_etl_virtualenv.py
[2021-11-17 21:22:43,813] {logging_mixin.py:109} INFO - [2021-11-17 21:22:43,813] {providers_manager.py:156} WARNING - Exception when importing 'airflow.providers.google.leveldb.hooks.leveldb.LevelDBHook' from 'apache-airflow-providers-google' package: No module named 'plyvel'
[2021-11-17 21:22:45,921] {logging_mixin.py:109} INFO - [2021-11-17 21:22:45,921] {providers_manager.py:156} WARNING - Exception when importing 'airflow.providers.google.leveldb.hooks.leveldb.LevelDBHook' from 'apache-airflow-providers-google' package: No module named 'plyvel'
[2021-11-17 21:22:45,973] {logging_mixin.py:109} INFO - [2021-11-17 21:22:45,972] {manager.py:496} INFO - Created Permission View: can edit on DAG:tutorial_taskflow_api_etl_virtualenv
[2021-11-17 21:22:45,996] {logging_mixin.py:109} INFO - [2021-11-17 21:22:45,996] {manager.py:496} INFO - Created Permission View: can read on DAG:tutorial_taskflow_api_etl_virtualenv
[2021-11-17 21:22:45,999] {logging_mixin.py:109} INFO - [2021-11-17 21:22:45,998] {dag.py:2396} INFO - Sync 1 DAGs
[2021-11-17 21:22:46,015] {logging_mixin.py:109} INFO - [2021-11-17 21:22:46,015] {dag.py:2415} INFO - Creating ORM DAG for tutorial_taskflow_api_etl_virtualenv
[2021-11-17 21:22:46,034] {logging_mixin.py:109} INFO - [2021-11-17 21:22:46,033] {dag.py:2928} INFO - Setting next_dagrun for tutorial_taskflow_api_etl_virtualenv to None
[2021-11-17 21:22:46,066] {processor.py:171} INFO - Processing /home/airflow/.local/lib/python3.7/site-packages/airflow/example_dags/tutorial_taskflow_api_etl_virtualenv.py took 8.458 seconds
[2021-11-17 21:23:27,174] {processor.py:163} INFO - Started process (PID=253) to work on /home/airflow/.local/lib/python3.7/site-packages/airflow/example_dags/tutorial_taskflow_api_etl_virtualenv.py
[2021-11-17 21:23:27,177] {processor.py:625} INFO - Processing file /home/airflow/.local/lib/python3.7/site-packages/airflow/example_dags/tutorial_taskflow_api_etl_virtualenv.py for tasks to queue
[2021-11-17 21:23:27,178] {logging_mixin.py:109} INFO - [2021-11-17 21:23:27,178] {dagbag.py:500} INFO - Filling up the DagBag from /home/airflow/.local/lib/python3.7/site-packages/airflow/example_dags/tutorial_taskflow_api_etl_virtualenv.py
[2021-11-17 21:23:27,233] {processor.py:637} INFO - DAG(s) dict_keys(['tutorial_taskflow_api_etl_virtualenv']) retrieved from /home/airflow/.local/lib/python3.7/site-packages/airflow/example_dags/tutorial_taskflow_api_etl_virtualenv.py
[2021-11-17 21:23:27,552] {logging_mixin.py:109} INFO - [2021-11-17 21:23:27,551] {dag.py:2396} INFO - Sync 1 DAGs
[2021-11-17 21:23:27,566] {logging_mixin.py:109} INFO - [2021-11-17 21:23:27,566] {dag.py:2928} INFO - Setting next_dagrun for tutorial_taskflow_api_etl_virtualenv to None
[2021-11-17 21:23:27,586] {processor.py:171} INFO - Processing /home/airflow/.local/lib/python3.7/site-packages/airflow/example_dags/tutorial_taskflow_api_etl_virtualenv.py took 0.415 seconds
[2021-11-17 21:23:58,569] {processor.py:163} INFO - Started process (PID=321) to work on /home/airflow/.local/lib/python3.7/site-packages/airflow/example_dags/tutorial_taskflow_api_etl_virtualenv.py
[2021-11-17 21:23:58,575] {processor.py:625} INFO - Processing file /home/airflow/.local/lib/python3.7/site-packages/airflow/example_dags/tutorial_taskflow_api_etl_virtualenv.py for tasks to queue
[2021-11-17 21:23:58,583] {logging_mixin.py:109} INFO - [2021-11-17 21:23:58,582] {dagbag.py:500} INFO - Filling up the DagBag from /home/airflow/.local/lib/python3.7/site-packages/airflow/example_dags/tutorial_taskflow_api_etl_virtualenv.py
[2021-11-17 21:23:58,685] {processor.py:637} INFO - DAG(s) dict_keys(['tutorial_taskflow_api_etl_virtualenv']) retrieved from /home/airflow/.local/lib/python3.7/site-packages/airflow/example_dags/tutorial_taskflow_api_etl_virtualenv.py
[2021-11-17 21:23:59,626] {logging_mixin.py:109} INFO - [2021-11-17 21:23:59,626] {dag.py:2396} INFO - Sync 1 DAGs
[2021-11-17 21:23:59,660] {logging_mixin.py:109} INFO - [2021-11-17 21:23:59,660] {dag.py:2928} INFO - Setting next_dagrun for tutorial_taskflow_api_etl_virtualenv to None
[2021-11-17 21:23:59,689] {processor.py:171} INFO - Processing /home/airflow/.local/lib/python3.7/site-packages/airflow/example_dags/tutorial_taskflow_api_etl_virtualenv.py took 1.131 seconds
[2021-11-17 21:24:29,827] {processor.py:163} INFO - Started process (PID=376) to work on /home/airflow/.local/lib/python3.7/site-packages/airflow/example_dags/tutorial_taskflow_api_etl_virtualenv.py
[2021-11-17 21:24:29,831] {processor.py:625} INFO - Processing file /home/airflow/.local/lib/python3.7/site-packages/airflow/example_dags/tutorial_taskflow_api_etl_virtualenv.py for tasks to queue
[2021-11-17 21:24:29,833] {logging_mixin.py:109} INFO - [2021-11-17 21:24:29,833] {dagbag.py:500} INFO - Filling up the DagBag from /home/airflow/.local/lib/python3.7/site-packages/airflow/example_dags/tutorial_taskflow_api_etl_virtualenv.py
[2021-11-17 21:24:29,889] {processor.py:637} INFO - DAG(s) dict_keys(['tutorial_taskflow_api_etl_virtualenv']) retrieved from /home/airflow/.local/lib/python3.7/site-packages/airflow/example_dags/tutorial_taskflow_api_etl_virtualenv.py
[2021-11-17 21:24:30,294] {logging_mixin.py:109} INFO - [2021-11-17 21:24:30,294] {dag.py:2396} INFO - Sync 1 DAGs
[2021-11-17 21:24:30,315] {logging_mixin.py:109} INFO - [2021-11-17 21:24:30,315] {dag.py:2928} INFO - Setting next_dagrun for tutorial_taskflow_api_etl_virtualenv to None
[2021-11-17 21:24:30,331] {processor.py:171} INFO - Processing /home/airflow/.local/lib/python3.7/site-packages/airflow/example_dags/tutorial_taskflow_api_etl_virtualenv.py took 0.509 seconds
[2021-11-17 21:25:00,484] {processor.py:163} INFO - Started process (PID=431) to work on /home/airflow/.local/lib/python3.7/site-packages/airflow/example_dags/tutorial_taskflow_api_etl_virtualenv.py
[2021-11-17 21:25:00,487] {processor.py:625} INFO - Processing file /home/airflow/.local/lib/python3.7/site-packages/airflow/example_dags/tutorial_taskflow_api_etl_virtualenv.py for tasks to queue
[2021-11-17 21:25:00,488] {logging_mixin.py:109} INFO - [2021-11-17 21:25:00,488] {dagbag.py:500} INFO - Filling up the DagBag from /home/airflow/.local/lib/python3.7/site-packages/airflow/example_dags/tutorial_taskflow_api_etl_virtualenv.py
[2021-11-17 21:25:00,530] {processor.py:637} INFO - DAG(s) dict_keys(['tutorial_taskflow_api_etl_virtualenv']) retrieved from /home/airflow/.local/lib/python3.7/site-packages/airflow/example_dags/tutorial_taskflow_api_etl_virtualenv.py
[2021-11-17 21:25:00,857] {logging_mixin.py:109} INFO - [2021-11-17 21:25:00,857] {dag.py:2396} INFO - Sync 1 DAGs
[2021-11-17 21:25:00,873] {logging_mixin.py:109} INFO - [2021-11-17 21:25:00,873] {dag.py:2928} INFO - Setting next_dagrun for tutorial_taskflow_api_etl_virtualenv to None
[2021-11-17 21:25:00,889] {processor.py:171} INFO - Processing /home/airflow/.local/lib/python3.7/site-packages/airflow/example_dags/tutorial_taskflow_api_etl_virtualenv.py took 0.411 seconds
