[2021-11-17 21:23:09,592] {processor.py:163} INFO - Started process (PID=142) to work on /home/airflow/.local/lib/python3.7/site-packages/airflow/example_dags/tutorial_taskflow_api_etl.py
[2021-11-17 21:23:09,596] {processor.py:625} INFO - Processing file /home/airflow/.local/lib/python3.7/site-packages/airflow/example_dags/tutorial_taskflow_api_etl.py for tasks to queue
[2021-11-17 21:23:09,601] {logging_mixin.py:109} INFO - [2021-11-17 21:23:09,601] {dagbag.py:500} INFO - Filling up the DagBag from /home/airflow/.local/lib/python3.7/site-packages/airflow/example_dags/tutorial_taskflow_api_etl.py
[2021-11-17 21:23:09,662] {processor.py:637} INFO - DAG(s) dict_keys(['tutorial_taskflow_api_etl']) retrieved from /home/airflow/.local/lib/python3.7/site-packages/airflow/example_dags/tutorial_taskflow_api_etl.py
[2021-11-17 21:23:11,107] {logging_mixin.py:109} INFO - [2021-11-17 21:23:11,107] {providers_manager.py:156} WARNING - Exception when importing 'airflow.providers.google.leveldb.hooks.leveldb.LevelDBHook' from 'apache-airflow-providers-google' package: No module named 'plyvel'
[2021-11-17 21:23:11,492] {logging_mixin.py:109} INFO - [2021-11-17 21:23:11,492] {providers_manager.py:156} WARNING - Exception when importing 'airflow.providers.google.leveldb.hooks.leveldb.LevelDBHook' from 'apache-airflow-providers-google' package: No module named 'plyvel'
[2021-11-17 21:23:11,517] {logging_mixin.py:109} INFO - [2021-11-17 21:23:11,517] {manager.py:496} INFO - Created Permission View: can edit on DAG:tutorial_taskflow_api_etl
[2021-11-17 21:23:11,531] {logging_mixin.py:109} INFO - [2021-11-17 21:23:11,531] {manager.py:496} INFO - Created Permission View: can read on DAG:tutorial_taskflow_api_etl
[2021-11-17 21:23:11,532] {logging_mixin.py:109} INFO - [2021-11-17 21:23:11,532] {dag.py:2396} INFO - Sync 1 DAGs
[2021-11-17 21:23:11,544] {logging_mixin.py:109} INFO - [2021-11-17 21:23:11,544] {dag.py:2415} INFO - Creating ORM DAG for tutorial_taskflow_api_etl
[2021-11-17 21:23:11,556] {logging_mixin.py:109} INFO - [2021-11-17 21:23:11,556] {dag.py:2928} INFO - Setting next_dagrun for tutorial_taskflow_api_etl to None
[2021-11-17 21:23:11,571] {processor.py:171} INFO - Processing /home/airflow/.local/lib/python3.7/site-packages/airflow/example_dags/tutorial_taskflow_api_etl.py took 1.984 seconds
[2021-11-17 21:23:42,295] {processor.py:163} INFO - Started process (PID=292) to work on /home/airflow/.local/lib/python3.7/site-packages/airflow/example_dags/tutorial_taskflow_api_etl.py
[2021-11-17 21:23:42,300] {processor.py:625} INFO - Processing file /home/airflow/.local/lib/python3.7/site-packages/airflow/example_dags/tutorial_taskflow_api_etl.py for tasks to queue
[2021-11-17 21:23:42,303] {logging_mixin.py:109} INFO - [2021-11-17 21:23:42,303] {dagbag.py:500} INFO - Filling up the DagBag from /home/airflow/.local/lib/python3.7/site-packages/airflow/example_dags/tutorial_taskflow_api_etl.py
[2021-11-17 21:23:42,392] {processor.py:637} INFO - DAG(s) dict_keys(['tutorial_taskflow_api_etl']) retrieved from /home/airflow/.local/lib/python3.7/site-packages/airflow/example_dags/tutorial_taskflow_api_etl.py
[2021-11-17 21:23:42,868] {logging_mixin.py:109} INFO - [2021-11-17 21:23:42,868] {dag.py:2396} INFO - Sync 1 DAGs
[2021-11-17 21:23:42,890] {logging_mixin.py:109} INFO - [2021-11-17 21:23:42,890] {dag.py:2928} INFO - Setting next_dagrun for tutorial_taskflow_api_etl to None
[2021-11-17 21:23:42,914] {processor.py:171} INFO - Processing /home/airflow/.local/lib/python3.7/site-packages/airflow/example_dags/tutorial_taskflow_api_etl.py took 0.626 seconds
[2021-11-17 21:24:13,434] {processor.py:163} INFO - Started process (PID=346) to work on /home/airflow/.local/lib/python3.7/site-packages/airflow/example_dags/tutorial_taskflow_api_etl.py
[2021-11-17 21:24:13,437] {processor.py:625} INFO - Processing file /home/airflow/.local/lib/python3.7/site-packages/airflow/example_dags/tutorial_taskflow_api_etl.py for tasks to queue
[2021-11-17 21:24:13,440] {logging_mixin.py:109} INFO - [2021-11-17 21:24:13,440] {dagbag.py:500} INFO - Filling up the DagBag from /home/airflow/.local/lib/python3.7/site-packages/airflow/example_dags/tutorial_taskflow_api_etl.py
[2021-11-17 21:24:13,501] {processor.py:637} INFO - DAG(s) dict_keys(['tutorial_taskflow_api_etl']) retrieved from /home/airflow/.local/lib/python3.7/site-packages/airflow/example_dags/tutorial_taskflow_api_etl.py
[2021-11-17 21:24:13,919] {logging_mixin.py:109} INFO - [2021-11-17 21:24:13,919] {dag.py:2396} INFO - Sync 1 DAGs
[2021-11-17 21:24:13,937] {logging_mixin.py:109} INFO - [2021-11-17 21:24:13,937] {dag.py:2928} INFO - Setting next_dagrun for tutorial_taskflow_api_etl to None
[2021-11-17 21:24:13,955] {processor.py:171} INFO - Processing /home/airflow/.local/lib/python3.7/site-packages/airflow/example_dags/tutorial_taskflow_api_etl.py took 0.528 seconds
[2021-11-17 21:24:44,090] {processor.py:163} INFO - Started process (PID=401) to work on /home/airflow/.local/lib/python3.7/site-packages/airflow/example_dags/tutorial_taskflow_api_etl.py
[2021-11-17 21:24:44,092] {processor.py:625} INFO - Processing file /home/airflow/.local/lib/python3.7/site-packages/airflow/example_dags/tutorial_taskflow_api_etl.py for tasks to queue
[2021-11-17 21:24:44,094] {logging_mixin.py:109} INFO - [2021-11-17 21:24:44,094] {dagbag.py:500} INFO - Filling up the DagBag from /home/airflow/.local/lib/python3.7/site-packages/airflow/example_dags/tutorial_taskflow_api_etl.py
[2021-11-17 21:24:44,144] {processor.py:637} INFO - DAG(s) dict_keys(['tutorial_taskflow_api_etl']) retrieved from /home/airflow/.local/lib/python3.7/site-packages/airflow/example_dags/tutorial_taskflow_api_etl.py
[2021-11-17 21:24:44,516] {logging_mixin.py:109} INFO - [2021-11-17 21:24:44,516] {dag.py:2396} INFO - Sync 1 DAGs
[2021-11-17 21:24:44,535] {logging_mixin.py:109} INFO - [2021-11-17 21:24:44,535] {dag.py:2928} INFO - Setting next_dagrun for tutorial_taskflow_api_etl to None
[2021-11-17 21:24:44,556] {processor.py:171} INFO - Processing /home/airflow/.local/lib/python3.7/site-packages/airflow/example_dags/tutorial_taskflow_api_etl.py took 0.470 seconds
