[2021-11-17 21:23:16,071] {processor.py:163} INFO - Started process (PID=178) to work on /home/airflow/.local/lib/python3.7/site-packages/airflow/example_dags/tutorial.py
[2021-11-17 21:23:16,074] {processor.py:625} INFO - Processing file /home/airflow/.local/lib/python3.7/site-packages/airflow/example_dags/tutorial.py for tasks to queue
[2021-11-17 21:23:16,075] {logging_mixin.py:109} INFO - [2021-11-17 21:23:16,075] {dagbag.py:500} INFO - Filling up the DagBag from /home/airflow/.local/lib/python3.7/site-packages/airflow/example_dags/tutorial.py
[2021-11-17 21:23:16,115] {processor.py:637} INFO - DAG(s) dict_keys(['tutorial']) retrieved from /home/airflow/.local/lib/python3.7/site-packages/airflow/example_dags/tutorial.py
[2021-11-17 21:23:17,665] {logging_mixin.py:109} INFO - [2021-11-17 21:23:17,665] {providers_manager.py:156} WARNING - Exception when importing 'airflow.providers.google.leveldb.hooks.leveldb.LevelDBHook' from 'apache-airflow-providers-google' package: No module named 'plyvel'
[2021-11-17 21:23:18,063] {logging_mixin.py:109} INFO - [2021-11-17 21:23:18,063] {providers_manager.py:156} WARNING - Exception when importing 'airflow.providers.google.leveldb.hooks.leveldb.LevelDBHook' from 'apache-airflow-providers-google' package: No module named 'plyvel'
[2021-11-17 21:23:18,099] {logging_mixin.py:109} INFO - [2021-11-17 21:23:18,099] {manager.py:496} INFO - Created Permission View: can edit on DAG:tutorial
[2021-11-17 21:23:18,111] {logging_mixin.py:109} INFO - [2021-11-17 21:23:18,111] {manager.py:496} INFO - Created Permission View: can read on DAG:tutorial
[2021-11-17 21:23:18,113] {logging_mixin.py:109} INFO - [2021-11-17 21:23:18,112] {dag.py:2396} INFO - Sync 1 DAGs
[2021-11-17 21:23:18,121] {logging_mixin.py:109} INFO - [2021-11-17 21:23:18,121] {dag.py:2415} INFO - Creating ORM DAG for tutorial
[2021-11-17 21:23:18,133] {logging_mixin.py:109} INFO - [2021-11-17 21:23:18,133] {dag.py:2928} INFO - Setting next_dagrun for tutorial to 2021-11-16T21:23:18.132890+00:00
[2021-11-17 21:23:18,147] {processor.py:171} INFO - Processing /home/airflow/.local/lib/python3.7/site-packages/airflow/example_dags/tutorial.py took 2.081 seconds
[2021-11-17 21:23:48,903] {processor.py:163} INFO - Started process (PID=298) to work on /home/airflow/.local/lib/python3.7/site-packages/airflow/example_dags/tutorial.py
[2021-11-17 21:23:48,906] {processor.py:625} INFO - Processing file /home/airflow/.local/lib/python3.7/site-packages/airflow/example_dags/tutorial.py for tasks to queue
[2021-11-17 21:23:48,908] {logging_mixin.py:109} INFO - [2021-11-17 21:23:48,908] {dagbag.py:500} INFO - Filling up the DagBag from /home/airflow/.local/lib/python3.7/site-packages/airflow/example_dags/tutorial.py
[2021-11-17 21:23:48,967] {processor.py:637} INFO - DAG(s) dict_keys(['tutorial']) retrieved from /home/airflow/.local/lib/python3.7/site-packages/airflow/example_dags/tutorial.py
[2021-11-17 21:23:48,985] {logging_mixin.py:109} INFO - [2021-11-17 21:23:48,985] {dag.py:2396} INFO - Sync 1 DAGs
[2021-11-17 21:23:49,044] {logging_mixin.py:109} INFO - [2021-11-17 21:23:49,044] {dag.py:2928} INFO - Setting next_dagrun for tutorial to 2021-11-16T21:23:49.043164+00:00
[2021-11-17 21:23:49,073] {processor.py:171} INFO - Processing /home/airflow/.local/lib/python3.7/site-packages/airflow/example_dags/tutorial.py took 0.177 seconds
[2021-11-17 21:24:19,500] {processor.py:163} INFO - Started process (PID=352) to work on /home/airflow/.local/lib/python3.7/site-packages/airflow/example_dags/tutorial.py
[2021-11-17 21:24:19,504] {processor.py:625} INFO - Processing file /home/airflow/.local/lib/python3.7/site-packages/airflow/example_dags/tutorial.py for tasks to queue
[2021-11-17 21:24:19,506] {logging_mixin.py:109} INFO - [2021-11-17 21:24:19,506] {dagbag.py:500} INFO - Filling up the DagBag from /home/airflow/.local/lib/python3.7/site-packages/airflow/example_dags/tutorial.py
[2021-11-17 21:24:19,552] {processor.py:637} INFO - DAG(s) dict_keys(['tutorial']) retrieved from /home/airflow/.local/lib/python3.7/site-packages/airflow/example_dags/tutorial.py
[2021-11-17 21:24:19,572] {logging_mixin.py:109} INFO - [2021-11-17 21:24:19,572] {dag.py:2396} INFO - Sync 1 DAGs
[2021-11-17 21:24:19,596] {logging_mixin.py:109} INFO - [2021-11-17 21:24:19,596] {dag.py:2928} INFO - Setting next_dagrun for tutorial to 2021-11-16T21:24:19.595860+00:00
[2021-11-17 21:24:19,616] {processor.py:171} INFO - Processing /home/airflow/.local/lib/python3.7/site-packages/airflow/example_dags/tutorial.py took 0.124 seconds
[2021-11-17 21:24:49,873] {processor.py:163} INFO - Started process (PID=415) to work on /home/airflow/.local/lib/python3.7/site-packages/airflow/example_dags/tutorial.py
[2021-11-17 21:24:49,881] {processor.py:625} INFO - Processing file /home/airflow/.local/lib/python3.7/site-packages/airflow/example_dags/tutorial.py for tasks to queue
[2021-11-17 21:24:49,882] {logging_mixin.py:109} INFO - [2021-11-17 21:24:49,882] {dagbag.py:500} INFO - Filling up the DagBag from /home/airflow/.local/lib/python3.7/site-packages/airflow/example_dags/tutorial.py
[2021-11-17 21:24:49,924] {processor.py:637} INFO - DAG(s) dict_keys(['tutorial']) retrieved from /home/airflow/.local/lib/python3.7/site-packages/airflow/example_dags/tutorial.py
[2021-11-17 21:24:49,938] {logging_mixin.py:109} INFO - [2021-11-17 21:24:49,938] {dag.py:2396} INFO - Sync 1 DAGs
[2021-11-17 21:24:49,962] {logging_mixin.py:109} INFO - [2021-11-17 21:24:49,962] {dag.py:2928} INFO - Setting next_dagrun for tutorial to 2021-11-16T21:24:49.961762+00:00
[2021-11-17 21:24:49,978] {processor.py:171} INFO - Processing /home/airflow/.local/lib/python3.7/site-packages/airflow/example_dags/tutorial.py took 0.109 seconds
