[2021-11-17 21:23:14,008] {processor.py:163} INFO - Started process (PID=166) to work on /home/airflow/.local/lib/python3.7/site-packages/airflow/example_dags/tutorial_etl_dag.py
[2021-11-17 21:23:14,010] {processor.py:625} INFO - Processing file /home/airflow/.local/lib/python3.7/site-packages/airflow/example_dags/tutorial_etl_dag.py for tasks to queue
[2021-11-17 21:23:14,012] {logging_mixin.py:109} INFO - [2021-11-17 21:23:14,012] {dagbag.py:500} INFO - Filling up the DagBag from /home/airflow/.local/lib/python3.7/site-packages/airflow/example_dags/tutorial_etl_dag.py
[2021-11-17 21:23:14,055] {processor.py:637} INFO - DAG(s) dict_keys(['tutorial_etl_dag']) retrieved from /home/airflow/.local/lib/python3.7/site-packages/airflow/example_dags/tutorial_etl_dag.py
[2021-11-17 21:23:15,545] {logging_mixin.py:109} INFO - [2021-11-17 21:23:15,544] {providers_manager.py:156} WARNING - Exception when importing 'airflow.providers.google.leveldb.hooks.leveldb.LevelDBHook' from 'apache-airflow-providers-google' package: No module named 'plyvel'
[2021-11-17 21:23:15,924] {logging_mixin.py:109} INFO - [2021-11-17 21:23:15,924] {providers_manager.py:156} WARNING - Exception when importing 'airflow.providers.google.leveldb.hooks.leveldb.LevelDBHook' from 'apache-airflow-providers-google' package: No module named 'plyvel'
[2021-11-17 21:23:15,953] {logging_mixin.py:109} INFO - [2021-11-17 21:23:15,953] {manager.py:496} INFO - Created Permission View: can edit on DAG:tutorial_etl_dag
[2021-11-17 21:23:15,966] {logging_mixin.py:109} INFO - [2021-11-17 21:23:15,966] {manager.py:496} INFO - Created Permission View: can read on DAG:tutorial_etl_dag
[2021-11-17 21:23:15,967] {logging_mixin.py:109} INFO - [2021-11-17 21:23:15,967] {dag.py:2396} INFO - Sync 1 DAGs
[2021-11-17 21:23:15,977] {logging_mixin.py:109} INFO - [2021-11-17 21:23:15,977] {dag.py:2415} INFO - Creating ORM DAG for tutorial_etl_dag
[2021-11-17 21:23:15,994] {logging_mixin.py:109} INFO - [2021-11-17 21:23:15,994] {dag.py:2928} INFO - Setting next_dagrun for tutorial_etl_dag to None
[2021-11-17 21:23:16,011] {processor.py:171} INFO - Processing /home/airflow/.local/lib/python3.7/site-packages/airflow/example_dags/tutorial_etl_dag.py took 2.009 seconds
[2021-11-17 21:23:46,725] {processor.py:163} INFO - Started process (PID=296) to work on /home/airflow/.local/lib/python3.7/site-packages/airflow/example_dags/tutorial_etl_dag.py
[2021-11-17 21:23:46,728] {processor.py:625} INFO - Processing file /home/airflow/.local/lib/python3.7/site-packages/airflow/example_dags/tutorial_etl_dag.py for tasks to queue
[2021-11-17 21:23:46,730] {logging_mixin.py:109} INFO - [2021-11-17 21:23:46,730] {dagbag.py:500} INFO - Filling up the DagBag from /home/airflow/.local/lib/python3.7/site-packages/airflow/example_dags/tutorial_etl_dag.py
[2021-11-17 21:23:46,768] {processor.py:637} INFO - DAG(s) dict_keys(['tutorial_etl_dag']) retrieved from /home/airflow/.local/lib/python3.7/site-packages/airflow/example_dags/tutorial_etl_dag.py
[2021-11-17 21:23:46,784] {logging_mixin.py:109} INFO - [2021-11-17 21:23:46,783] {dag.py:2396} INFO - Sync 1 DAGs
[2021-11-17 21:23:46,817] {logging_mixin.py:109} INFO - [2021-11-17 21:23:46,816] {dag.py:2928} INFO - Setting next_dagrun for tutorial_etl_dag to None
[2021-11-17 21:23:46,858] {processor.py:171} INFO - Processing /home/airflow/.local/lib/python3.7/site-packages/airflow/example_dags/tutorial_etl_dag.py took 0.138 seconds
[2021-11-17 21:24:17,335] {processor.py:163} INFO - Started process (PID=350) to work on /home/airflow/.local/lib/python3.7/site-packages/airflow/example_dags/tutorial_etl_dag.py
[2021-11-17 21:24:17,345] {processor.py:625} INFO - Processing file /home/airflow/.local/lib/python3.7/site-packages/airflow/example_dags/tutorial_etl_dag.py for tasks to queue
[2021-11-17 21:24:17,347] {logging_mixin.py:109} INFO - [2021-11-17 21:24:17,346] {dagbag.py:500} INFO - Filling up the DagBag from /home/airflow/.local/lib/python3.7/site-packages/airflow/example_dags/tutorial_etl_dag.py
[2021-11-17 21:24:17,392] {processor.py:637} INFO - DAG(s) dict_keys(['tutorial_etl_dag']) retrieved from /home/airflow/.local/lib/python3.7/site-packages/airflow/example_dags/tutorial_etl_dag.py
[2021-11-17 21:24:17,411] {logging_mixin.py:109} INFO - [2021-11-17 21:24:17,411] {dag.py:2396} INFO - Sync 1 DAGs
[2021-11-17 21:24:17,435] {logging_mixin.py:109} INFO - [2021-11-17 21:24:17,435] {dag.py:2928} INFO - Setting next_dagrun for tutorial_etl_dag to None
[2021-11-17 21:24:17,457] {processor.py:171} INFO - Processing /home/airflow/.local/lib/python3.7/site-packages/airflow/example_dags/tutorial_etl_dag.py took 0.128 seconds
[2021-11-17 21:24:47,747] {processor.py:163} INFO - Started process (PID=404) to work on /home/airflow/.local/lib/python3.7/site-packages/airflow/example_dags/tutorial_etl_dag.py
[2021-11-17 21:24:47,751] {processor.py:625} INFO - Processing file /home/airflow/.local/lib/python3.7/site-packages/airflow/example_dags/tutorial_etl_dag.py for tasks to queue
[2021-11-17 21:24:47,752] {logging_mixin.py:109} INFO - [2021-11-17 21:24:47,752] {dagbag.py:500} INFO - Filling up the DagBag from /home/airflow/.local/lib/python3.7/site-packages/airflow/example_dags/tutorial_etl_dag.py
[2021-11-17 21:24:47,790] {processor.py:637} INFO - DAG(s) dict_keys(['tutorial_etl_dag']) retrieved from /home/airflow/.local/lib/python3.7/site-packages/airflow/example_dags/tutorial_etl_dag.py
[2021-11-17 21:24:47,803] {logging_mixin.py:109} INFO - [2021-11-17 21:24:47,802] {dag.py:2396} INFO - Sync 1 DAGs
[2021-11-17 21:24:47,824] {logging_mixin.py:109} INFO - [2021-11-17 21:24:47,824] {dag.py:2928} INFO - Setting next_dagrun for tutorial_etl_dag to None
[2021-11-17 21:24:47,840] {processor.py:171} INFO - Processing /home/airflow/.local/lib/python3.7/site-packages/airflow/example_dags/tutorial_etl_dag.py took 0.099 seconds
