[2021-11-22 13:37:00,034] {taskinstance.py:1035} INFO - Dependencies all met for <TaskInstance: ELT-python-snowflake.dedup_to_extractcast manual__2021-11-22T13:35:26.676252+00:00 [queued]>
[2021-11-22 13:37:00,049] {taskinstance.py:1035} INFO - Dependencies all met for <TaskInstance: ELT-python-snowflake.dedup_to_extractcast manual__2021-11-22T13:35:26.676252+00:00 [queued]>
[2021-11-22 13:37:00,050] {taskinstance.py:1241} INFO - 
--------------------------------------------------------------------------------
[2021-11-22 13:37:00,051] {taskinstance.py:1242} INFO - Starting attempt 1 of 1
[2021-11-22 13:37:00,052] {taskinstance.py:1243} INFO - 
--------------------------------------------------------------------------------
[2021-11-22 13:37:00,068] {taskinstance.py:1262} INFO - Executing <Task(BashOperator): dedup_to_extractcast> on 2021-11-22 13:35:26.676252+00:00
[2021-11-22 13:37:00,076] {standard_task_runner.py:52} INFO - Started process 5696 to run task
[2021-11-22 13:37:00,081] {standard_task_runner.py:76} INFO - Running: ['***', 'tasks', 'run', 'ELT-python-snowflake', 'dedup_to_extractcast', 'manual__2021-11-22T13:35:26.676252+00:00', '--job-id', '89', '--raw', '--subdir', 'DAGS_FOLDER/ELT-python-snowflake.py', '--cfg-path', '/tmp/tmpazs5l56r', '--error-file', '/tmp/tmp1n6aunan']
[2021-11-22 13:37:00,082] {standard_task_runner.py:77} INFO - Job 89: Subtask dedup_to_extractcast
[2021-11-22 13:37:00,138] {logging_mixin.py:109} INFO - Running <TaskInstance: ELT-python-snowflake.dedup_to_extractcast manual__2021-11-22T13:35:26.676252+00:00 [running]> on host bd3f5d3b0fb3
[2021-11-22 13:37:00,216] {taskinstance.py:1429} INFO - Exporting the following env vars:
AIRFLOW_CTX_DAG_OWNER=***
AIRFLOW_CTX_DAG_ID=ELT-python-snowflake
AIRFLOW_CTX_TASK_ID=dedup_to_extractcast
AIRFLOW_CTX_EXECUTION_DATE=2021-11-22T13:35:26.676252+00:00
AIRFLOW_CTX_DAG_RUN_ID=manual__2021-11-22T13:35:26.676252+00:00
[2021-11-22 13:37:00,218] {subprocess.py:62} INFO - Tmp dir root location: 
 /tmp
[2021-11-22 13:37:00,220] {subprocess.py:74} INFO - Running command: ['bash', '-c', 'python3 /opt/***/elt/user-orders/transform-snowflake/3_dedup_to_extract/dedup_to_extract.py']
[2021-11-22 13:37:00,237] {subprocess.py:85} INFO - Output:
[2021-11-22 13:37:03,682] {subprocess.py:89} INFO - WARNING: An illegal reflective access operation has occurred
[2021-11-22 13:37:03,683] {subprocess.py:89} INFO - WARNING: Illegal reflective access by org.apache.spark.unsafe.Platform (file:/home/***/.local/lib/python3.7/site-packages/pyspark/jars/spark-unsafe_2.12-3.1.1.jar) to constructor java.nio.DirectByteBuffer(long,int)
[2021-11-22 13:37:03,685] {subprocess.py:89} INFO - WARNING: Please consider reporting this to the maintainers of org.apache.spark.unsafe.Platform
[2021-11-22 13:37:03,686] {subprocess.py:89} INFO - WARNING: Use --illegal-access=warn to enable warnings of further illegal reflective access operations
[2021-11-22 13:37:03,687] {subprocess.py:89} INFO - WARNING: All illegal access operations will be denied in a future release
[2021-11-22 13:37:04,266] {subprocess.py:89} INFO - 21/11/22 13:37:04 WARN NativeCodeLoader: Unable to load native-hadoop library for your platform... using builtin-java classes where applicable
[2021-11-22 13:37:05,023] {subprocess.py:89} INFO - Using Spark's default log4j profile: org/apache/spark/log4j-defaults.properties
[2021-11-22 13:37:05,025] {subprocess.py:89} INFO - Setting default log level to "WARN".
[2021-11-22 13:37:05,026] {subprocess.py:89} INFO - To adjust logging level use sc.setLogLevel(newLevel). For SparkR, use setLogLevel(newLevel).
[2021-11-22 13:37:12,932] {subprocess.py:89} INFO - /home/***/.local/lib/python3.7/site-packages/snowflake/connector/options.py:97: UserWarning: You have an incompatible version of 'pyarrow' installed (4.0.1), please install a version that adheres to: 'pyarrow<5.1.0,>=5.0.0; extra == "pandas"'
[2021-11-22 13:37:12,933] {subprocess.py:89} INFO -   _expected_pyarrow_version,
[2021-11-22 13:37:13,845] {subprocess.py:93} INFO - Command exited with return code 0
[2021-11-22 13:37:13,888] {taskinstance.py:1280} INFO - Marking task as SUCCESS. dag_id=ELT-python-snowflake, task_id=dedup_to_extractcast, execution_date=20211122T133526, start_date=20211122T133700, end_date=20211122T133713
[2021-11-22 13:37:13,928] {local_task_job.py:154} INFO - Task exited with return code 0
[2021-11-22 13:37:13,984] {local_task_job.py:264} INFO - 1 downstream tasks scheduled from follow-on schedule check
