[2021-11-22 13:25:11,930] {taskinstance.py:1035} INFO - Dependencies all met for <TaskInstance: ELT-python-snowflake.streamcopy_to_deltacurrent manual__2021-11-22T13:24:45.114952+00:00 [queued]>
[2021-11-22 13:25:11,942] {taskinstance.py:1035} INFO - Dependencies all met for <TaskInstance: ELT-python-snowflake.streamcopy_to_deltacurrent manual__2021-11-22T13:24:45.114952+00:00 [queued]>
[2021-11-22 13:25:11,943] {taskinstance.py:1241} INFO - 
--------------------------------------------------------------------------------
[2021-11-22 13:25:11,943] {taskinstance.py:1242} INFO - Starting attempt 1 of 1
[2021-11-22 13:25:11,944] {taskinstance.py:1243} INFO - 
--------------------------------------------------------------------------------
[2021-11-22 13:25:11,958] {taskinstance.py:1262} INFO - Executing <Task(BashOperator): streamcopy_to_deltacurrent> on 2021-11-22 13:24:45.114952+00:00
[2021-11-22 13:25:11,964] {standard_task_runner.py:52} INFO - Started process 2904 to run task
[2021-11-22 13:25:11,969] {standard_task_runner.py:76} INFO - Running: ['***', 'tasks', 'run', 'ELT-python-snowflake', 'streamcopy_to_deltacurrent', 'manual__2021-11-22T13:24:45.114952+00:00', '--job-id', '73', '--raw', '--subdir', 'DAGS_FOLDER/ELT-python-snowflake.py', '--cfg-path', '/tmp/tmpa6llid6m', '--error-file', '/tmp/tmpjenrak37']
[2021-11-22 13:25:11,970] {standard_task_runner.py:77} INFO - Job 73: Subtask streamcopy_to_deltacurrent
[2021-11-22 13:25:12,022] {logging_mixin.py:109} INFO - Running <TaskInstance: ELT-python-snowflake.streamcopy_to_deltacurrent manual__2021-11-22T13:24:45.114952+00:00 [running]> on host bd3f5d3b0fb3
[2021-11-22 13:25:12,085] {taskinstance.py:1429} INFO - Exporting the following env vars:
AIRFLOW_CTX_DAG_OWNER=***
AIRFLOW_CTX_DAG_ID=ELT-python-snowflake
AIRFLOW_CTX_TASK_ID=streamcopy_to_deltacurrent
AIRFLOW_CTX_EXECUTION_DATE=2021-11-22T13:24:45.114952+00:00
AIRFLOW_CTX_DAG_RUN_ID=manual__2021-11-22T13:24:45.114952+00:00
[2021-11-22 13:25:12,087] {subprocess.py:62} INFO - Tmp dir root location: 
 /tmp
[2021-11-22 13:25:12,089] {subprocess.py:74} INFO - Running command: ['bash', '-c', 'sleep 30 && python3 /opt/***/elt/user-orders/transform-snowflake/1_stream_to_current/stream_to_current.py']
[2021-11-22 13:25:12,104] {subprocess.py:85} INFO - Output:
[2021-11-22 13:25:45,946] {subprocess.py:89} INFO - WARNING: An illegal reflective access operation has occurred
[2021-11-22 13:25:45,947] {subprocess.py:89} INFO - WARNING: Illegal reflective access by org.apache.spark.unsafe.Platform (file:/home/***/.local/lib/python3.7/site-packages/pyspark/jars/spark-unsafe_2.12-3.1.1.jar) to constructor java.nio.DirectByteBuffer(long,int)
[2021-11-22 13:25:45,948] {subprocess.py:89} INFO - WARNING: Please consider reporting this to the maintainers of org.apache.spark.unsafe.Platform
[2021-11-22 13:25:45,949] {subprocess.py:89} INFO - WARNING: Use --illegal-access=warn to enable warnings of further illegal reflective access operations
[2021-11-22 13:25:45,951] {subprocess.py:89} INFO - WARNING: All illegal access operations will be denied in a future release
[2021-11-22 13:25:46,762] {subprocess.py:89} INFO - 21/11/22 13:25:46 WARN NativeCodeLoader: Unable to load native-hadoop library for your platform... using builtin-java classes where applicable
[2021-11-22 13:25:47,252] {subprocess.py:89} INFO - Using Spark's default log4j profile: org/apache/spark/log4j-defaults.properties
[2021-11-22 13:25:47,253] {subprocess.py:89} INFO - Setting default log level to "WARN".
[2021-11-22 13:25:47,254] {subprocess.py:89} INFO - To adjust logging level use sc.setLogLevel(newLevel). For SparkR, use setLogLevel(newLevel).
[2021-11-22 13:25:54,778] {subprocess.py:89} INFO - /home/***/.local/lib/python3.7/site-packages/snowflake/connector/options.py:97: UserWarning: You have an incompatible version of 'pyarrow' installed (4.0.1), please install a version that adheres to: 'pyarrow<5.1.0,>=5.0.0; extra == "pandas"'
[2021-11-22 13:25:54,780] {subprocess.py:89} INFO -   _expected_pyarrow_version,
[2021-11-22 13:25:55,554] {subprocess.py:93} INFO - Command exited with return code 0
[2021-11-22 13:25:55,601] {taskinstance.py:1280} INFO - Marking task as SUCCESS. dag_id=ELT-python-snowflake, task_id=streamcopy_to_deltacurrent, execution_date=20211122T132445, start_date=20211122T132511, end_date=20211122T132555
[2021-11-22 13:25:55,652] {local_task_job.py:154} INFO - Task exited with return code 0
[2021-11-22 13:25:55,706] {local_task_job.py:264} INFO - 1 downstream tasks scheduled from follow-on schedule check
