[2021-11-22 13:35:27,547] {taskinstance.py:1035} INFO - Dependencies all met for <TaskInstance: ELT-python-snowflake.Extract manual__2021-11-22T13:35:26.676252+00:00 [queued]>
[2021-11-22 13:35:27,573] {taskinstance.py:1035} INFO - Dependencies all met for <TaskInstance: ELT-python-snowflake.Extract manual__2021-11-22T13:35:26.676252+00:00 [queued]>
[2021-11-22 13:35:27,577] {taskinstance.py:1241} INFO - 
--------------------------------------------------------------------------------
[2021-11-22 13:35:27,579] {taskinstance.py:1242} INFO - Starting attempt 1 of 1
[2021-11-22 13:35:27,581] {taskinstance.py:1243} INFO - 
--------------------------------------------------------------------------------
[2021-11-22 13:35:27,607] {taskinstance.py:1262} INFO - Executing <Task(BashOperator): Extract> on 2021-11-22 13:35:26.676252+00:00
[2021-11-22 13:35:27,617] {standard_task_runner.py:52} INFO - Started process 5168 to run task
[2021-11-22 13:35:27,626] {standard_task_runner.py:76} INFO - Running: ['***', 'tasks', 'run', 'ELT-python-snowflake', 'Extract', 'manual__2021-11-22T13:35:26.676252+00:00', '--job-id', '86', '--raw', '--subdir', 'DAGS_FOLDER/ELT-python-snowflake.py', '--cfg-path', '/tmp/tmpb6ke2n7e', '--error-file', '/tmp/tmpn6uh765q']
[2021-11-22 13:35:27,629] {standard_task_runner.py:77} INFO - Job 86: Subtask Extract
[2021-11-22 13:35:27,732] {logging_mixin.py:109} INFO - Running <TaskInstance: ELT-python-snowflake.Extract manual__2021-11-22T13:35:26.676252+00:00 [running]> on host bd3f5d3b0fb3
[2021-11-22 13:35:27,813] {taskinstance.py:1429} INFO - Exporting the following env vars:
AIRFLOW_CTX_DAG_OWNER=***
AIRFLOW_CTX_DAG_ID=ELT-python-snowflake
AIRFLOW_CTX_TASK_ID=Extract
AIRFLOW_CTX_EXECUTION_DATE=2021-11-22T13:35:26.676252+00:00
AIRFLOW_CTX_DAG_RUN_ID=manual__2021-11-22T13:35:26.676252+00:00
[2021-11-22 13:35:27,816] {subprocess.py:62} INFO - Tmp dir root location: 
 /tmp
[2021-11-22 13:35:27,818] {subprocess.py:74} INFO - Running command: ['bash', '-c', 'python3 /opt/***/elt/user-orders/extract-load/mysql_to_s3.py']
[2021-11-22 13:35:27,836] {subprocess.py:85} INFO - Output:
[2021-11-22 13:35:31,058] {subprocess.py:89} INFO - WARNING: An illegal reflective access operation has occurred
[2021-11-22 13:35:31,059] {subprocess.py:89} INFO - WARNING: Illegal reflective access by org.apache.spark.unsafe.Platform (file:/home/***/.local/lib/python3.7/site-packages/pyspark/jars/spark-unsafe_2.12-3.1.1.jar) to constructor java.nio.DirectByteBuffer(long,int)
[2021-11-22 13:35:31,061] {subprocess.py:89} INFO - WARNING: Please consider reporting this to the maintainers of org.apache.spark.unsafe.Platform
[2021-11-22 13:35:31,062] {subprocess.py:89} INFO - WARNING: Use --illegal-access=warn to enable warnings of further illegal reflective access operations
[2021-11-22 13:35:31,063] {subprocess.py:89} INFO - WARNING: All illegal access operations will be denied in a future release
[2021-11-22 13:35:31,695] {subprocess.py:89} INFO - 21/11/22 13:35:31 WARN NativeCodeLoader: Unable to load native-hadoop library for your platform... using builtin-java classes where applicable
[2021-11-22 13:35:32,069] {subprocess.py:89} INFO - Using Spark's default log4j profile: org/apache/spark/log4j-defaults.properties
[2021-11-22 13:35:32,071] {subprocess.py:89} INFO - Setting default log level to "WARN".
[2021-11-22 13:35:32,072] {subprocess.py:89} INFO - To adjust logging level use sc.setLogLevel(newLevel). For SparkR, use setLogLevel(newLevel).
[2021-11-22 13:35:52,456] {subprocess.py:89} INFO - [Stage 0:>                                                          (0 + 1) / 1]                                                                                /home/***/.local/lib/python3.7/site-packages/snowflake/connector/options.py:97: UserWarning: You have an incompatible version of 'pyarrow' installed (4.0.1), please install a version that adheres to: 'pyarrow<5.1.0,>=5.0.0; extra == "pandas"'
[2021-11-22 13:35:52,468] {subprocess.py:89} INFO -   _expected_pyarrow_version,
[2021-11-22 13:35:52,471] {subprocess.py:89} INFO - uploading entity: USERS
[2021-11-22 13:35:52,479] {subprocess.py:89} INFO - select * from users where created_at > '2021-11-22 13:17:15' or updated_at > '2021-11-22 13:17:15'
[2021-11-22 13:35:52,483] {subprocess.py:89} INFO - new:
[2021-11-22 13:35:52,487] {subprocess.py:89} INFO - +---+----+---+-------+----------+----------+
[2021-11-22 13:35:52,493] {subprocess.py:89} INFO - | id|name|age|address|created_at|updated_at|
[2021-11-22 13:35:52,495] {subprocess.py:89} INFO - +---+----+---+-------+----------+----------+
[2021-11-22 13:35:52,497] {subprocess.py:89} INFO - +---+----+---+-------+----------+----------+
[2021-11-22 13:35:52,499] {subprocess.py:89} INFO - 
[2021-11-22 13:35:52,501] {subprocess.py:89} INFO - uploading entity: ORDERS
[2021-11-22 13:35:52,502] {subprocess.py:89} INFO - select * from orders where created_at > '1000-04-13 00:00:00' or updated_at > '1000-04-13 00:00:00'
[2021-11-22 13:35:52,504] {subprocess.py:89} INFO - new:
[2021-11-22 13:35:52,506] {subprocess.py:89} INFO - +---+-------+-----+----------+-------------------+----------+
[2021-11-22 13:35:52,508] {subprocess.py:89} INFO - | id|id_user|spent|    status|         created_at|updated_at|
[2021-11-22 13:35:52,510] {subprocess.py:89} INFO - +---+-------+-----+----------+-------------------+----------+
[2021-11-22 13:35:52,512] {subprocess.py:89} INFO - |  1|      1|   34|processing|2021-11-22 13:06:45|      null|
[2021-11-22 13:35:52,513] {subprocess.py:89} INFO - |  2|      2| 2300|processing|2021-11-22 13:06:45|      null|
[2021-11-22 13:35:52,515] {subprocess.py:89} INFO - |  3|      3| 1100|processing|2021-11-22 13:06:45|      null|
[2021-11-22 13:35:52,516] {subprocess.py:89} INFO - +---+-------+-----+----------+-------------------+----------+
[2021-11-22 13:35:52,518] {subprocess.py:89} INFO - 
[2021-11-22 13:35:52,520] {subprocess.py:89} INFO - uploading to s3: orders/2021-11-22/13_35_51.parquet
[2021-11-22 13:35:53,992] {subprocess.py:93} INFO - Command exited with return code 0
[2021-11-22 13:35:54,074] {taskinstance.py:1280} INFO - Marking task as SUCCESS. dag_id=ELT-python-snowflake, task_id=Extract, execution_date=20211122T133526, start_date=20211122T133527, end_date=20211122T133554
[2021-11-22 13:35:54,135] {local_task_job.py:154} INFO - Task exited with return code 0
[2021-11-22 13:35:54,237] {local_task_job.py:264} INFO - 1 downstream tasks scheduled from follow-on schedule check
