[2021-11-22 13:19:21,741] {taskinstance.py:1035} INFO - Dependencies all met for <TaskInstance: ELT-python-snowflake.streamcopy_to_deltacurrent manual__2021-11-22T13:18:56.595247+00:00 [queued]>
[2021-11-22 13:19:21,760] {taskinstance.py:1035} INFO - Dependencies all met for <TaskInstance: ELT-python-snowflake.streamcopy_to_deltacurrent manual__2021-11-22T13:18:56.595247+00:00 [queued]>
[2021-11-22 13:19:21,762] {taskinstance.py:1241} INFO - 
--------------------------------------------------------------------------------
[2021-11-22 13:19:21,763] {taskinstance.py:1242} INFO - Starting attempt 1 of 1
[2021-11-22 13:19:21,765] {taskinstance.py:1243} INFO - 
--------------------------------------------------------------------------------
[2021-11-22 13:19:21,782] {taskinstance.py:1262} INFO - Executing <Task(BashOperator): streamcopy_to_deltacurrent> on 2021-11-22 13:18:56.595247+00:00
[2021-11-22 13:19:21,790] {standard_task_runner.py:52} INFO - Started process 1843 to run task
[2021-11-22 13:19:21,796] {standard_task_runner.py:76} INFO - Running: ['***', 'tasks', 'run', 'ELT-python-snowflake', 'streamcopy_to_deltacurrent', 'manual__2021-11-22T13:18:56.595247+00:00', '--job-id', '67', '--raw', '--subdir', 'DAGS_FOLDER/ELT-python-snowflake.py', '--cfg-path', '/tmp/tmp4cytc1x5', '--error-file', '/tmp/tmp5d4y59g4']
[2021-11-22 13:19:21,798] {standard_task_runner.py:77} INFO - Job 67: Subtask streamcopy_to_deltacurrent
[2021-11-22 13:19:21,864] {logging_mixin.py:109} INFO - Running <TaskInstance: ELT-python-snowflake.streamcopy_to_deltacurrent manual__2021-11-22T13:18:56.595247+00:00 [running]> on host bd3f5d3b0fb3
[2021-11-22 13:19:21,938] {taskinstance.py:1429} INFO - Exporting the following env vars:
AIRFLOW_CTX_DAG_OWNER=***
AIRFLOW_CTX_DAG_ID=ELT-python-snowflake
AIRFLOW_CTX_TASK_ID=streamcopy_to_deltacurrent
AIRFLOW_CTX_EXECUTION_DATE=2021-11-22T13:18:56.595247+00:00
AIRFLOW_CTX_DAG_RUN_ID=manual__2021-11-22T13:18:56.595247+00:00
[2021-11-22 13:19:21,940] {subprocess.py:62} INFO - Tmp dir root location: 
 /tmp
[2021-11-22 13:19:21,941] {subprocess.py:74} INFO - Running command: ['bash', '-c', 'python3 /opt/***/elt/user-orders/transform-snowflake/1_stream_to_current/stream_to_current.py']
[2021-11-22 13:19:21,958] {subprocess.py:85} INFO - Output:
[2021-11-22 13:19:25,649] {subprocess.py:89} INFO - WARNING: An illegal reflective access operation has occurred
[2021-11-22 13:19:25,650] {subprocess.py:89} INFO - WARNING: Illegal reflective access by org.apache.spark.unsafe.Platform (file:/home/***/.local/lib/python3.7/site-packages/pyspark/jars/spark-unsafe_2.12-3.1.1.jar) to constructor java.nio.DirectByteBuffer(long,int)
[2021-11-22 13:19:25,652] {subprocess.py:89} INFO - WARNING: Please consider reporting this to the maintainers of org.apache.spark.unsafe.Platform
[2021-11-22 13:19:25,653] {subprocess.py:89} INFO - WARNING: Use --illegal-access=warn to enable warnings of further illegal reflective access operations
[2021-11-22 13:19:25,654] {subprocess.py:89} INFO - WARNING: All illegal access operations will be denied in a future release
[2021-11-22 13:19:26,327] {subprocess.py:89} INFO - 21/11/22 13:19:26 WARN NativeCodeLoader: Unable to load native-hadoop library for your platform... using builtin-java classes where applicable
[2021-11-22 13:19:26,705] {subprocess.py:89} INFO - Using Spark's default log4j profile: org/apache/spark/log4j-defaults.properties
[2021-11-22 13:19:26,706] {subprocess.py:89} INFO - Setting default log level to "WARN".
[2021-11-22 13:19:26,706] {subprocess.py:89} INFO - To adjust logging level use sc.setLogLevel(newLevel). For SparkR, use setLogLevel(newLevel).
[2021-11-22 13:19:35,137] {subprocess.py:89} INFO - /home/***/.local/lib/python3.7/site-packages/snowflake/connector/options.py:97: UserWarning: You have an incompatible version of 'pyarrow' installed (4.0.1), please install a version that adheres to: 'pyarrow<5.1.0,>=5.0.0; extra == "pandas"'
[2021-11-22 13:19:35,139] {subprocess.py:89} INFO -   _expected_pyarrow_version,
[2021-11-22 13:19:36,015] {subprocess.py:93} INFO - Command exited with return code 0
[2021-11-22 13:19:36,056] {taskinstance.py:1280} INFO - Marking task as SUCCESS. dag_id=ELT-python-snowflake, task_id=streamcopy_to_deltacurrent, execution_date=20211122T131856, start_date=20211122T131921, end_date=20211122T131936
[2021-11-22 13:19:36,110] {local_task_job.py:154} INFO - Task exited with return code 0
[2021-11-22 13:19:36,167] {local_task_job.py:264} INFO - 1 downstream tasks scheduled from follow-on schedule check
