[2021-11-22 13:32:37,080] {taskinstance.py:1035} INFO - Dependencies all met for <TaskInstance: ELT-python-snowflake.deltacurrent_to_dedup manual__2021-11-22T13:31:22.135157+00:00 [queued]>
[2021-11-22 13:32:37,112] {taskinstance.py:1035} INFO - Dependencies all met for <TaskInstance: ELT-python-snowflake.deltacurrent_to_dedup manual__2021-11-22T13:31:22.135157+00:00 [queued]>
[2021-11-22 13:32:37,113] {taskinstance.py:1241} INFO - 
--------------------------------------------------------------------------------
[2021-11-22 13:32:37,116] {taskinstance.py:1242} INFO - Starting attempt 1 of 1
[2021-11-22 13:32:37,120] {taskinstance.py:1243} INFO - 
--------------------------------------------------------------------------------
[2021-11-22 13:32:37,141] {taskinstance.py:1262} INFO - Executing <Task(BashOperator): deltacurrent_to_dedup> on 2021-11-22 13:31:22.135157+00:00
[2021-11-22 13:32:37,147] {standard_task_runner.py:52} INFO - Started process 4361 to run task
[2021-11-22 13:32:37,154] {standard_task_runner.py:76} INFO - Running: ['***', 'tasks', 'run', 'ELT-python-snowflake', 'deltacurrent_to_dedup', 'manual__2021-11-22T13:31:22.135157+00:00', '--job-id', '81', '--raw', '--subdir', 'DAGS_FOLDER/ELT-python-snowflake.py', '--cfg-path', '/tmp/tmpil6mnuq4', '--error-file', '/tmp/tmpcvl93q5_']
[2021-11-22 13:32:37,156] {standard_task_runner.py:77} INFO - Job 81: Subtask deltacurrent_to_dedup
[2021-11-22 13:32:37,234] {logging_mixin.py:109} INFO - Running <TaskInstance: ELT-python-snowflake.deltacurrent_to_dedup manual__2021-11-22T13:31:22.135157+00:00 [running]> on host bd3f5d3b0fb3
[2021-11-22 13:32:37,306] {taskinstance.py:1429} INFO - Exporting the following env vars:
AIRFLOW_CTX_DAG_OWNER=***
AIRFLOW_CTX_DAG_ID=ELT-python-snowflake
AIRFLOW_CTX_TASK_ID=deltacurrent_to_dedup
AIRFLOW_CTX_EXECUTION_DATE=2021-11-22T13:31:22.135157+00:00
AIRFLOW_CTX_DAG_RUN_ID=manual__2021-11-22T13:31:22.135157+00:00
[2021-11-22 13:32:37,309] {subprocess.py:62} INFO - Tmp dir root location: 
 /tmp
[2021-11-22 13:32:37,311] {subprocess.py:74} INFO - Running command: ['bash', '-c', 'python3 /opt/***/elt/user-orders/transform-snowflake/2_current_to_dedup/current_to_dedup.py']
[2021-11-22 13:32:37,331] {subprocess.py:85} INFO - Output:
[2021-11-22 13:32:41,702] {subprocess.py:89} INFO - WARNING: An illegal reflective access operation has occurred
[2021-11-22 13:32:41,704] {subprocess.py:89} INFO - WARNING: Illegal reflective access by org.apache.spark.unsafe.Platform (file:/home/***/.local/lib/python3.7/site-packages/pyspark/jars/spark-unsafe_2.12-3.1.1.jar) to constructor java.nio.DirectByteBuffer(long,int)
[2021-11-22 13:32:41,706] {subprocess.py:89} INFO - WARNING: Please consider reporting this to the maintainers of org.apache.spark.unsafe.Platform
[2021-11-22 13:32:41,707] {subprocess.py:89} INFO - WARNING: Use --illegal-access=warn to enable warnings of further illegal reflective access operations
[2021-11-22 13:32:41,708] {subprocess.py:89} INFO - WARNING: All illegal access operations will be denied in a future release
[2021-11-22 13:32:42,495] {subprocess.py:89} INFO - 21/11/22 13:32:42 WARN NativeCodeLoader: Unable to load native-hadoop library for your platform... using builtin-java classes where applicable
[2021-11-22 13:32:42,888] {subprocess.py:89} INFO - Using Spark's default log4j profile: org/apache/spark/log4j-defaults.properties
[2021-11-22 13:32:42,890] {subprocess.py:89} INFO - Setting default log level to "WARN".
[2021-11-22 13:32:42,891] {subprocess.py:89} INFO - To adjust logging level use sc.setLogLevel(newLevel). For SparkR, use setLogLevel(newLevel).
[2021-11-22 13:32:52,234] {subprocess.py:89} INFO - /home/***/.local/lib/python3.7/site-packages/snowflake/connector/options.py:97: UserWarning: You have an incompatible version of 'pyarrow' installed (4.0.1), please install a version that adheres to: 'pyarrow<5.1.0,>=5.0.0; extra == "pandas"'
[2021-11-22 13:32:52,235] {subprocess.py:89} INFO -   _expected_pyarrow_version,
[2021-11-22 13:32:53,170] {subprocess.py:93} INFO - Command exited with return code 0
[2021-11-22 13:32:53,218] {taskinstance.py:1280} INFO - Marking task as SUCCESS. dag_id=ELT-python-snowflake, task_id=deltacurrent_to_dedup, execution_date=20211122T133122, start_date=20211122T133237, end_date=20211122T133253
[2021-11-22 13:32:53,278] {local_task_job.py:154} INFO - Task exited with return code 0
[2021-11-22 13:32:53,336] {local_task_job.py:264} INFO - 1 downstream tasks scheduled from follow-on schedule check
